<?xml version="1.0" encoding="UTF-8"?>
<!-- Generated by org.testng.reporters.JUnitReportReporter -->
<testsuite hostname="PREM-OPTIMUS" failures="0" tests="3" name="suitesParallel.NewTest" time="0.048" errors="0" timestamp="04 Oct 2022 03:44:19 GMT" skipped="0">
  <testcase classname="suitesParallel.NewTest" name="test3" time="0.016"/>
  <testcase classname="suitesParallel.NewTest" name="test1" time="0.016"/>
  <testcase classname="suitesParallel.NewTest" name="test2" time="0.016"/>
</testsuite> <!-- suitesParallel.NewTest -->
