<?xml version="1.0" encoding="UTF-8"?>
<!-- Generated by org.testng.reporters.JUnitReportReporter -->
<testsuite hostname="PREM-OPTIMUS" failures="0" tests="2" name="pack.AMA" time="15.932" errors="0" timestamp="03 Oct 2022 18:39:53 GMT" skipped="0">
  <testcase classname="pack.AMA" name="f" time="9.421"/>
  <testcase classname="pack.AMA" name="f" time="6.511"/>
</testsuite> <!-- pack.AMA -->
