<?xml version="1.0" encoding="UTF-8"?>
<!-- Generated by org.testng.reporters.JUnitReportReporter -->
<testsuite hostname="PREM-OPTIMUS" failures="0" tests="1" name="suiteB.TestB2" time="3.004" errors="0" timestamp="04 Oct 2022 03:17:01 GMT" skipped="0">
  <testcase classname="suiteB.TestB2" name="f" time="3.004"/>
</testsuite> <!-- suiteB.TestB2 -->
