<?xml version="1.0" encoding="UTF-8"?>
<!-- Generated by org.testng.reporters.JUnitReportReporter -->
<testsuite hostname="PREM-OPTIMUS" failures="0" tests="2" name="pack.NewTest1" time="0.009" errors="0" timestamp="03 Oct 2022 18:28:02 GMT" skipped="0">
  <testcase classname="pack.NewTest1" name="f" time="0.008"/>
  <testcase classname="pack.NewTest1" name="f" time="0.001"/>
</testsuite> <!-- pack.NewTest1 -->
