<?xml version="1.0" encoding="UTF-8"?>
<!-- Generated by org.testng.reporters.JUnitReportReporter -->
<testsuite hostname="PREM-OPTIMUS" failures="0" tests="2" name="pack.NewTest" time="0.002" errors="0" timestamp="03 Oct 2022 18:28:02 GMT" skipped="0">
  <testcase classname="pack.NewTest" name="f" time="0.002"/>
  <testcase classname="pack.NewTest" name="f" time="0.000"/>
</testsuite> <!-- pack.NewTest -->
