<?xml version="1.0" encoding="UTF-8"?>
<!-- Generated by org.testng.reporters.JUnitReportReporter -->
<testsuite hostname="PREM-OPTIMUS" failures="0" tests="4" name="pack.TestDependency" time="0.015" errors="0" timestamp="04 Oct 2022 07:22:10 GMT" skipped="2">
  <testcase classname="pack.TestDependency" name="orange" time="0.011"/>
  <testcase classname="pack.TestDependency" name="white" time="0.002"/>
  <testcase classname="pack.TestDependency" name="blue" time="0.002">
    <skipped/>
  </testcase> <!-- blue -->
  <testcase classname="pack.TestDependency" name="green" time="0.000">
    <skipped/>
  </testcase> <!-- green -->
</testsuite> <!-- pack.TestDependency -->
