<?xml version="1.0" encoding="UTF-8"?>
<!-- Generated by org.testng.reporters.JUnitReportReporter -->
<testsuite hostname="PREM-OPTIMUS" failures="0" tests="6" name="pack.NewTest2" time="0.006" errors="0" timestamp="03 Oct 2022 18:28:02 GMT" skipped="2">
  <testcase classname="pack.NewTest2" name="f" time="0.002"/>
  <testcase classname="pack.NewTest2" name="f" time="0.001"/>
  <testcase classname="pack.NewTest2" name="a" time="0.002"/>
  <testcase classname="pack.NewTest2" name="a" time="0.001"/>
  <testcase classname="pack.NewTest2" name="z">
    <skipped/>
  </testcase> <!-- z -->
  <testcase classname="pack.NewTest2" name="z">
    <skipped/>
  </testcase> <!-- z -->
</testsuite> <!-- pack.NewTest2 -->
