<?xml version="1.0" encoding="UTF-8"?>
<!-- Generated by org.testng.reporters.JUnitReportReporter -->
<testsuite hostname="PREM-OPTIMUS" failures="0" tests="6" name="actions.MouseOperations" time="3.525" errors="0" timestamp="09 Oct 2022 18:08:21 GMT" skipped="5">
  <testcase classname="actions.MouseOperations" name="autosuggestion" time="3.525"/>
  <testcase classname="actions.MouseOperations" name="slider">
    <skipped/>
  </testcase> <!-- slider -->
  <testcase classname="actions.MouseOperations" name="rightClick">
    <skipped/>
  </testcase> <!-- rightClick -->
  <testcase classname="actions.MouseOperations" name="Droppable">
    <skipped/>
  </testcase> <!-- Droppable -->
  <testcase classname="actions.MouseOperations" name="moveToElement">
    <skipped/>
  </testcase> <!-- moveToElement -->
  <testcase classname="actions.MouseOperations" name="Scroll">
    <skipped/>
  </testcase> <!-- Scroll -->
</testsuite> <!-- actions.MouseOperations -->
