<?xml version="1.0" encoding="UTF-8"?>
<!-- Generated by org.testng.reporters.JUnitReportReporter -->
<testsuite hostname="PREM-OPTIMUS" failures="0" tests="1" name="org.tests.CloseBrowser" time="10.878" errors="0" timestamp="02 Oct 2022 04:39:17 GMT" skipped="0">
  <testcase classname="org.tests.CloseBrowser" name="closeBrowserTest" time="10.878"/>
</testsuite> <!-- org.tests.CloseBrowser -->
