<?xml version="1.0" encoding="UTF-8"?>
<!-- Generated by org.testng.reporters.JUnitReportReporter -->
<testsuite hostname="PREM-OPTIMUS" failures="0" tests="1" name="org.tests.NavigationConcepts" time="11.018" errors="0" timestamp="02 Oct 2022 04:10:00 GMT" skipped="0">
  <testcase classname="org.tests.NavigationConcepts" name="navigateTest" time="11.018"/>
</testsuite> <!-- org.tests.NavigationConcepts -->
