<?xml version="1.0" encoding="UTF-8"?>
<!-- Generated by org.testng.reporters.JUnitReportReporter -->
<testsuite hostname="PREM-OPTIMUS" failures="0" tests="1" name="org.tests.FooterList" time="13.752" errors="0" timestamp="03 Oct 2022 07:02:02 GMT" skipped="0">
  <testcase classname="org.tests.FooterList" name="elementsTest" time="13.752"/>
</testsuite> <!-- org.tests.FooterList -->
