<?xml version="1.0" encoding="UTF-8"?>
<!-- Generated by org.testng.reporters.JUnitReportReporter -->
<testsuite hostname="PREM-OPTIMUS" failures="0" tests="1" name="org.tests.AuthPopUpHandle" time="10.660" errors="0" timestamp="03 Oct 2022 04:02:20 GMT" skipped="0">
  <testcase classname="org.tests.AuthPopUpHandle" name="authPopTest" time="10.660"/>
</testsuite> <!-- org.tests.AuthPopUpHandle -->
