<?xml version="1.0" encoding="UTF-8"?>
<!-- Generated by org.testng.reporters.JUnitReportReporter -->
<testsuite hostname="PREM-OPTIMUS" failures="0" tests="1" name="org.tests.SelectDropDownTest" time="16.695" errors="0" timestamp="03 Oct 2022 07:33:04 GMT" skipped="0">
  <testcase classname="org.tests.SelectDropDownTest" name="userActions" time="16.695"/>
</testsuite> <!-- org.tests.SelectDropDownTest -->
