<?xml version="1.0" encoding="UTF-8"?>
<!-- Generated by org.testng.reporters.JUnitReportReporter -->
<testsuite hostname="PREM-OPTIMUS" failures="1" tests="1" name="org.tests.FindElementsConcept" time="88.466" errors="0" timestamp="03 Oct 2022 06:34:43 GMT" skipped="0">
  <testcase classname="org.tests.FindElementsConcept" name="elementsTest" time="88.466">
    <failure message="List size mismatch: expected: &lt; 400, actual: 406, collection: By.tagName: a
Elements: [
	&lt;a id=&quot;nav-top&quot; type displayed:false&gt;&lt;/a&gt;,
	&lt;a class=&quot;skip-link&quot; id=&quot;skiplink&quot; tabindex=&quot;0&quot; type&gt;Skip to main content&lt;/a&gt;,
	&lt;a aria-label=&quot;Amazon&quot; class=&quot;nav-logo-link nav-progressive-attribute&quot; href=&quot;/ref=nav_logo&quot; id=&quot;nav-logo-sprites&quot; type&gt;&lt;/a&gt;,
	&lt;a class=&quot;nav-a nav-a-2 a-popover-trigger a-declarative nav-progressive-attribute&quot; id=&quot;nav-global-location-popover-link&quot; tabindex=&quot;0&quot; type&gt;Deliver to
India&lt;/a&gt;,
	&lt;a aria-label=&quot;Choose a language for shopping.&quot; class=&quot;nav-a nav-a-2 icp-link-style-2&quot; href=&quot;/customer-preferences/edit?ie=UTF8&amp;preferencesReturnUrl=%2F&amp;ref_=topnav_lang&quot; id=&quot;icp-nav-flyout&quot; type&gt;English&lt;/a&gt;,
	&lt;a class=&quot;nav-a nav-a-2   nav-progressive-attribute&quot; data-csa-c-content-id=&quot;nav_ya_signin&quot; data-csa-c-id=&quot;njnoo2-bjqpcm-mrxns3-3crjf6&quot; data-csa-c-slot-id=&quot;nav-link-accountList&quot; data-csa-c-type=&quot;link&quot; data-nav-ref=&quot;nav_ya_signin&quot; data-nav-role=&quot;signin&quot; data-ux-jq-mouseenter=&quot;true&quot; href=&quot;https://www.amazon.com/ap/signin?openid.pape.max_auth_age=0&amp;openid.return_to=https%3A%2F%2Fwww.amazon.com%2F%3Fref_%3Dnav_ya_signin&amp;openid.identity=http%3A%2F%2Fspecs.openid.net%2Fauth%2F2.0%2Fidentifier_select&amp;openid.assoc_handle=usflex&amp;openid.mode=checkid_setup&amp;openid.claimed_id=http%3A%2F%2Fspecs.openid.net%2Fauth%2F2.0%2Fidentifier_select&amp;openid.ns=http%3A%2F%2Fspecs.openid.net%2Fauth%2F2.0&amp;&quot; id=&quot;nav-link-accountList&quot; tabindex=&quot;0&quot; type&gt;Hello, sign in
Account &amp; Lists&lt;/a&gt;,
	&lt;a class=&quot;nav-a nav-a-2   nav-progressive-attribute&quot; href=&quot;/gp/css/order-history?ref_=nav_orders_first&quot; id=&quot;nav-orders&quot; tabindex=&quot;0&quot; type&gt;Returns
&amp; Orders&lt;/a&gt;,
	&lt;a aria-label=&quot;0 items in cart&quot; class=&quot;nav-a nav-a-2 nav-progressive-attribute&quot; href=&quot;/gp/cart/view.html?ref_=nav_cart&quot; id=&quot;nav-cart&quot; type&gt;0
Cart&lt;/a&gt;,
	&lt;a class=&quot;nav-action-button&quot; data-nav-ref=&quot;nav_signin&quot; data-nav-role=&quot;signin&quot; href=&quot;https://www.amazon.com/ap/signin?openid.pape.max_auth_age=0&amp;openid.return_to=https%3A%2F%2Fwww.amazon.com%2F%3Fref_%3Dnav_signin&amp;openid.identity=http%3A%2F%2Fspecs.openid.net%2Fauth%2F2.0%2Fidentifier_select&amp;openid.assoc_handle=usflex&amp;openid.mode=checkid_setup&amp;openid.claimed_id=http%3A%2F%2Fspecs.openid.net%2Fauth%2F2.0%2Fidentifier_select&amp;openid.ns=http%3A%2F%2Fspecs.openid.net%2Fauth%2F2.0&amp;&quot; rel=&quot;nofollow&quot; type displayed:false&gt;&lt;/a&gt;,
	&lt;a class=&quot;nav-a&quot; href=&quot;https://www.amazon.com/ap/register?openid.pape.max_auth_age=0&amp;openid.return_to=https%3A%2F%2Fwww.amazon.com%2F%3F_encoding%3DUTF8%26ref_%3Dnav_newcust&amp;openid.identity=http%3A%2F%2Fspecs.openid.net%2Fauth%2F2.0%2Fidentifier_select&amp;openid.assoc_handle=usflex&amp;openid.mode=checkid_setup&amp;openid.claimed_id=http%3A%2F%2Fspecs.openid.net%2Fauth%2F2.0%2Fidentifier_select&amp;openid.ns=http%3A%2F%2Fspecs.openid.net%2Fauth%2F2.0&amp;&quot; rel=&quot;nofollow&quot; type displayed:false&gt;&lt;/a&gt;,
	&lt;a class=&quot;nav-link nav-item&quot; href=&quot;/hz/wishlist/ls?triggerElementID=createList&amp;ref_=nav_ListFlyout_navFlyout_createList_lv_redirect&quot; type displayed:false&gt;&lt;/a&gt;,
	&lt;a class=&quot;nav-link nav-item&quot; href=&quot;/registries?ref_=nav_ListFlyout_find&quot; type displayed:false&gt;&lt;/a&gt;,
	&lt;a class=&quot;nav-link nav-item&quot; href=&quot;/hz/charitylist/homepage?ref_=nav_ListFlyout_smi_se_ya_lll_ll&quot; type displayed:false&gt;&lt;/a&gt;,
	&lt;a class=&quot;nav-link nav-item&quot; href=&quot;/gp/css/homepage.html?ref_=nav_AccountFlyout_ya&quot; type displayed:false&gt;&lt;/a&gt;,
	&lt;a class=&quot;nav-link nav-item&quot; href=&quot;/gp/css/order-history?ref_=nav_AccountFlyout_orders&quot; id=&quot;nav_prefetch_yourorders&quot; type displayed:false&gt;&lt;/a&gt;,
	&lt;a class=&quot;nav-link nav-item&quot; href=&quot;/gp/yourstore?ref_=nav_AccountFlyout_recs&quot; type displayed:false&gt;&lt;/a&gt;,
	&lt;a class=&quot;nav-link nav-item&quot; href=&quot;/gp/history?ref_=nav_AccountFlyout_browsinghistory&quot; type displayed:false&gt;&lt;/a&gt;,
	&lt;a class=&quot;nav-link nav-item&quot; href=&quot;/gp/video/watchlist?ref_=nav_AccountFlyout_ywl&quot; type displayed:false&gt;&lt;/a&gt;,
	&lt;a class=&quot;nav-link nav-item&quot; href=&quot;/gp/video/library?ref_=nav_AccountFlyout_yvl&quot; type displayed:false&gt;&lt;/a&gt;,
	&lt;a class=&quot;nav-link nav-item&quot; href=&quot;/gp/kindle/ku/ku_central?ref_=nav_AccountFlyout_ku&quot; type displayed:false&gt;&lt;/a&gt;,
	&lt;a class=&quot;nav-link nav-item&quot; href=&quot;/hz/mycd/myx?pageType=content&amp;ref_=nav_AccountFlyout_myk&quot; type displayed:false&gt;&lt;/a&gt;,
	&lt;a class=&quot;nav-link nav-item&quot; href=&quot;/gp/subscribe-and-save/manager/viewsubscriptions?ref_=nav_AccountFlyout_sns&quot; type displayed:false&gt;&lt;/a&gt;,
	&lt;a class=&quot;nav-link nav-item&quot; href=&quot;/hz5/yourmembershipsandsubscriptions?ref_=nav_AccountFlyout_digital_subscriptions&quot; type displayed:false&gt;&lt;/a&gt;,
	&lt;a class=&quot;nav-link nav-item&quot; href=&quot;/gp/subs/primeclub/account/homepage.html?ref_=nav_AccountFlyout_prime&quot; type displayed:false&gt;&lt;/a&gt;,
	&lt;a class=&quot;nav-link nav-item&quot; href=&quot;https://www.amazon.com/credit/landing?ref_=nav_AccountFlyout_ya_amazon_cc_landing_ms&quot; type displayed:false&gt;&lt;/a&gt;,
	&lt;a class=&quot;nav-link nav-item&quot; href=&quot;https://music.amazon.com?ref=nav_youraccount_cldplyr&quot; type displayed:false&gt;&lt;/a&gt;,
	&lt;a class=&quot;nav-link nav-item&quot; href=&quot;/b/?node=12766669011&amp;ld=AZUSSOA-yaflyout&amp;ref_=nav_AccountFlyout_cs_sell&quot; type displayed:false&gt;&lt;/a&gt;,
	&lt;a class=&quot;nav-link nav-item&quot; href=&quot;/gp/browse.html?node=11261610011&amp;ref_=nav_AccountFlyout_b2b_reg&quot; type displayed:false&gt;&lt;/a&gt;,
	&lt;a class=&quot;nav-link nav-item&quot; href=&quot;https://www.amazon.com/hz/contact-us?ref_=nav_AccountFlyout_CS&quot; type displayed:false&gt;&lt;/a&gt;,
	&lt;a class=&quot;nav-action-button&quot; data-nav-ref=&quot;nav_custrec_signin&quot; data-nav-role=&quot;signin&quot; href=&quot;https://www.amazon.com/ap/signin?openid.pape.max_auth_age=0&amp;openid.return_to=https%3A%2F%2Fwww.amazon.com%2F%3Fref_%3Dnav_custrec_signin&amp;openid.identity=http%3A%2F%2Fspecs.openid.net%2Fauth%2F2.0%2Fidentifier_select&amp;openid.assoc_handle=usflex&amp;openid.mode=checkid_setup&amp;openid.claimed_id=http%3A%2F%2Fspecs.openid.net%2Fauth%2F2.0%2Fidentifier_select&amp;openid.ns=http%3A%2F%2Fspecs.openid.net%2Fauth%2F2.0&amp;&quot; type displayed:false&gt;&lt;/a&gt;,
	&lt;a class=&quot;nav-a&quot; href=&quot;https://www.amazon.com/ap/register?openid.pape.max_auth_age=0&amp;openid.return_to=https%3A%2F%2Fwww.amazon.com%2F%3F_encoding%3DUTF8%26ref_%3Dnav_custrec_newcust&amp;openid.identity=http%3A%2F%2Fspecs.openid.net%2Fauth%2F2.0%2Fidentifier_select&amp;openid.assoc_handle=usflex&amp;openid.mode=checkid_setup&amp;openid.claimed_id=http%3A%2F%2Fspecs.openid.net%2Fauth%2F2.0%2Fidentifier_select&amp;openid.ns=http%3A%2F%2Fspecs.openid.net%2Fauth%2F2.0&amp;&quot; type displayed:false&gt;&lt;/a&gt;,
	&lt;a aria-label=&quot;Open Menu&quot; data-csa-c-id=&quot;50ximw-ksdjdj-xb1qyn-tuccz6&quot; data-csa-c-interaction-events=&quot;click&quot; data-csa-c-slot-id=&quot;HamburgerMenuDesktop&quot; data-csa-c-type=&quot;widget&quot; href=&quot;javascript: void(0)&quot; id=&quot;nav-hamburger-menu&quot; role=&quot;button&quot; type&gt;All&lt;/a&gt;,
	&lt;a aria-label=&quot;Click to call our Disability Customer Support line, or reach us directly at 1-888-283-1678&quot; class=&quot;nav-hidden-aria  &quot; data-csa-c-id=&quot;ykxb8j-1lytay-6pfqyn-wttmp4&quot; data-csa-c-slot-id=&quot;nav_cs_0&quot; data-csa-c-type=&quot;link&quot; href=&quot;/gp/help/customer/accessibility&quot; tabindex=&quot;0&quot; type displayed:false&gt;&lt;/a&gt;,
	&lt;a class=&quot;nav-a  &quot; data-csa-c-content-id=&quot;nav_cs_bestsellers&quot; data-csa-c-id=&quot;auv6nh-wwlahd-gtixwn-5in25x&quot; data-csa-c-slot-id=&quot;nav_cs_1&quot; data-csa-c-type=&quot;link&quot; href=&quot;/gp/bestsellers/?ref_=nav_cs_bestsellers&quot; tabindex=&quot;0&quot; type&gt;Best Sellers&lt;/a&gt;,
	&lt;a class=&quot;nav-a  &quot; data-csa-c-content-id=&quot;nav_cs_amazonbasics&quot; data-csa-c-id=&quot;kj9gwc-ugjsrr-72geis-wtrwu1&quot; data-csa-c-slot-id=&quot;nav_cs_2&quot; data-csa-c-type=&quot;link&quot; href=&quot;/stores/node/20648519011?channel=discovbar?field-lbr_brands_browse-bin=AmazonBasics&amp;ref_=nav_cs_amazonbasics&quot; tabindex=&quot;0&quot; type&gt;Amazon Basics&lt;/a&gt;,
	&lt;a class=&quot;nav-a  &quot; data-csa-c-content-id=&quot;nav_cs_customerservice&quot; data-csa-c-id=&quot;le5kn1-orvm7v-gihy8w-y1f3g2&quot; data-csa-c-slot-id=&quot;nav_cs_3&quot; data-csa-c-type=&quot;link&quot; href=&quot;/gp/help/customer/display.html?nodeId=508510&amp;ref_=nav_cs_customerservice&quot; tabindex=&quot;0&quot; type&gt;Customer Service&lt;/a&gt;,
	&lt;a class=&quot;nav-a  &quot; data-csa-c-content-id=&quot;nav_cs_newreleases&quot; data-csa-c-id=&quot;pci4lm-pzxbex-nq5lcq-ga1qhw&quot; data-csa-c-slot-id=&quot;nav_cs_4&quot; data-csa-c-type=&quot;link&quot; href=&quot;/gp/new-releases/?ref_=nav_cs_newreleases&quot; tabindex=&quot;0&quot; type&gt;New Releases&lt;/a&gt;,
	&lt;a class=&quot;nav-a  &quot; data-csa-c-content-id=&quot;nav_cs_gb&quot; data-csa-c-id=&quot;7d4dna-cb0smg-h4cg0o-y60dzp&quot; data-csa-c-slot-id=&quot;nav_cs_5&quot; data-csa-c-type=&quot;link&quot; href=&quot;/deals?ref_=nav_cs_gb&quot; tabindex=&quot;0&quot; type&gt;Today&#039;s Deals&lt;/a&gt;,
	&lt;a class=&quot;nav-a  &quot; data-csa-c-content-id=&quot;nav_cs_primelink_nonmember&quot; data-csa-c-id=&quot;9jflth-cu7e25-ghlhee-rcp2mu&quot; data-csa-c-slot-id=&quot;nav-link-amazonprime&quot; data-csa-c-type=&quot;link&quot; data-ux-jq-mouseenter=&quot;true&quot; href=&quot;/prime?ref_=nav_cs_primelink_nonmember&quot; id=&quot;nav-link-amazonprime&quot; tabindex=&quot;0&quot; type&gt;Prime&lt;/a&gt;,
	&lt;a class=&quot;nav-a  &quot; data-csa-c-content-id=&quot;nav_cs_music&quot; data-csa-c-id=&quot;pdr8qi-az3ozi-1ngbv3-iifd8h&quot; data-csa-c-slot-id=&quot;nav_cs_7&quot; data-csa-c-type=&quot;link&quot; href=&quot;/music/unlimited?ref_=nav_cs_music&quot; tabindex=&quot;0&quot; type&gt;Music&lt;/a&gt;,
	&lt;a class=&quot;nav-a  &quot; data-csa-c-content-id=&quot;nav_cs_books&quot; data-csa-c-id=&quot;eihh5l-r1stny-ks2n9d-r1b1ih&quot; data-csa-c-slot-id=&quot;nav_cs_8&quot; data-csa-c-type=&quot;link&quot; href=&quot;/books-used-books-textbooks/b/?ie=UTF8&amp;node=283155&amp;ref_=nav_cs_books&quot; tabindex=&quot;0&quot; type&gt;Books&lt;/a&gt;,
	&lt;a class=&quot;nav-a  &quot; data-csa-c-content-id=&quot;nav_cs_pharmacy&quot; data-csa-c-id=&quot;yyh6xg-3clqlc-iczofb-jzjh11&quot; data-csa-c-slot-id=&quot;nav_cs_9&quot; data-csa-c-type=&quot;link&quot; href=&quot;https://pharmacy.amazon.com/?ref_=nav_cs_pharmacy&quot; tabindex=&quot;0&quot; type&gt;Pharmacy&lt;/a&gt;,
	&lt;a class=&quot;nav-a  &quot; data-csa-c-content-id=&quot;nav_cs_registry&quot; data-csa-c-id=&quot;hljgk7-1txwpx-gcogzp-k9q87q&quot; data-csa-c-slot-id=&quot;nav_cs_10&quot; data-csa-c-type=&quot;link&quot; href=&quot;/gp/browse.html?node=16115931011&amp;ref_=nav_cs_registry&quot; tabindex=&quot;0&quot; type&gt;Registry&lt;/a&gt;,
	&lt;a class=&quot;nav-a  &quot; data-csa-c-content-id=&quot;nav_cs_kindle_books&quot; data-csa-c-id=&quot;jvbqty-rjiqsl-sf3iii-h46e8e&quot; data-csa-c-slot-id=&quot;nav_cs_11&quot; data-csa-c-type=&quot;link&quot; href=&quot;/Kindle-eBooks/b/?ie=UTF8&amp;node=154606011&amp;ref_=nav_cs_kindle_books&quot; tabindex=&quot;0&quot; type&gt;Kindle Books&lt;/a&gt;,
	&lt;a class=&quot;nav-a  &quot; data-csa-c-content-id=&quot;nav_cs_home&quot; data-csa-c-id=&quot;m6s46i-88o6xs-pi9xim-rrf7ay&quot; data-csa-c-slot-id=&quot;nav_cs_12&quot; data-csa-c-type=&quot;link&quot; href=&quot;/home-garden-kitchen-furniture-bedding/b/?ie=UTF8&amp;node=1055398&amp;ref_=nav_cs_home&quot; tabindex=&quot;0&quot; type displayed:false&gt;&lt;/a&gt;,
	&lt;a class=&quot;nav-a  &quot; data-csa-c-content-id=&quot;nav_cs_fashion&quot; data-csa-c-id=&quot;yf4a5z-qffjps-9sfm67-ibegeb&quot; data-csa-c-slot-id=&quot;nav_cs_13&quot; data-csa-c-type=&quot;link&quot; href=&quot;/amazon-fashion/b/?ie=UTF8&amp;node=7141123011&amp;ref_=nav_cs_fashion&quot; tabindex=&quot;0&quot; type displayed:false&gt;&lt;/a&gt;,
	&lt;a class=&quot;nav-a  &quot; data-csa-c-content-id=&quot;nav_cs_gc&quot; data-csa-c-id=&quot;lkkiu1-whx0qe-txrwpl-jawz0q&quot; data-csa-c-slot-id=&quot;nav_cs_14&quot; data-csa-c-type=&quot;link&quot; href=&quot;/gift-cards/b/?ie=UTF8&amp;node=2238192011&amp;ref_=nav_cs_gc&quot; tabindex=&quot;0&quot; type displayed:false&gt;&lt;/a&gt;,
	&lt;a class=&quot;nav-a  &quot; data-csa-c-content-id=&quot;nav_cs_toys&quot; data-csa-c-id=&quot;1p5pyn-qfmpjc-qqw2a5-ep0hk8&quot; data-csa-c-slot-id=&quot;nav_cs_15&quot; data-csa-c-type=&quot;link&quot; href=&quot;/toys/b/?ie=UTF8&amp;node=165793011&amp;ref_=nav_cs_toys&quot; tabindex=&quot;0&quot; type displayed:false&gt;&lt;/a&gt;,
	&lt;a class=&quot;nav-a  &quot; data-csa-c-content-id=&quot;nav_cs_sell&quot; data-csa-c-id=&quot;pu25g2-u4o9hm-3qhqwp-shd1ji&quot; data-csa-c-slot-id=&quot;nav_cs_16&quot; data-csa-c-type=&quot;link&quot; href=&quot;/b/?_encoding=UTF8&amp;ld=AZUSSOA-sell&amp;node=12766669011&amp;ref_=nav_cs_sell&quot; tabindex=&quot;0&quot; type displayed:false&gt;&lt;/a&gt;,
	&lt;a class=&quot;nav-a  &quot; data-csa-c-content-id=&quot;nav_cs_amazon_explore&quot; data-csa-c-id=&quot;fam2m3-otdcz4-hd2zdt-aad01n&quot; data-csa-c-slot-id=&quot;nav_cs_17&quot; data-csa-c-type=&quot;link&quot; href=&quot;/explore?ref_=nav_cs_amazon_explore&quot; tabindex=&quot;0&quot; type displayed:false&gt;&lt;/a&gt;,
	&lt;a class=&quot;nav-a  &quot; data-csa-c-content-id=&quot;nav_cs_automotive&quot; data-csa-c-id=&quot;yctnb4-cy1dy8-n8vilu-40e294&quot; data-csa-c-slot-id=&quot;nav_cs_18&quot; data-csa-c-type=&quot;link&quot; href=&quot;/automotive-auto-truck-replacements-parts/b/?ie=UTF8&amp;node=15684181&amp;ref_=nav_cs_automotive&quot; tabindex=&quot;0&quot; type displayed:false&gt;&lt;/a&gt;,
	&lt;a class=&quot;nav-a  &quot; data-csa-c-content-id=&quot;nav_cs_pc&quot; data-csa-c-id=&quot;jydo7f-3soiux-j6nroi-bff16t&quot; data-csa-c-slot-id=&quot;nav_cs_19&quot; data-csa-c-type=&quot;link&quot; href=&quot;/computer-pc-hardware-accessories-add-ons/b/?ie=UTF8&amp;node=541966&amp;ref_=nav_cs_pc&quot; tabindex=&quot;0&quot; type displayed:false&gt;&lt;/a&gt;,
	&lt;a class=&quot;nav-a  &quot; data-csa-c-content-id=&quot;nav_cs_coupons&quot; data-csa-c-id=&quot;yokcv5-xv16e7-7ljz97-9d6yrn&quot; data-csa-c-slot-id=&quot;nav_cs_20&quot; data-csa-c-type=&quot;link&quot; href=&quot;/Coupons/b/?_encoding=UTF8&amp;node=2231352011&amp;ref_=nav_cs_coupons&quot; tabindex=&quot;0&quot; type displayed:false&gt;&lt;/a&gt;,
	&lt;a class=&quot;nav-a  &quot; data-csa-c-content-id=&quot;nav_cs_shoppertoolkit&quot; data-csa-c-id=&quot;vb25wq-2jsdox-de77u4-xhtu9n&quot; data-csa-c-slot-id=&quot;nav_cs_21&quot; data-csa-c-type=&quot;link&quot; href=&quot;/b/?node=17867753011&amp;ref_=nav_cs_shoppertoolkit&quot; tabindex=&quot;0&quot; type displayed:false&gt;&lt;/a&gt;,
	&lt;a class=&quot;nav-a  &quot; data-csa-c-content-id=&quot;nav_cs_beauty&quot; data-csa-c-id=&quot;kgw7ia-p7tioo-smcsjx-bq3pc5&quot; data-csa-c-slot-id=&quot;nav_cs_22&quot; data-csa-c-type=&quot;link&quot; href=&quot;/Beauty-Makeup-Skin-Hair-Products/b/?ie=UTF8&amp;node=3760911&amp;ref_=nav_cs_beauty&quot; tabindex=&quot;0&quot; type displayed:false&gt;&lt;/a&gt;,
	&lt;a class=&quot;nav-a  &quot; data-csa-c-content-id=&quot;nav_cs_hi&quot; data-csa-c-id=&quot;xef6ol-l81e4i-jdgmj-zd4vaf&quot; data-csa-c-slot-id=&quot;nav_cs_23&quot; data-csa-c-type=&quot;link&quot; href=&quot;/Tools-and-Home-Improvement/b/?ie=UTF8&amp;node=228013&amp;ref_=nav_cs_hi&quot; tabindex=&quot;0&quot; type displayed:false&gt;&lt;/a&gt;,
	&lt;a class=&quot;nav-a  &quot; data-csa-c-content-id=&quot;nav_cs_luxury&quot; data-csa-c-id=&quot;fn06eq-413tkc-3todbs-fa5uhl&quot; data-csa-c-slot-id=&quot;nav_cs_24&quot; data-csa-c-type=&quot;link&quot; href=&quot;/luxurystores?ref_=nav_cs_luxury&quot; tabindex=&quot;0&quot; type displayed:false&gt;&lt;/a&gt;,
	&lt;a class=&quot;nav-a  &quot; data-csa-c-content-id=&quot;nav_cs_video_games&quot; data-csa-c-id=&quot;f6pxju-nkjfe2-fz1npk-ci70xs&quot; data-csa-c-slot-id=&quot;nav_cs_25&quot; data-csa-c-type=&quot;link&quot; href=&quot;/computer-video-games-hardware-accessories/b/?ie=UTF8&amp;node=468642&amp;ref_=nav_cs_video_games&quot; tabindex=&quot;0&quot; type displayed:false&gt;&lt;/a&gt;,
	&lt;a class=&quot;nav-a  &quot; data-csa-c-content-id=&quot;nav_cs_pets&quot; data-csa-c-id=&quot;fj1a2u-sl8pa3-qixyce-qw7agi&quot; data-csa-c-slot-id=&quot;nav_cs_26&quot; data-csa-c-type=&quot;link&quot; href=&quot;/pet-shops-dogs-cats-hamsters-kittens/b/?ie=UTF8&amp;node=2619533011&amp;ref_=nav_cs_pets&quot; tabindex=&quot;0&quot; type displayed:false&gt;&lt;/a&gt;,
	&lt;a class=&quot;nav-a  &quot; data-csa-c-content-id=&quot;nav_cs_hpc&quot; data-csa-c-id=&quot;4fsexs-xvsg89-3h4mbz-tvvcg5&quot; data-csa-c-slot-id=&quot;nav_cs_27&quot; data-csa-c-type=&quot;link&quot; href=&quot;/health-personal-care-nutrition-fitness/b/?ie=UTF8&amp;node=3760901&amp;ref_=nav_cs_hpc&quot; tabindex=&quot;0&quot; type displayed:false&gt;&lt;/a&gt;,
	&lt;a class=&quot;nav-a  &quot; data-csa-c-content-id=&quot;nav_cs_handmade&quot; data-csa-c-id=&quot;v1z17x-9y4bbk-9v4ie8-btkc6k&quot; data-csa-c-slot-id=&quot;nav_cs_28&quot; data-csa-c-type=&quot;link&quot; href=&quot;/Handmade/b/?ie=UTF8&amp;node=11260432011&amp;ref_=nav_cs_handmade&quot; tabindex=&quot;0&quot; type displayed:false&gt;&lt;/a&gt;,
	&lt;a class=&quot;nav-a  &quot; data-csa-c-content-id=&quot;nav_cs_smart_home&quot; data-csa-c-id=&quot;xo3di6-t2o0p5-n73dz9-kg357f&quot; data-csa-c-slot-id=&quot;nav_cs_29&quot; data-csa-c-type=&quot;link&quot; href=&quot;/Smart-Home/b/?ie=UTF8&amp;node=6563140011&amp;ref_=nav_cs_smart_home&quot; tabindex=&quot;0&quot; type displayed:false&gt;&lt;/a&gt;,
	&lt;a class=&quot;nav_a nav-swm-text nav-progressive-attribute nav-progressive-content&quot; href=&quot;/gcx/Hispanic-Goods/gfhz/events/?_encoding=UTF8&amp;categoryId=hhmshop&amp;ref_=nav_swm_US_HHM22_GW_Desk_SWM_2&amp;pf_rd_p=b9b73154-7d76-46a0-bc8c-2d579064d20e&amp;pf_rd_s=nav-sitewide-msg-text&amp;pf_rd_t=4201&amp;pf_rd_i=navbar-4201&amp;pf_rd_m=ATVPDKIKX0DER&amp;pf_rd_r=0AFEHW28M5QQ959AA9JM&quot; id=&quot;swm-link&quot; tabindex=&quot;0&quot; type&gt;Shop Hispanic &amp; Latino goods&lt;/a&gt;,
	&lt;a id=&quot;skippedLink&quot; tabindex=&quot;-1&quot; type displayed:false&gt;&lt;/a&gt;,
	&lt;a name=&quot;top&quot; type displayed:false&gt;&lt;/a&gt;,
	&lt;a aria-disabled=&quot;false&quot; class=&quot;a-carousel-goto-prevpage&quot; href=&quot;#&quot; tabindex=&quot;0&quot; type&gt;&lt;/a&gt;,
	&lt;a aria-label=&quot;Automatic soap dispenser with 20-second timer. Amazon Smart Soap Dispenser. Works with Alexa.&quot; href=&quot;/dp/B08GWRT223/ref=ods_gw_eg_d_h5_vicc_grbau/?_encoding=UTF8&amp;pd_rd_w=7tltd&amp;content-id=amzn1.sym.1140982a-25b9-4b37-90d5-43712c1aef92&amp;pf_rd_p=1140982a-25b9-4b37-90d5-43712c1aef92&amp;pf_rd_r=0AFEHW28M5QQ959AA9JM&amp;pd_rd_wg=d7MrO&amp;pd_rd_r=912936de-2f0a-4311-a80d-0cabf98f628a&amp;ref_=pd_gw_unk&quot; target type displayed:false&gt;&lt;/a&gt;,
	&lt;a aria-label=&quot;Fire TV smart TVs for as low as $99.99&quot; href=&quot;/b/?ie=UTF8&amp;node=11851273011&amp;deals-widget=%257B%2522presetId%2522%3A%2522ftve%2522%257D&amp;pd_rd_w=tocOG&amp;content-id=amzn1.sym.41839500-ada9-4f1c-a0c4-f97653342bca&amp;pf_rd_p=41839500-ada9-4f1c-a0c4-f97653342bca&amp;pf_rd_r=0AFEHW28M5QQ959AA9JM&amp;pd_rd_wg=d7MrO&amp;pd_rd_r=912936de-2f0a-4311-a80d-0cabf98f628a&amp;ref_=pd_gw_unk&quot; target type displayed:false&gt;&lt;/a&gt;,
	&lt;a class=&quot;a-link-normal _cropped-image-link_style_centerImage__1rzYI aok-block image-window&quot; href=&quot;/dp/B09QHCPD34/ref=dvm_us_or_cs_SH_all_22LTUMEP6_MWAC/&quot; type displayed:false&gt;&lt;/a&gt;,
	&lt;a class=&quot;a-link-normal _cropped-image-link_style_centerImage__1rzYI aok-block image-window&quot; href=&quot;/earlyaccess/?_encoding=UTF8&amp;ref_=US_PEAS22_LU_GW_Desk_Hero_PeasDates&quot; type&gt;&lt;/a&gt;,
	&lt;a class=&quot;a-link-normal _cropped-image-link_style_centerImage__1rzYI aok-block image-window&quot; href=&quot;/b/ref=US_HHM22_P1_GW_Desk_Hero_Hub?_encoding=UTF8&amp;node=23589917011&quot; type&gt;&lt;/a&gt;,
	&lt;a aria-disabled=&quot;false&quot; class=&quot;a-carousel-goto-nextpage&quot; href=&quot;#&quot; tabindex=&quot;0&quot; type&gt;&lt;/a&gt;,
	&lt;a class=&quot;a-size-base a-link-normal&quot; href=&quot;/b/?node=17285237011&quot; type&gt;Donate now&lt;/a&gt;,
	&lt;a aria-label=&quot;Amazon Music Unlimited: 90 million songs ad-free&quot; class=&quot;a-link-normal image-redirect aok-block image-window&quot; href=&quot;/music/unlimited?ref=_US_PEAS22_LU_GW_Desk_DashQuad_Music5&quot; type&gt;Amazon Music: Listen ad-free&lt;/a&gt;,
	&lt;a aria-label=&quot;Amazon echo with yellow notification ring. Let Alexa help with deals. Alexa Shopping&quot; class=&quot;a-link-normal image-redirect aok-block image-window&quot; href=&quot;/b?node=23775761011&amp;ref_=US_PEAS22_LU_GW_Desk_DashQuad_Alexa5&quot; type&gt;Let Alexa help with deals&lt;/a&gt;,
	&lt;a aria-label=&quot;Grubhub+ is free with Prime&quot; class=&quot;a-link-normal image-redirect aok-block image-window&quot; href=&quot;/prime/offer/grubhub/prime-deal?ref_=US_PEAS22_LU_GW_Desk_DashQuad_GH5&quot; type&gt;Grubhub+ is free with Prime&lt;/a&gt;,
	&lt;a aria-label=&quot;Save up to 50% on movies and more&quot; class=&quot;a-link-normal image-redirect aok-block image-window&quot; href=&quot;/gp/video/storefront/ref=atv_hm_hom_c_9zZ8D2_1_7?contentType=merch&amp;contentId=deals&amp;merchId=deals&amp;ref=_US_PEAS22_LU_GW_Desk_DashQuad_Video5&quot; type&gt;Epic deals on TV &amp; more&lt;/a&gt;,
	&lt;a class=&quot;a-link-normal see-more truncate-1line&quot; href=&quot;/earlyaccess?ref=US_PEAS22_LU_GW_Desk_DashQuad5&quot; type&gt;Shop early deals&lt;/a&gt;,
	&lt;a class=&quot;a-link-normal center-image aok-block image-window&quot; href=&quot;/b/?node=24230892011&amp;ref_=dtech_gw_topcard_ff_oct&quot; type&gt;&lt;/a&gt;,
	&lt;a class=&quot;a-link-normal see-more truncate-1line&quot; href=&quot;/b/?node=24230892011&amp;ref_=dtech_gw_topcard_ff_oct&quot; type&gt;Shop all fall favorites&lt;/a&gt;,
	&lt;a aria-label=&quot;Women&quot; class=&quot;a-link-normal image-redirect aok-block image-window&quot; href=&quot;/b?node=24018163011&amp;ref_=af_gw_DQC_Oct_Halloween_05_W&quot; type&gt;Women&lt;/a&gt;,
	&lt;a aria-label=&quot;Men&quot; class=&quot;a-link-normal image-redirect aok-block image-window&quot; href=&quot;/b?node=24018157011&amp;ref_=af_gw_DQC_Oct_Halloween_05_M&quot; type&gt;Men&lt;/a&gt;,
	&lt;a aria-label=&quot;Kids&quot; class=&quot;a-link-normal image-redirect aok-block image-window&quot; href=&quot;/b?node=24018166011&amp;ref_=af_gw_DQC_Oct_Halloween_05_K&quot; type&gt;Kids&lt;/a&gt;,
	&lt;a aria-label=&quot;Family&quot; class=&quot;a-link-normal image-redirect aok-block image-window&quot; href=&quot;/b?node=24018160011&amp;ref_=af_gw_DQC_Oct_Halloween_05_F&quot; type&gt;Family&lt;/a&gt;,
	&lt;a class=&quot;a-link-normal see-more truncate-1line&quot; href=&quot;/b?node=24018160011&amp;ref_=af_gw_DQC_Oct_Halloween_05&quot; type&gt;Shop scary-good styles&lt;/a&gt;,
	&lt;a class=&quot;a-link-normal see-more footerLink&quot; href=&quot;/b/?_encoding=UTF8&amp;node=23490265011&quot; type&gt;Get started&lt;/a&gt;,
	&lt;a class=&quot;clickthrough&quot; href=&quot;https://www.amazon.com/asv/reload?aaxitk=a7b8f4f8fff7e816bee360b49d7442c5&amp;ref=o_disp_nahouse_usfallback&quot; target=&quot;_top&quot; type&gt;&lt;/a&gt;,
	&lt;a class=&quot;a-declarative&quot; data-a-modal=&quot;{&quot;url&quot;:&quot;/af/feedback-form?pl=%7B%22adPlacementMetaData%22%3A%7B%22pageUrl%22%3A%22aHR0cHM6Ly93d3cuYW1hem9uLmNvbS8%2F%22%2C%22adElementId%22%3A%22ape_Gateway_right-2_desktop_placement%22%2C%22pageType%22%3A%22Gateway%22%2C%22slotName%22%3A%22right-2%22%7D%2C%22adCreativeMetaData%22%3A%7B%22adProgramId%22%3A%221001%22%2C%22adCreativeTemplateName%22%3A%22Image%22%2C%22adImpressionId%22%3A%22https%3A%2F%2Faax-us-iad.amazon.com%2Fe%2Fxsp%2Fimp%3Fb%3DRO774u21pqOSHqDttsLF814AAAGDnIx8OAEAAAH0AQBOL0EgICAgICAgICAgICBOL0EgICAgICAgICAgICDCE1TR%22%2C%22adCreativeId%22%3A%2217170625401%22%2C%22adId%22%3A%22588458562152201707%22%2C%22adNetwork%22%3A%22cs%22%7D%7D&amp;daFlg=false&amp;ie=UTF-8&quot;,     &quot;name&quot;:&quot;shared-placement-feedback-modal-right-2&quot;,&quot;header&quot;:&quot;Leave feedback&quot;,&quot;width&quot;:&quot;460&quot;}&quot; data-action=&quot;a-modal&quot; tabindex=&quot;0&quot; type&gt;Sponsored&lt;/a&gt;,
	&lt;a class=&quot;a-link-normal center-image aok-block image-window&quot; href=&quot;/s?k=paige+women&amp;i=fashion&amp;rh=n%3A7141123011%2Cp_n_feature_eighteen_browse-bin%3A21451213011ref=prem_gw_DCC_Oct_Brand_Paige&quot; type&gt;&lt;/a&gt;,
	&lt;a class=&quot;a-link-normal see-more truncate-1line&quot; href=&quot;/s?k=paige+women&amp;i=fashion&amp;rh=n%3A7141123011%2Cp_n_feature_eighteen_browse-bin%3A21451213011ref=prem_gw_DCC_Oct_Brand_Paige&quot; type&gt;Shop more styles&lt;/a&gt;,
	&lt;a aria-label=&quot;Home&quot; class=&quot;a-link-normal image-redirect aok-block image-window&quot; href=&quot;/s?bbn=23946848011&amp;rh=n%3A23946848011%2Cp_n_specials_match%3A21213697011&amp;ref_=dtech_gw_topquadcat_sept_cml_deals_c1&quot; type&gt;Home &amp; kitchen&lt;/a&gt;,
	&lt;a aria-label=&quot;Men&#039;s fashion&quot; class=&quot;a-link-normal image-redirect aok-block image-window&quot; href=&quot;/s?i=fashion&amp;bbn=18773708011&amp;rh=n%3A7141123011%2Cn%3A18773708011%2Cn%3A7147441011%2Cp_n_specials_match%3A21213697011&amp;ref=dtech_gw_topquadcat_sept_cml_deals_c2&quot; type&gt;Men&#039;s fashion&lt;/a&gt;,
	&lt;a aria-label=&quot;Beauty&quot; class=&quot;a-link-normal image-redirect aok-block image-window&quot; href=&quot;/s?bbn=23946846011&amp;rh=n%3A23946846011%2Cp_n_specials_match%3A21213697011&amp;ref_=dtech_gw_topquadcat_sept_cml_deals_c3&quot; type&gt;Beauty&lt;/a&gt;,
	&lt;a aria-label=&quot;Women&#039;s fashion&quot; class=&quot;a-link-normal image-redirect aok-block image-window&quot; href=&quot;/s?i=fashion&amp;bbn=18773708011&amp;rh=n%3A7141123011%2Cn%3A18773708011%2Cn%3A7147440011%2Cp_n_specials_match%3A21213697011&amp;ref_=dtech_gw_topquadcat_sept_cml_deals_c4&quot; type&gt;Women&#039;s fashion&lt;/a&gt;,
	&lt;a class=&quot;a-link-normal see-more truncate-1line&quot; href=&quot;/b/?node=23479378011&amp;ref_=dtech_gw_topquadcat_sept_cml_deals_cta&quot; type&gt;Explore deals on 4+ star finds&lt;/a&gt;,
	&lt;a aria-label=&quot;Costumes&quot; class=&quot;a-link-normal image-redirect aok-block image-window&quot; href=&quot;/gcx/Costumes/gfhz/events/?categoryId=hwn22-costumes&quot; type&gt;Costumes&lt;/a&gt;,
	&lt;a aria-label=&quot;Party supplies&quot; class=&quot;a-link-normal image-redirect aok-block image-window&quot; href=&quot;/gcx/Party-Supplies/gfhz/events/?categoryId=hwn22-party-supplies&quot; type&gt;Party supplies&lt;/a&gt;,
	&lt;a aria-label=&quot;Sweets &amp; treats&quot; class=&quot;a-link-normal image-redirect aok-block image-window&quot; href=&quot;/gcx/Candy/gfhz/events/?categoryId=hwn22-candy&quot; type&gt;Sweets &amp; treats&lt;/a&gt;,
	&lt;a aria-label=&quot;Decorate a pumpkin&quot; class=&quot;a-link-normal image-redirect aok-block image-window&quot; href=&quot;/gcx/Decorate-a-Pumpkin/gfhz/events/?categoryId=hwn22-decorate-pmkn&quot; type&gt;Decorate a pumpkin&lt;/a&gt;,
	&lt;a class=&quot;a-link-normal see-more truncate-1line&quot; href=&quot;/halloween&quot; type&gt;Discover more for Halloween&lt;/a&gt;,
	&lt;a class=&quot;a-link-normal center-image aok-block image-window&quot; href=&quot;/gp/video/detail/B0BCC8HLT7/ref=dvm_us_le_cs_HUD_all_ONE2-r&quot; type&gt;&lt;/a&gt;,
	&lt;a class=&quot;a-link-normal see-more truncate-1line&quot; href=&quot;/gp/video/detail/B0BCC8HLT7/ref=dvm_us_le_cs_HUD_all_ONE2-r&quot; type&gt;Exclusive martial arts benefit&lt;/a&gt;,
	&lt;a class=&quot;a-spacing-small a-link-normal a-text-normal&quot; href=&quot;/deal/3f2f2f49?showVariations=false&quot; type displayed:false&gt;&lt;/a&gt;,
	&lt;a class=&quot;a-link-normal see-more truncate-1line&quot; href=&quot;/goldbox/ref=gwd_sad/?_encoding=UTF8&amp;pf_rd_p=0fef8297-f2f8-4b7a-b0ed-1a5b33051cb1&amp;pd_rd_wg=d7MrO&amp;pf_rd_r=0AFEHW28M5QQ959AA9JM&amp;content-id=amzn1.sym.0fef8297-f2f8-4b7a-b0ed-1a5b33051cb1&amp;pd_rd_w=DdQEi&amp;pd_rd_r=912936de-2f0a-4311-a80d-0cabf98f628a&amp;ref_=pd_gw_unk&quot; type displayed:false&gt;&lt;/a&gt;,
	&lt;a class=&quot;a-link-normal&quot; href=&quot;/Apple-MU8F2AM-A-Pencil-Generation/dp/B07K1WWBJK/?_encoding=UTF8&amp;pd_rd_w=lYqbV&amp;content-id=amzn1.sym.64be5821-f651-4b0b-8dd3-4f9b884f10e5&amp;pf_rd_p=64be5821-f651-4b0b-8dd3-4f9b884f10e5&amp;pf_rd_r=0AFEHW28M5QQ959AA9JM&amp;pd_rd_wg=JGVrp&amp;pd_rd_r=32fa10d4-b906-4f10-861a-418346d6e892&amp;ref_=pd_gw_crs_zg_bs_541966&quot; type&gt;&lt;/a&gt;,
	&lt;a class=&quot;a-link-normal&quot; href=&quot;/JETech-Protector-10-2-Inch-Generation-Tempered/dp/B07QPV9MRY/?_encoding=UTF8&amp;pd_rd_w=lYqbV&amp;content-id=amzn1.sym.64be5821-f651-4b0b-8dd3-4f9b884f10e5&amp;pf_rd_p=64be5821-f651-4b0b-8dd3-4f9b884f10e5&amp;pf_rd_r=0AFEHW28M5QQ959AA9JM&amp;pd_rd_wg=JGVrp&amp;pd_rd_r=32fa10d4-b906-4f10-861a-418346d6e892&amp;ref_=pd_gw_crs_zg_bs_541966&quot; type&gt;&lt;/a&gt;,
	&lt;a class=&quot;a-link-normal&quot; href=&quot;/HP-DeskJet-2755e-Wireless-Printer/dp/B08XYP6BJV/?_encoding=UTF8&amp;pd_rd_w=lYqbV&amp;content-id=amzn1.sym.64be5821-f651-4b0b-8dd3-4f9b884f10e5&amp;pf_rd_p=64be5821-f651-4b0b-8dd3-4f9b884f10e5&amp;pf_rd_r=0AFEHW28M5QQ959AA9JM&amp;pd_rd_wg=JGVrp&amp;pd_rd_r=32fa10d4-b906-4f10-861a-418346d6e892&amp;ref_=pd_gw_crs_zg_bs_541966&quot; type&gt;&lt;/a&gt;,
	&lt;a class=&quot;a-link-normal&quot; href=&quot;/2021-Apple-10-2-inch-iPad-Wi-Fi/dp/B09G9FPHY6/?_encoding=UTF8&amp;pd_rd_w=lYqbV&amp;content-id=amzn1.sym.64be5821-f651-4b0b-8dd3-4f9b884f10e5&amp;pf_rd_p=64be5821-f651-4b0b-8dd3-4f9b884f10e5&amp;pf_rd_r=0AFEHW28M5QQ959AA9JM&amp;pd_rd_wg=JGVrp&amp;pd_rd_r=32fa10d4-b906-4f10-861a-418346d6e892&amp;ref_=pd_gw_crs_zg_bs_541966&quot; type&gt;&lt;/a&gt;,
	&lt;a class=&quot;a-link-normal&quot; href=&quot;/Protector-Generation-10-2-apiker-Compatible/dp/B07XXWZKBT/?_encoding=UTF8&amp;pd_rd_w=lYqbV&amp;content-id=amzn1.sym.64be5821-f651-4b0b-8dd3-4f9b884f10e5&amp;pf_rd_p=64be5821-f651-4b0b-8dd3-4f9b884f10e5&amp;pf_rd_r=0AFEHW28M5QQ959AA9JM&amp;pd_rd_wg=JGVrp&amp;pd_rd_r=32fa10d4-b906-4f10-861a-418346d6e892&amp;ref_=pd_gw_crs_zg_bs_541966&quot; type&gt;&lt;/a&gt;,
	&lt;a class=&quot;a-link-normal&quot; href=&quot;/Sabrent-4-Port-Individual-Switches-HB-UMLS/dp/B00BWF5U0M/?_encoding=UTF8&amp;pd_rd_w=lYqbV&amp;content-id=amzn1.sym.64be5821-f651-4b0b-8dd3-4f9b884f10e5&amp;pf_rd_p=64be5821-f651-4b0b-8dd3-4f9b884f10e5&amp;pf_rd_r=0AFEHW28M5QQ959AA9JM&amp;pd_rd_wg=JGVrp&amp;pd_rd_r=32fa10d4-b906-4f10-861a-418346d6e892&amp;ref_=pd_gw_crs_zg_bs_541966&quot; type&gt;&lt;/a&gt;,
	&lt;a class=&quot;a-link-normal&quot; href=&quot;/Ergonomic-Compatible-Notebook-Soundance-LS1/dp/B07D74DT3B/?_encoding=UTF8&amp;pd_rd_w=lYqbV&amp;content-id=amzn1.sym.64be5821-f651-4b0b-8dd3-4f9b884f10e5&amp;pf_rd_p=64be5821-f651-4b0b-8dd3-4f9b884f10e5&amp;pf_rd_r=0AFEHW28M5QQ959AA9JM&amp;pd_rd_wg=JGVrp&amp;pd_rd_r=32fa10d4-b906-4f10-861a-418346d6e892&amp;ref_=pd_gw_crs_zg_bs_541966&quot; type displayed:false&gt;&lt;/a&gt;,
	&lt;a class=&quot;a-link-normal&quot; href=&quot;/Backpack-Business-Charging-Resistant-Computer/dp/B06XZTZ7GB/?_encoding=UTF8&amp;pd_rd_w=lYqbV&amp;content-id=amzn1.sym.64be5821-f651-4b0b-8dd3-4f9b884f10e5&amp;pf_rd_p=64be5821-f651-4b0b-8dd3-4f9b884f10e5&amp;pf_rd_r=0AFEHW28M5QQ959AA9JM&amp;pd_rd_wg=JGVrp&amp;pd_rd_r=32fa10d4-b906-4f10-861a-418346d6e892&amp;ref_=pd_gw_crs_zg_bs_541966&quot; type displayed:false&gt;&lt;/a&gt;,
	&lt;a class=&quot;a-link-normal&quot; href=&quot;/Mac-Book-Pro-Charger-Compatible/dp/B097PTBB5V/?_encoding=UTF8&amp;pd_rd_w=lYqbV&amp;content-id=amzn1.sym.64be5821-f651-4b0b-8dd3-4f9b884f10e5&amp;pf_rd_p=64be5821-f651-4b0b-8dd3-4f9b884f10e5&amp;pf_rd_r=0AFEHW28M5QQ959AA9JM&amp;pd_rd_wg=JGVrp&amp;pd_rd_r=32fa10d4-b906-4f10-861a-418346d6e892&amp;ref_=pd_gw_crs_zg_bs_541966&quot; type displayed:false&gt;&lt;/a&gt;,
	&lt;a class=&quot;a-link-normal&quot; href=&quot;/Ailun-Protector-Tempered-Compatible-Sensitive/dp/B07KDS2LKY/?_encoding=UTF8&amp;pd_rd_w=lYqbV&amp;content-id=amzn1.sym.64be5821-f651-4b0b-8dd3-4f9b884f10e5&amp;pf_rd_p=64be5821-f651-4b0b-8dd3-4f9b884f10e5&amp;pf_rd_r=0AFEHW28M5QQ959AA9JM&amp;pd_rd_wg=JGVrp&amp;pd_rd_r=32fa10d4-b906-4f10-861a-418346d6e892&amp;ref_=pd_gw_crs_zg_bs_541966&quot; type displayed:false&gt;&lt;/a&gt;,
	&lt;a class=&quot;a-link-normal&quot; href=&quot;/2021-Apple-10-2-inch-iPad-Wi-Fi/dp/B09G9CJM1Z/?_encoding=UTF8&amp;pd_rd_w=lYqbV&amp;content-id=amzn1.sym.64be5821-f651-4b0b-8dd3-4f9b884f10e5&amp;pf_rd_p=64be5821-f651-4b0b-8dd3-4f9b884f10e5&amp;pf_rd_r=0AFEHW28M5QQ959AA9JM&amp;pd_rd_wg=JGVrp&amp;pd_rd_r=32fa10d4-b906-4f10-861a-418346d6e892&amp;ref_=pd_gw_crs_zg_bs_541966&quot; type displayed:false&gt;&lt;/a&gt;,
	&lt;a class=&quot;a-link-normal&quot; href=&quot;/Phomemo-Bluetooth-Smartphone-Organization-Rechargeable/dp/B08HV3MPFD/?_encoding=UTF8&amp;pd_rd_w=lYqbV&amp;content-id=amzn1.sym.64be5821-f651-4b0b-8dd3-4f9b884f10e5&amp;pf_rd_p=64be5821-f651-4b0b-8dd3-4f9b884f10e5&amp;pf_rd_r=0AFEHW28M5QQ959AA9JM&amp;pd_rd_wg=JGVrp&amp;pd_rd_r=32fa10d4-b906-4f10-861a-418346d6e892&amp;ref_=pd_gw_crs_zg_bs_541966&quot; type displayed:false&gt;&lt;/a&gt;,
	&lt;a class=&quot;a-link-normal&quot; href=&quot;/Rejection-Compatible-2018-2021-Precise-Writing/dp/B0831BF1FH/?_encoding=UTF8&amp;pd_rd_w=lYqbV&amp;content-id=amzn1.sym.64be5821-f651-4b0b-8dd3-4f9b884f10e5&amp;pf_rd_p=64be5821-f651-4b0b-8dd3-4f9b884f10e5&amp;pf_rd_r=0AFEHW28M5QQ959AA9JM&amp;pd_rd_wg=JGVrp&amp;pd_rd_r=32fa10d4-b906-4f10-861a-418346d6e892&amp;ref_=pd_gw_crs_zg_bs_541966&quot; type displayed:false&gt;&lt;/a&gt;,
	&lt;a class=&quot;a-link-normal&quot; href=&quot;/Replacement-Tips-Compatible-Apple-Pencil/dp/B09BBPLMJL/?_encoding=UTF8&amp;pd_rd_w=lYqbV&amp;content-id=amzn1.sym.64be5821-f651-4b0b-8dd3-4f9b884f10e5&amp;pf_rd_p=64be5821-f651-4b0b-8dd3-4f9b884f10e5&amp;pf_rd_r=0AFEHW28M5QQ959AA9JM&amp;pd_rd_wg=JGVrp&amp;pd_rd_r=32fa10d4-b906-4f10-861a-418346d6e892&amp;ref_=pd_gw_crs_zg_bs_541966&quot; type displayed:false&gt;&lt;/a&gt;,
	&lt;a class=&quot;a-link-normal&quot; href=&quot;/Maxjuli-Blocking-Glasses-Computer-Transparent/dp/B081RLZWG7/?_encoding=UTF8&amp;pd_rd_w=lYqbV&amp;content-id=amzn1.sym.64be5821-f651-4b0b-8dd3-4f9b884f10e5&amp;pf_rd_p=64be5821-f651-4b0b-8dd3-4f9b884f10e5&amp;pf_rd_r=0AFEHW28M5QQ959AA9JM&amp;pd_rd_wg=JGVrp&amp;pd_rd_r=32fa10d4-b906-4f10-861a-418346d6e892&amp;ref_=pd_gw_crs_zg_bs_541966&quot; type displayed:false&gt;&lt;/a&gt;,
	&lt;a class=&quot;a-link-normal&quot; href=&quot;/Ailun-Protector-10-2-Inch-Generation-Compatible/dp/B07ZCZ4HRT/?_encoding=UTF8&amp;pd_rd_w=lYqbV&amp;content-id=amzn1.sym.64be5821-f651-4b0b-8dd3-4f9b884f10e5&amp;pf_rd_p=64be5821-f651-4b0b-8dd3-4f9b884f10e5&amp;pf_rd_r=0AFEHW28M5QQ959AA9JM&amp;pd_rd_wg=JGVrp&amp;pd_rd_r=32fa10d4-b906-4f10-861a-418346d6e892&amp;ref_=pd_gw_crs_zg_bs_541966&quot; type displayed:false&gt;&lt;/a&gt;,
	&lt;a aria-hidden=&quot;true&quot; aria-label=&quot;Carousel previous slide&quot; class=&quot;a-link-normal feed-carousel-control feed-left feed-control-disabled&quot; href=&quot;#&quot; tabindex=&quot;-1&quot; type&gt;&lt;/a&gt;,
	&lt;a aria-hidden=&quot;true&quot; aria-label=&quot;Carousel next slide&quot; class=&quot;a-link-normal feed-carousel-control feed-right&quot; href=&quot;#&quot; tabindex=&quot;-1&quot; type&gt;&lt;/a&gt;,
	&lt;a class=&quot;a-link-normal&quot; href=&quot;/Starts-Us-Novel-Ends/dp/1668001225/?_encoding=UTF8&amp;pd_rd_w=dqGOf&amp;content-id=amzn1.sym.64be5821-f651-4b0b-8dd3-4f9b884f10e5&amp;pf_rd_p=64be5821-f651-4b0b-8dd3-4f9b884f10e5&amp;pf_rd_r=0AFEHW28M5QQ959AA9JM&amp;pd_rd_wg=JGVrp&amp;pd_rd_r=32fa10d4-b906-4f10-861a-418346d6e892&amp;ref_=pd_gw_crs_zg_bs_283155&quot; type&gt;&lt;/a&gt;,
	&lt;a class=&quot;a-link-normal&quot; href=&quot;/Confidence-Man-Making-Breaking-America/dp/0593297342/?_encoding=UTF8&amp;pd_rd_w=dqGOf&amp;content-id=amzn1.sym.64be5821-f651-4b0b-8dd3-4f9b884f10e5&amp;pf_rd_p=64be5821-f651-4b0b-8dd3-4f9b884f10e5&amp;pf_rd_r=0AFEHW28M5QQ959AA9JM&amp;pd_rd_wg=JGVrp&amp;pd_rd_r=32fa10d4-b906-4f10-861a-418346d6e892&amp;ref_=pd_gw_crs_zg_bs_283155&quot; type&gt;&lt;/a&gt;,
	&lt;a class=&quot;a-link-normal&quot; href=&quot;/Verity-Colleen-Hoover/dp/1538724731/?_encoding=UTF8&amp;pd_rd_w=dqGOf&amp;content-id=amzn1.sym.64be5821-f651-4b0b-8dd3-4f9b884f10e5&amp;pf_rd_p=64be5821-f651-4b0b-8dd3-4f9b884f10e5&amp;pf_rd_r=0AFEHW28M5QQ959AA9JM&amp;pd_rd_wg=JGVrp&amp;pd_rd_r=32fa10d4-b906-4f10-861a-418346d6e892&amp;ref_=pd_gw_crs_zg_bs_283155&quot; type&gt;&lt;/a&gt;,
	&lt;a class=&quot;a-link-normal&quot; href=&quot;/Ends-Us-Novel-Colleen-Hoover/dp/1501110365/?_encoding=UTF8&amp;pd_rd_w=dqGOf&amp;content-id=amzn1.sym.64be5821-f651-4b0b-8dd3-4f9b884f10e5&amp;pf_rd_p=64be5821-f651-4b0b-8dd3-4f9b884f10e5&amp;pf_rd_r=0AFEHW28M5QQ959AA9JM&amp;pd_rd_wg=JGVrp&amp;pd_rd_r=32fa10d4-b906-4f10-861a-418346d6e892&amp;ref_=pd_gw_crs_zg_bs_283155&quot; type&gt;&lt;/a&gt;,
	&lt;a class=&quot;a-link-normal&quot; href=&quot;/Im-Glad-My-Mom-Died/dp/1982185821/?_encoding=UTF8&amp;pd_rd_w=dqGOf&amp;content-id=amzn1.sym.64be5821-f651-4b0b-8dd3-4f9b884f10e5&amp;pf_rd_p=64be5821-f651-4b0b-8dd3-4f9b884f10e5&amp;pf_rd_r=0AFEHW28M5QQ959AA9JM&amp;pd_rd_wg=JGVrp&amp;pd_rd_r=32fa10d4-b906-4f10-861a-418346d6e892&amp;ref_=pd_gw_crs_zg_bs_283155&quot; type&gt;&lt;/a&gt;,
	&lt;a class=&quot;a-link-normal&quot; href=&quot;/Atomic-Habits-Proven-Build-Break/dp/0735211299/?_encoding=UTF8&amp;pd_rd_w=dqGOf&amp;content-id=amzn1.sym.64be5821-f651-4b0b-8dd3-4f9b884f10e5&amp;pf_rd_p=64be5821-f651-4b0b-8dd3-4f9b884f10e5&amp;pf_rd_r=0AFEHW28M5QQ959AA9JM&amp;pd_rd_wg=JGVrp&amp;pd_rd_r=32fa10d4-b906-4f10-861a-418346d6e892&amp;ref_=pd_gw_crs_zg_bs_283155&quot; type&gt;&lt;/a&gt;,
	&lt;a class=&quot;a-link-normal&quot; href=&quot;/Fairy-Tale-Stephen-King/dp/1668002175/?_encoding=UTF8&amp;pd_rd_w=dqGOf&amp;content-id=amzn1.sym.64be5821-f651-4b0b-8dd3-4f9b884f10e5&amp;pf_rd_p=64be5821-f651-4b0b-8dd3-4f9b884f10e5&amp;pf_rd_r=0AFEHW28M5QQ959AA9JM&amp;pd_rd_wg=JGVrp&amp;pd_rd_r=32fa10d4-b906-4f10-861a-418346d6e892&amp;ref_=pd_gw_crs_zg_bs_283155&quot; type&gt;&lt;/a&gt;,
	&lt;a class=&quot;a-link-normal&quot; href=&quot;/Glad-You-Were-Born-Celebrating/dp/031077702X/?_encoding=UTF8&amp;pd_rd_w=dqGOf&amp;content-id=amzn1.sym.64be5821-f651-4b0b-8dd3-4f9b884f10e5&amp;pf_rd_p=64be5821-f651-4b0b-8dd3-4f9b884f10e5&amp;pf_rd_r=0AFEHW28M5QQ959AA9JM&amp;pd_rd_wg=JGVrp&amp;pd_rd_r=32fa10d4-b906-4f10-861a-418346d6e892&amp;ref_=pd_gw_crs_zg_bs_283155&quot; type&gt;&lt;/a&gt;,
	&lt;a class=&quot;a-link-normal&quot; href=&quot;/Reminders-Him-Novel-Colleen-Hoover/dp/1542025605/?_encoding=UTF8&amp;pd_rd_w=dqGOf&amp;content-id=amzn1.sym.64be5821-f651-4b0b-8dd3-4f9b884f10e5&amp;pf_rd_p=64be5821-f651-4b0b-8dd3-4f9b884f10e5&amp;pf_rd_r=0AFEHW28M5QQ959AA9JM&amp;pd_rd_wg=JGVrp&amp;pd_rd_r=32fa10d4-b906-4f10-861a-418346d6e892&amp;ref_=pd_gw_crs_zg_bs_283155&quot; type displayed:false&gt;&lt;/a&gt;,
	&lt;a class=&quot;a-link-normal&quot; href=&quot;/Little-Trucks-Halloween-Alice-Schertle/dp/0544772539/?_encoding=UTF8&amp;pd_rd_w=dqGOf&amp;content-id=amzn1.sym.64be5821-f651-4b0b-8dd3-4f9b884f10e5&amp;pf_rd_p=64be5821-f651-4b0b-8dd3-4f9b884f10e5&amp;pf_rd_r=0AFEHW28M5QQ959AA9JM&amp;pd_rd_wg=JGVrp&amp;pd_rd_r=32fa10d4-b906-4f10-861a-418346d6e892&amp;ref_=pd_gw_crs_zg_bs_283155&quot; type displayed:false&gt;&lt;/a&gt;,
	&lt;a class=&quot;a-link-normal&quot; href=&quot;/Live-Wire-Long-Winded-Short-Stories/dp/0063073307/?_encoding=UTF8&amp;pd_rd_w=dqGOf&amp;content-id=amzn1.sym.64be5821-f651-4b0b-8dd3-4f9b884f10e5&amp;pf_rd_p=64be5821-f651-4b0b-8dd3-4f9b884f10e5&amp;pf_rd_r=0AFEHW28M5QQ959AA9JM&amp;pd_rd_wg=JGVrp&amp;pd_rd_r=32fa10d4-b906-4f10-861a-418346d6e892&amp;ref_=pd_gw_crs_zg_bs_283155&quot; type displayed:false&gt;&lt;/a&gt;,
	&lt;a class=&quot;a-link-normal&quot; href=&quot;/Where-Crawdads-Sing-Delia-Owens/dp/0735219109/?_encoding=UTF8&amp;pd_rd_w=dqGOf&amp;content-id=amzn1.sym.64be5821-f651-4b0b-8dd3-4f9b884f10e5&amp;pf_rd_p=64be5821-f651-4b0b-8dd3-4f9b884f10e5&amp;pf_rd_r=0AFEHW28M5QQ959AA9JM&amp;pd_rd_wg=JGVrp&amp;pd_rd_r=32fa10d4-b906-4f10-861a-418346d6e892&amp;ref_=pd_gw_crs_zg_bs_283155&quot; type displayed:false&gt;&lt;/a&gt;,
	&lt;a class=&quot;a-link-normal&quot; href=&quot;/Ugly-Love-Novel-Colleen-Hoover/dp/1476753180/?_encoding=UTF8&amp;pd_rd_w=dqGOf&amp;content-id=amzn1.sym.64be5821-f651-4b0b-8dd3-4f9b884f10e5&amp;pf_rd_p=64be5821-f651-4b0b-8dd3-4f9b884f10e5&amp;pf_rd_r=0AFEHW28M5QQ959AA9JM&amp;pd_rd_wg=JGVrp&amp;pd_rd_r=32fa10d4-b906-4f10-861a-418346d6e892&amp;ref_=pd_gw_crs_zg_bs_283155&quot; type displayed:false&gt;&lt;/a&gt;,
	&lt;a class=&quot;a-link-normal&quot; href=&quot;/Very-Hungry-Caterpillar-Eric-Carle/dp/0399226907/?_encoding=UTF8&amp;pd_rd_w=dqGOf&amp;content-id=amzn1.sym.64be5821-f651-4b0b-8dd3-4f9b884f10e5&amp;pf_rd_p=64be5821-f651-4b0b-8dd3-4f9b884f10e5&amp;pf_rd_r=0AFEHW28M5QQ959AA9JM&amp;pd_rd_wg=JGVrp&amp;pd_rd_r=32fa10d4-b906-4f10-861a-418346d6e892&amp;ref_=pd_gw_crs_zg_bs_283155&quot; type displayed:false&gt;&lt;/a&gt;,
	&lt;a class=&quot;a-link-normal&quot; href=&quot;/Harry-Potter-Order-Phoenix-Illustrated/dp/054579143X/?_encoding=UTF8&amp;pd_rd_w=dqGOf&amp;content-id=amzn1.sym.64be5821-f651-4b0b-8dd3-4f9b884f10e5&amp;pf_rd_p=64be5821-f651-4b0b-8dd3-4f9b884f10e5&amp;pf_rd_r=0AFEHW28M5QQ959AA9JM&amp;pd_rd_wg=JGVrp&amp;pd_rd_r=32fa10d4-b906-4f10-861a-418346d6e892&amp;ref_=pd_gw_crs_zg_bs_283155&quot; type displayed:false&gt;&lt;/a&gt;,
	&lt;a class=&quot;a-link-normal&quot; href=&quot;/Verity-Colleen-Hoover/dp/1538739720/?_encoding=UTF8&amp;pd_rd_w=dqGOf&amp;content-id=amzn1.sym.64be5821-f651-4b0b-8dd3-4f9b884f10e5&amp;pf_rd_p=64be5821-f651-4b0b-8dd3-4f9b884f10e5&amp;pf_rd_r=0AFEHW28M5QQ959AA9JM&amp;pd_rd_wg=JGVrp&amp;pd_rd_r=32fa10d4-b906-4f10-861a-418346d6e892&amp;ref_=pd_gw_crs_zg_bs_283155&quot; type displayed:false&gt;&lt;/a&gt;,
	&lt;a class=&quot;a-link-normal&quot; href=&quot;/Seven-Husbands-Evelyn-Hugo-Novel/dp/1501161938/?_encoding=UTF8&amp;pd_rd_w=dqGOf&amp;content-id=amzn1.sym.64be5821-f651-4b0b-8dd3-4f9b884f10e5&amp;pf_rd_p=64be5821-f651-4b0b-8dd3-4f9b884f10e5&amp;pf_rd_r=0AFEHW28M5QQ959AA9JM&amp;pd_rd_wg=JGVrp&amp;pd_rd_r=32fa10d4-b906-4f10-861a-418346d6e892&amp;ref_=pd_gw_crs_zg_bs_283155&quot; type displayed:false&gt;&lt;/a&gt;,
	&lt;a class=&quot;a-link-normal&quot; href=&quot;/Disney-Wheres-Mickey-Look-Find/dp/150373935X/?_encoding=UTF8&amp;pd_rd_w=dqGOf&amp;content-id=amzn1.sym.64be5821-f651-4b0b-8dd3-4f9b884f10e5&amp;pf_rd_p=64be5821-f651-4b0b-8dd3-4f9b884f10e5&amp;pf_rd_r=0AFEHW28M5QQ959AA9JM&amp;pd_rd_wg=JGVrp&amp;pd_rd_r=32fa10d4-b906-4f10-861a-418346d6e892&amp;ref_=pd_gw_crs_zg_bs_283155&quot; type displayed:false&gt;&lt;/a&gt;,
	&lt;a class=&quot;a-link-normal&quot; href=&quot;/Spooky-Pookie-Little-Sandra-Boynton/dp/1481497677/?_encoding=UTF8&amp;pd_rd_w=dqGOf&amp;content-id=amzn1.sym.64be5821-f651-4b0b-8dd3-4f9b884f10e5&amp;pf_rd_p=64be5821-f651-4b0b-8dd3-4f9b884f10e5&amp;pf_rd_r=0AFEHW28M5QQ959AA9JM&amp;pd_rd_wg=JGVrp&amp;pd_rd_r=32fa10d4-b906-4f10-861a-418346d6e892&amp;ref_=pd_gw_crs_zg_bs_283155&quot; type displayed:false&gt;&lt;/a&gt;,
	&lt;a class=&quot;a-link-normal&quot; href=&quot;/Dreamland-Novel-Nicholas-Sparks/dp/059344955X/?_encoding=UTF8&amp;pd_rd_w=dqGOf&amp;content-id=amzn1.sym.64be5821-f651-4b0b-8dd3-4f9b884f10e5&amp;pf_rd_p=64be5821-f651-4b0b-8dd3-4f9b884f10e5&amp;pf_rd_r=0AFEHW28M5QQ959AA9JM&amp;pd_rd_wg=JGVrp&amp;pd_rd_r=32fa10d4-b906-4f10-861a-418346d6e892&amp;ref_=pd_gw_crs_zg_bs_283155&quot; type displayed:false&gt;&lt;/a&gt;,
	&lt;a class=&quot;a-link-normal&quot; href=&quot;/November-9-Novel-Colleen-Hoover/dp/1501110349/?_encoding=UTF8&amp;pd_rd_w=dqGOf&amp;content-id=amzn1.sym.64be5821-f651-4b0b-8dd3-4f9b884f10e5&amp;pf_rd_p=64be5821-f651-4b0b-8dd3-4f9b884f10e5&amp;pf_rd_r=0AFEHW28M5QQ959AA9JM&amp;pd_rd_wg=JGVrp&amp;pd_rd_r=32fa10d4-b906-4f10-861a-418346d6e892&amp;ref_=pd_gw_crs_zg_bs_283155&quot; type displayed:false&gt;&lt;/a&gt;,
	&lt;a class=&quot;a-link-normal&quot; href=&quot;/How-Catch-Witch-Alice-Walstead/dp/1728210356/?_encoding=UTF8&amp;pd_rd_w=dqGOf&amp;content-id=amzn1.sym.64be5821-f651-4b0b-8dd3-4f9b884f10e5&amp;pf_rd_p=64be5821-f651-4b0b-8dd3-4f9b884f10e5&amp;pf_rd_r=0AFEHW28M5QQ959AA9JM&amp;pd_rd_wg=JGVrp&amp;pd_rd_r=32fa10d4-b906-4f10-861a-418346d6e892&amp;ref_=pd_gw_crs_zg_bs_283155&quot; type displayed:false&gt;&lt;/a&gt;,
	&lt;a class=&quot;a-link-normal&quot; href=&quot;/Jacques-P%C3%A9pin-Art-Chicken-Paintings/dp/0358654513/?_encoding=UTF8&amp;pd_rd_w=dqGOf&amp;content-id=amzn1.sym.64be5821-f651-4b0b-8dd3-4f9b884f10e5&amp;pf_rd_p=64be5821-f651-4b0b-8dd3-4f9b884f10e5&amp;pf_rd_r=0AFEHW28M5QQ959AA9JM&amp;pd_rd_wg=JGVrp&amp;pd_rd_r=32fa10d4-b906-4f10-861a-418346d6e892&amp;ref_=pd_gw_crs_zg_bs_283155&quot; type displayed:false&gt;&lt;/a&gt;,
	&lt;a class=&quot;a-link-normal&quot; href=&quot;/I-Love-You-Moon-Back/dp/1589255518/?_encoding=UTF8&amp;pd_rd_w=dqGOf&amp;content-id=amzn1.sym.64be5821-f651-4b0b-8dd3-4f9b884f10e5&amp;pf_rd_p=64be5821-f651-4b0b-8dd3-4f9b884f10e5&amp;pf_rd_r=0AFEHW28M5QQ959AA9JM&amp;pd_rd_wg=JGVrp&amp;pd_rd_r=32fa10d4-b906-4f10-861a-418346d6e892&amp;ref_=pd_gw_crs_zg_bs_283155&quot; type displayed:false&gt;&lt;/a&gt;,
	&lt;a class=&quot;a-link-normal&quot; href=&quot;/Brown-Bear-What-You-See/dp/0805047905/?_encoding=UTF8&amp;pd_rd_w=dqGOf&amp;content-id=amzn1.sym.64be5821-f651-4b0b-8dd3-4f9b884f10e5&amp;pf_rd_p=64be5821-f651-4b0b-8dd3-4f9b884f10e5&amp;pf_rd_r=0AFEHW28M5QQ959AA9JM&amp;pd_rd_wg=JGVrp&amp;pd_rd_r=32fa10d4-b906-4f10-861a-418346d6e892&amp;ref_=pd_gw_crs_zg_bs_283155&quot; type displayed:false&gt;&lt;/a&gt;,
	&lt;a class=&quot;a-link-normal&quot; href=&quot;/My-First-Learn-Write-Workbook/dp/1641526270/?_encoding=UTF8&amp;pd_rd_w=dqGOf&amp;content-id=amzn1.sym.64be5821-f651-4b0b-8dd3-4f9b884f10e5&amp;pf_rd_p=64be5821-f651-4b0b-8dd3-4f9b884f10e5&amp;pf_rd_r=0AFEHW28M5QQ959AA9JM&amp;pd_rd_wg=JGVrp&amp;pd_rd_r=32fa10d4-b906-4f10-861a-418346d6e892&amp;ref_=pd_gw_crs_zg_bs_283155&quot; type displayed:false&gt;&lt;/a&gt;,
	&lt;a class=&quot;a-link-normal&quot; href=&quot;/Adrift-America-Charts-Scott-Galloway/dp/0593542401/?_encoding=UTF8&amp;pd_rd_w=dqGOf&amp;content-id=amzn1.sym.64be5821-f651-4b0b-8dd3-4f9b884f10e5&amp;pf_rd_p=64be5821-f651-4b0b-8dd3-4f9b884f10e5&amp;pf_rd_r=0AFEHW28M5QQ959AA9JM&amp;pd_rd_wg=JGVrp&amp;pd_rd_r=32fa10d4-b906-4f10-861a-418346d6e892&amp;ref_=pd_gw_crs_zg_bs_283155&quot; type displayed:false&gt;&lt;/a&gt;,
	&lt;a class=&quot;a-link-normal&quot; href=&quot;/48-Laws-Power-Robert-Greene/dp/0140280197/?_encoding=UTF8&amp;pd_rd_w=dqGOf&amp;content-id=amzn1.sym.64be5821-f651-4b0b-8dd3-4f9b884f10e5&amp;pf_rd_p=64be5821-f651-4b0b-8dd3-4f9b884f10e5&amp;pf_rd_r=0AFEHW28M5QQ959AA9JM&amp;pd_rd_wg=JGVrp&amp;pd_rd_r=32fa10d4-b906-4f10-861a-418346d6e892&amp;ref_=pd_gw_crs_zg_bs_283155&quot; type displayed:false&gt;&lt;/a&gt;,
	&lt;a class=&quot;a-link-normal&quot; href=&quot;/Diper-%C3%96verl%C3%B6de-Diary-Wimpy-Book/dp/141976294X/?_encoding=UTF8&amp;pd_rd_w=dqGOf&amp;content-id=amzn1.sym.64be5821-f651-4b0b-8dd3-4f9b884f10e5&amp;pf_rd_p=64be5821-f651-4b0b-8dd3-4f9b884f10e5&amp;pf_rd_r=0AFEHW28M5QQ959AA9JM&amp;pd_rd_wg=JGVrp&amp;pd_rd_r=32fa10d4-b906-4f10-861a-418346d6e892&amp;ref_=pd_gw_crs_zg_bs_283155&quot; type displayed:false&gt;&lt;/a&gt;,
	&lt;a class=&quot;a-link-normal&quot; href=&quot;/Lighter-Connect-Present-Expand-Future/dp/0593233174/?_encoding=UTF8&amp;pd_rd_w=dqGOf&amp;content-id=amzn1.sym.64be5821-f651-4b0b-8dd3-4f9b884f10e5&amp;pf_rd_p=64be5821-f651-4b0b-8dd3-4f9b884f10e5&amp;pf_rd_r=0AFEHW28M5QQ959AA9JM&amp;pd_rd_wg=JGVrp&amp;pd_rd_r=32fa10d4-b906-4f10-861a-418346d6e892&amp;ref_=pd_gw_crs_zg_bs_283155&quot; type displayed:false&gt;&lt;/a&gt;,
	&lt;a aria-hidden=&quot;true&quot; aria-label=&quot;Carousel previous slide&quot; class=&quot;a-link-normal feed-carousel-control feed-left feed-control-disabled&quot; href=&quot;#&quot; tabindex=&quot;-1&quot; type displayed:false&gt;&lt;/a&gt;,
	&lt;a aria-hidden=&quot;true&quot; aria-label=&quot;Carousel next slide&quot; class=&quot;a-link-normal feed-carousel-control feed-right&quot; href=&quot;#&quot; tabindex=&quot;-1&quot; type displayed:false&gt;&lt;/a&gt;,
	&lt;a class=&quot;a-link-normal center-image aok-block image-window&quot; href=&quot;/b?node=23574082011&quot; type&gt;&lt;/a&gt;,
	&lt;a class=&quot;a-link-normal see-more truncate-1line&quot; href=&quot;/b?node=23574082011&quot; type&gt;See more on Handmade&lt;/a&gt;,
	&lt;a class=&quot;a-link-normal center-image aok-block image-window&quot; href=&quot;/deals?deals-widget=%257B%2522version%2522%253A1%252C%2522viewIndex%2522%253A0%252C%2522presetId%2522%253A%25226228037F24FB3AFFBB407B74FCA18319%2522%252C%2522sorting%2522%253A%2522BY_CUSTOM_CRITERION%2522%257D&amp;ref=oihdeals22GWBTF&quot; type&gt;&lt;/a&gt;,
	&lt;a class=&quot;a-link-normal see-more truncate-1line&quot; href=&quot;/deals?deals-widget=%257B%2522version%2522%253A1%252C%2522viewIndex%2522%253A0%252C%2522presetId%2522%253A%25226228037F24FB3AFFBB407B74FCA18319%2522%252C%2522sorting%2522%253A%2522BY_CUSTOM_CRITERION%2522%257D&amp;ref=oihdeals22GWBTF&quot; type&gt;Shop fall deals&lt;/a&gt;,
	&lt;a class=&quot;a-link-normal center-image aok-block image-window&quot; href=&quot;/hp/wlp/pipeline/membersignup?clientId=PrimeEarlyAccessSale&amp;ingressId=Gateway&amp;primeCampaignId=PEAS2022&quot; type&gt;&lt;/a&gt;,
	&lt;a class=&quot;a-link-normal see-more truncate-1line&quot; href=&quot;/hp/wlp/pipeline/membersignup?clientId=PrimeEarlyAccessSale&amp;ingressId=Gateway&amp;primeCampaignId=PEAS2022&quot; type&gt;Activate Prime benefits&lt;/a&gt;,
	&lt;a class=&quot;a-link-normal center-image aok-block image-window&quot; href=&quot;/music/unlimited?ref=dmm_gw_catcard_desktop_amu_acq_peas_sw_us_en_prime_0922&quot; type&gt;&lt;/a&gt;,
	&lt;a class=&quot;a-link-normal see-more truncate-1line&quot; href=&quot;/music/unlimited?ref=dmm_gw_catcard_desktop_amu_acq_peas_sw_prime_0922&quot; type&gt;Try Amazon Music Unlimited&lt;/a&gt;,
	&lt;a class=&quot;a-link-normal&quot; href=&quot;/Apple-20W-USB-C-Power-Adapter/dp/B08L5M9BTJ/?_encoding=UTF8&amp;pd_rd_w=BMTz4&amp;content-id=amzn1.sym.64be5821-f651-4b0b-8dd3-4f9b884f10e5&amp;pf_rd_p=64be5821-f651-4b0b-8dd3-4f9b884f10e5&amp;pf_rd_r=0AFEHW28M5QQ959AA9JM&amp;pd_rd_wg=JGVrp&amp;pd_rd_r=32fa10d4-b906-4f10-861a-418346d6e892&amp;ref_=pd_gw_crs_zg_bs_2335752011&quot; type&gt;&lt;/a&gt;,
	&lt;a class=&quot;a-link-normal&quot; href=&quot;/AILUN-Protector-Compatible-Tempered-Anti-Scratch/dp/B07H2V5YLH/?_encoding=UTF8&amp;pd_rd_w=BMTz4&amp;content-id=amzn1.sym.64be5821-f651-4b0b-8dd3-4f9b884f10e5&amp;pf_rd_p=64be5821-f651-4b0b-8dd3-4f9b884f10e5&amp;pf_rd_r=0AFEHW28M5QQ959AA9JM&amp;pd_rd_wg=JGVrp&amp;pd_rd_r=32fa10d4-b906-4f10-861a-418346d6e892&amp;ref_=pd_gw_crs_zg_bs_2335752011&quot; type&gt;&lt;/a&gt;,
	&lt;a class=&quot;a-link-normal&quot; href=&quot;/Smiling-Compatible-Ultra-Thin-Protective-Transparent/dp/B09K3T4467/?_encoding=UTF8&amp;pd_rd_w=BMTz4&amp;content-id=amzn1.sym.64be5821-f651-4b0b-8dd3-4f9b884f10e5&amp;pf_rd_p=64be5821-f651-4b0b-8dd3-4f9b884f10e5&amp;pf_rd_r=0AFEHW28M5QQ959AA9JM&amp;pd_rd_wg=JGVrp&amp;pd_rd_r=32fa10d4-b906-4f10-861a-418346d6e892&amp;ref_=pd_gw_crs_zg_bs_2335752011&quot; type&gt;&lt;/a&gt;,
	&lt;a class=&quot;a-link-normal&quot; href=&quot;/Ailun-Protector-Compatible-Friendly-Tempered/dp/B08DGNGDFR/?_encoding=UTF8&amp;pd_rd_w=BMTz4&amp;content-id=amzn1.sym.64be5821-f651-4b0b-8dd3-4f9b884f10e5&amp;pf_rd_p=64be5821-f651-4b0b-8dd3-4f9b884f10e5&amp;pf_rd_r=0AFEHW28M5QQ959AA9JM&amp;pd_rd_wg=JGVrp&amp;pd_rd_r=32fa10d4-b906-4f10-861a-418346d6e892&amp;ref_=pd_gw_crs_zg_bs_2335752011&quot; type&gt;&lt;/a&gt;,
	&lt;a class=&quot;a-link-normal&quot; href=&quot;/Ailun-Protector-Compatible-Tempered-Friendly/dp/B09CSSP9C1/?_encoding=UTF8&amp;pd_rd_w=BMTz4&amp;content-id=amzn1.sym.64be5821-f651-4b0b-8dd3-4f9b884f10e5&amp;pf_rd_p=64be5821-f651-4b0b-8dd3-4f9b884f10e5&amp;pf_rd_r=0AFEHW28M5QQ959AA9JM&amp;pd_rd_wg=JGVrp&amp;pd_rd_r=32fa10d4-b906-4f10-861a-418346d6e892&amp;ref_=pd_gw_crs_zg_bs_2335752011&quot; type&gt;&lt;/a&gt;,
	&lt;a class=&quot;a-link-normal&quot; href=&quot;/Ailun-Protector-Protection-Compatible-Friendly/dp/B0B768WHRS/?_encoding=UTF8&amp;pd_rd_w=BMTz4&amp;content-id=amzn1.sym.64be5821-f651-4b0b-8dd3-4f9b884f10e5&amp;pf_rd_p=64be5821-f651-4b0b-8dd3-4f9b884f10e5&amp;pf_rd_r=0AFEHW28M5QQ959AA9JM&amp;pd_rd_wg=JGVrp&amp;pd_rd_r=32fa10d4-b906-4f10-861a-418346d6e892&amp;ref_=pd_gw_crs_zg_bs_2335752011&quot; type&gt;&lt;/a&gt;,
	&lt;a class=&quot;a-link-normal&quot; href=&quot;/Ailun-Protector-Compatible-Tempered-Hardness/dp/B09CSYNDMH/?_encoding=UTF8&amp;pd_rd_w=BMTz4&amp;content-id=amzn1.sym.64be5821-f651-4b0b-8dd3-4f9b884f10e5&amp;pf_rd_p=64be5821-f651-4b0b-8dd3-4f9b884f10e5&amp;pf_rd_r=0AFEHW28M5QQ959AA9JM&amp;pd_rd_wg=JGVrp&amp;pd_rd_r=32fa10d4-b906-4f10-861a-418346d6e892&amp;ref_=pd_gw_crs_zg_bs_2335752011&quot; type&gt;&lt;/a&gt;,
	&lt;a class=&quot;a-link-normal&quot; href=&quot;/Misxi-Compatible-Protector-Tempered-Protective/dp/B07WRBDXZ8/?_encoding=UTF8&amp;pd_rd_w=BMTz4&amp;content-id=amzn1.sym.64be5821-f651-4b0b-8dd3-4f9b884f10e5&amp;pf_rd_p=64be5821-f651-4b0b-8dd3-4f9b884f10e5&amp;pf_rd_r=0AFEHW28M5QQ959AA9JM&amp;pd_rd_wg=JGVrp&amp;pd_rd_r=32fa10d4-b906-4f10-861a-418346d6e892&amp;ref_=pd_gw_crs_zg_bs_2335752011&quot; type displayed:false&gt;&lt;/a&gt;,
	&lt;a class=&quot;a-link-normal&quot; href=&quot;/Spigen-Tempered-Protector-designed-Friendly/dp/B0B23LW7NV/?_encoding=UTF8&amp;pd_rd_w=BMTz4&amp;content-id=amzn1.sym.64be5821-f651-4b0b-8dd3-4f9b884f10e5&amp;pf_rd_p=64be5821-f651-4b0b-8dd3-4f9b884f10e5&amp;pf_rd_r=0AFEHW28M5QQ959AA9JM&amp;pd_rd_wg=JGVrp&amp;pd_rd_r=32fa10d4-b906-4f10-861a-418346d6e892&amp;ref_=pd_gw_crs_zg_bs_2335752011&quot; type displayed:false&gt;&lt;/a&gt;,
	&lt;a class=&quot;a-link-normal&quot; href=&quot;/Ferilinso-Designed-Protector-Tempered-Installation/dp/B09BFN6R2V/?_encoding=UTF8&amp;pd_rd_w=BMTz4&amp;content-id=amzn1.sym.64be5821-f651-4b0b-8dd3-4f9b884f10e5&amp;pf_rd_p=64be5821-f651-4b0b-8dd3-4f9b884f10e5&amp;pf_rd_r=0AFEHW28M5QQ959AA9JM&amp;pd_rd_wg=JGVrp&amp;pd_rd_r=32fa10d4-b906-4f10-861a-418346d6e892&amp;ref_=pd_gw_crs_zg_bs_2335752011&quot; type displayed:false&gt;&lt;/a&gt;,
	&lt;a class=&quot;a-link-normal&quot; href=&quot;/QHOHQ-Protector-iPhone-13-6-1/dp/B09BZRM3RV/?_encoding=UTF8&amp;pd_rd_w=BMTz4&amp;content-id=amzn1.sym.64be5821-f651-4b0b-8dd3-4f9b884f10e5&amp;pf_rd_p=64be5821-f651-4b0b-8dd3-4f9b884f10e5&amp;pf_rd_r=0AFEHW28M5QQ959AA9JM&amp;pd_rd_wg=JGVrp&amp;pd_rd_r=32fa10d4-b906-4f10-861a-418346d6e892&amp;ref_=pd_gw_crs_zg_bs_2335752011&quot; type displayed:false&gt;&lt;/a&gt;,
	&lt;a class=&quot;a-link-normal&quot; href=&quot;/Ailun-Protector-Compatible-Tempered-Hardness/dp/B09CTF763F/?_encoding=UTF8&amp;pd_rd_w=BMTz4&amp;content-id=amzn1.sym.64be5821-f651-4b0b-8dd3-4f9b884f10e5&amp;pf_rd_p=64be5821-f651-4b0b-8dd3-4f9b884f10e5&amp;pf_rd_r=0AFEHW28M5QQ959AA9JM&amp;pd_rd_wg=JGVrp&amp;pd_rd_r=32fa10d4-b906-4f10-861a-418346d6e892&amp;ref_=pd_gw_crs_zg_bs_2335752011&quot; type displayed:false&gt;&lt;/a&gt;,
	&lt;a class=&quot;a-link-normal&quot; href=&quot;/Misxi-Protector-Compatible-Ultra-Thin-Protective/dp/B09JWDZ64S/?_encoding=UTF8&amp;pd_rd_w=BMTz4&amp;content-id=amzn1.sym.64be5821-f651-4b0b-8dd3-4f9b884f10e5&amp;pf_rd_p=64be5821-f651-4b0b-8dd3-4f9b884f10e5&amp;pf_rd_r=0AFEHW28M5QQ959AA9JM&amp;pd_rd_wg=JGVrp&amp;pd_rd_r=32fa10d4-b906-4f10-861a-418346d6e892&amp;ref_=pd_gw_crs_zg_bs_2335752011&quot; type displayed:false&gt;&lt;/a&gt;,
	&lt;a class=&quot;a-link-normal&quot; href=&quot;/Ailun-Protector-Protection-Compatible-Friendly/dp/B0B76KJXWV/?_encoding=UTF8&amp;pd_rd_w=BMTz4&amp;content-id=amzn1.sym.64be5821-f651-4b0b-8dd3-4f9b884f10e5&amp;pf_rd_p=64be5821-f651-4b0b-8dd3-4f9b884f10e5&amp;pf_rd_r=0AFEHW28M5QQ959AA9JM&amp;pd_rd_wg=JGVrp&amp;pd_rd_r=32fa10d4-b906-4f10-861a-418346d6e892&amp;ref_=pd_gw_crs_zg_bs_2335752011&quot; type displayed:false&gt;&lt;/a&gt;,
	&lt;a class=&quot;a-link-normal&quot; href=&quot;/Upgrade-Portable-Wireless-Charging-Compatible/dp/B09PH4LS1B/?_encoding=UTF8&amp;pd_rd_w=BMTz4&amp;content-id=amzn1.sym.64be5821-f651-4b0b-8dd3-4f9b884f10e5&amp;pf_rd_p=64be5821-f651-4b0b-8dd3-4f9b884f10e5&amp;pf_rd_r=0AFEHW28M5QQ959AA9JM&amp;pd_rd_wg=JGVrp&amp;pd_rd_r=32fa10d4-b906-4f10-861a-418346d6e892&amp;ref_=pd_gw_crs_zg_bs_2335752011&quot; type displayed:false&gt;&lt;/a&gt;,
	&lt;a class=&quot;a-link-normal&quot; href=&quot;/Protector-Anti-Scratch-Anti-Fingerprints-Bubble-Free-Transparent/dp/B07NC8K8H2/?_encoding=UTF8&amp;pd_rd_w=BMTz4&amp;content-id=amzn1.sym.64be5821-f651-4b0b-8dd3-4f9b884f10e5&amp;pf_rd_p=64be5821-f651-4b0b-8dd3-4f9b884f10e5&amp;pf_rd_r=0AFEHW28M5QQ959AA9JM&amp;pd_rd_wg=JGVrp&amp;pd_rd_r=32fa10d4-b906-4f10-861a-418346d6e892&amp;ref_=pd_gw_crs_zg_bs_2335752011&quot; type displayed:false&gt;&lt;/a&gt;,
	&lt;a class=&quot;a-link-normal&quot; href=&quot;/Ferilinso-iPhone-Pro-Max-Accessories/dp/B0B6VPFHM1/?_encoding=UTF8&amp;pd_rd_w=BMTz4&amp;content-id=amzn1.sym.64be5821-f651-4b0b-8dd3-4f9b884f10e5&amp;pf_rd_p=64be5821-f651-4b0b-8dd3-4f9b884f10e5&amp;pf_rd_r=0AFEHW28M5QQ959AA9JM&amp;pd_rd_wg=JGVrp&amp;pd_rd_r=32fa10d4-b906-4f10-861a-418346d6e892&amp;ref_=pd_gw_crs_zg_bs_2335752011&quot; type displayed:false&gt;&lt;/a&gt;,
	&lt;a class=&quot;a-link-normal&quot; href=&quot;/QHOHQ-iPhone-Pro-6-1-Compatible/dp/B0B5RXXPGV/?_encoding=UTF8&amp;pd_rd_w=BMTz4&amp;content-id=amzn1.sym.64be5821-f651-4b0b-8dd3-4f9b884f10e5&amp;pf_rd_p=64be5821-f651-4b0b-8dd3-4f9b884f10e5&amp;pf_rd_r=0AFEHW28M5QQ959AA9JM&amp;pd_rd_wg=JGVrp&amp;pd_rd_r=32fa10d4-b906-4f10-861a-418346d6e892&amp;ref_=pd_gw_crs_zg_bs_2335752011&quot; type displayed:false&gt;&lt;/a&gt;,
	&lt;a class=&quot;a-link-normal&quot; href=&quot;/Wireless-Qi-Certified-Charging-Compatible-Qi-Enabled/dp/B079KZ49PJ/?_encoding=UTF8&amp;pd_rd_w=BMTz4&amp;content-id=amzn1.sym.64be5821-f651-4b0b-8dd3-4f9b884f10e5&amp;pf_rd_p=64be5821-f651-4b0b-8dd3-4f9b884f10e5&amp;pf_rd_r=0AFEHW28M5QQ959AA9JM&amp;pd_rd_wg=JGVrp&amp;pd_rd_r=32fa10d4-b906-4f10-861a-418346d6e892&amp;ref_=pd_gw_crs_zg_bs_2335752011&quot; type displayed:false&gt;&lt;/a&gt;,
	&lt;a class=&quot;a-link-normal&quot; href=&quot;/Compatible-Silicone-Waterproof-Wristbands-iWatch/dp/B09KNCDSWN/?_encoding=UTF8&amp;pd_rd_w=BMTz4&amp;content-id=amzn1.sym.64be5821-f651-4b0b-8dd3-4f9b884f10e5&amp;pf_rd_p=64be5821-f651-4b0b-8dd3-4f9b884f10e5&amp;pf_rd_r=0AFEHW28M5QQ959AA9JM&amp;pd_rd_wg=JGVrp&amp;pd_rd_r=32fa10d4-b906-4f10-861a-418346d6e892&amp;ref_=pd_gw_crs_zg_bs_2335752011&quot; type displayed:false&gt;&lt;/a&gt;,
	&lt;a class=&quot;a-link-normal&quot; href=&quot;/PopSockets-PopGrip-Swappable-Phones-Tablets/dp/B07P29XQR4/?_encoding=UTF8&amp;pd_rd_w=BMTz4&amp;content-id=amzn1.sym.64be5821-f651-4b0b-8dd3-4f9b884f10e5&amp;pf_rd_p=64be5821-f651-4b0b-8dd3-4f9b884f10e5&amp;pf_rd_r=0AFEHW28M5QQ959AA9JM&amp;pd_rd_wg=JGVrp&amp;pd_rd_r=32fa10d4-b906-4f10-861a-418346d6e892&amp;ref_=pd_gw_crs_zg_bs_2335752011&quot; type displayed:false&gt;&lt;/a&gt;,
	&lt;a class=&quot;a-link-normal&quot; href=&quot;/Female-Adapter-Charger-Airpods-Samsung/dp/B079LYHNSR/?_encoding=UTF8&amp;pd_rd_w=BMTz4&amp;content-id=amzn1.sym.64be5821-f651-4b0b-8dd3-4f9b884f10e5&amp;pf_rd_p=64be5821-f651-4b0b-8dd3-4f9b884f10e5&amp;pf_rd_r=0AFEHW28M5QQ959AA9JM&amp;pd_rd_wg=JGVrp&amp;pd_rd_r=32fa10d4-b906-4f10-861a-418346d6e892&amp;ref_=pd_gw_crs_zg_bs_2335752011&quot; type displayed:false&gt;&lt;/a&gt;,
	&lt;a class=&quot;a-link-normal&quot; href=&quot;/Spigen-Tempered-Protector-designed-Friendly/dp/B0B244R4KB/?_encoding=UTF8&amp;pd_rd_w=BMTz4&amp;content-id=amzn1.sym.64be5821-f651-4b0b-8dd3-4f9b884f10e5&amp;pf_rd_p=64be5821-f651-4b0b-8dd3-4f9b884f10e5&amp;pf_rd_r=0AFEHW28M5QQ959AA9JM&amp;pd_rd_wg=JGVrp&amp;pd_rd_r=32fa10d4-b906-4f10-861a-418346d6e892&amp;ref_=pd_gw_crs_zg_bs_2335752011&quot; type displayed:false&gt;&lt;/a&gt;,
	&lt;a class=&quot;a-link-normal&quot; href=&quot;/Ailun-Protector-Compatible-Tempered-Hardness/dp/B09CSP3B6T/?_encoding=UTF8&amp;pd_rd_w=BMTz4&amp;content-id=amzn1.sym.64be5821-f651-4b0b-8dd3-4f9b884f10e5&amp;pf_rd_p=64be5821-f651-4b0b-8dd3-4f9b884f10e5&amp;pf_rd_r=0AFEHW28M5QQ959AA9JM&amp;pd_rd_wg=JGVrp&amp;pd_rd_r=32fa10d4-b906-4f10-861a-418346d6e892&amp;ref_=pd_gw_crs_zg_bs_2335752011&quot; type displayed:false&gt;&lt;/a&gt;,
	&lt;a class=&quot;a-link-normal&quot; href=&quot;/Adepoy-Compatible-Silicone-Wristbands-Replacement/dp/B08HRKRWST/?_encoding=UTF8&amp;pd_rd_w=BMTz4&amp;content-id=amzn1.sym.64be5821-f651-4b0b-8dd3-4f9b884f10e5&amp;pf_rd_p=64be5821-f651-4b0b-8dd3-4f9b884f10e5&amp;pf_rd_r=0AFEHW28M5QQ959AA9JM&amp;pd_rd_wg=JGVrp&amp;pd_rd_r=32fa10d4-b906-4f10-861a-418346d6e892&amp;ref_=pd_gw_crs_zg_bs_2335752011&quot; type displayed:false&gt;&lt;/a&gt;,
	&lt;a class=&quot;a-link-normal&quot; href=&quot;/Spigen-Hybrid-Anti-Yellowing-Technology-Designed/dp/B0B1PG8T4S/?_encoding=UTF8&amp;pd_rd_w=BMTz4&amp;content-id=amzn1.sym.64be5821-f651-4b0b-8dd3-4f9b884f10e5&amp;pf_rd_p=64be5821-f651-4b0b-8dd3-4f9b884f10e5&amp;pf_rd_r=0AFEHW28M5QQ959AA9JM&amp;pd_rd_wg=JGVrp&amp;pd_rd_r=32fa10d4-b906-4f10-861a-418346d6e892&amp;ref_=pd_gw_crs_zg_bs_2335752011&quot; type displayed:false&gt;&lt;/a&gt;,
	&lt;a class=&quot;a-link-normal&quot; href=&quot;/QHOHQ-iPhone-Pro-Max-6-7/dp/B099DNGHBM/?_encoding=UTF8&amp;pd_rd_w=BMTz4&amp;content-id=amzn1.sym.64be5821-f651-4b0b-8dd3-4f9b884f10e5&amp;pf_rd_p=64be5821-f651-4b0b-8dd3-4f9b884f10e5&amp;pf_rd_r=0AFEHW28M5QQ959AA9JM&amp;pd_rd_wg=JGVrp&amp;pd_rd_r=32fa10d4-b906-4f10-861a-418346d6e892&amp;ref_=pd_gw_crs_zg_bs_2335752011&quot; type displayed:false&gt;&lt;/a&gt;,
	&lt;a aria-hidden=&quot;true&quot; aria-label=&quot;Carousel previous slide&quot; class=&quot;a-link-normal feed-carousel-control feed-left feed-control-disabled&quot; href=&quot;#&quot; tabindex=&quot;-1&quot; type displayed:false&gt;&lt;/a&gt;,
	&lt;a aria-hidden=&quot;true&quot; aria-label=&quot;Carousel next slide&quot; class=&quot;a-link-normal feed-carousel-control feed-right&quot; href=&quot;#&quot; tabindex=&quot;-1&quot; type displayed:false&gt;&lt;/a&gt;,
	&lt;a class=&quot;link--87_Ra&quot; href=&quot;/live/ref=gw_l_live&quot; type&gt;See more from Amazon Live&lt;/a&gt;,
	&lt;a role=&quot;button&quot; tabindex=&quot;-1&quot; type&gt;Amazon Influencer Program&lt;/a&gt;,
	&lt;a href=&quot;https://affiliate-program.amazon.com/influencers&quot; rel=&quot;noreferrer noopener&quot; target=&quot;_blank&quot; type displayed:false&gt;&lt;/a&gt;,
	&lt;a class=&quot;scroll-carousel_carouselControl__Id0y9 scroll-carousel_carouselHorizontalControl__1gDln scroll-carousel_feedLeft__2VUPq&quot; data-id=&quot;carouselControlFeedPrev&quot; type displayed:false&gt;&lt;/a&gt;,
	&lt;a class=&quot;scroll-carousel_carouselControl__Id0y9 scroll-carousel_carouselHorizontalControl__1gDln scroll-carousel_feedRight__3tG5G&quot; data-id=&quot;carouselControlFeedNext&quot; type displayed:false&gt;&lt;/a&gt;,
	&lt;a class=&quot;a-link-normal&quot; href=&quot;/essence-Princess-Effect-Mascara-Cruelty/dp/B00T0C9XRK/?_encoding=UTF8&amp;pd_rd_w=L1HZv&amp;content-id=amzn1.sym.64be5821-f651-4b0b-8dd3-4f9b884f10e5&amp;pf_rd_p=64be5821-f651-4b0b-8dd3-4f9b884f10e5&amp;pf_rd_r=0AFEHW28M5QQ959AA9JM&amp;pd_rd_wg=JGVrp&amp;pd_rd_r=32fa10d4-b906-4f10-861a-418346d6e892&amp;ref_=pd_gw_crs_zg_bs_3760911&quot; type&gt;&lt;/a&gt;,
	&lt;a class=&quot;a-link-normal&quot; href=&quot;/Neutrogena-Cleansing-Towelettes-Waterproof-Alcohol-Free/dp/B00U2VQZDS/?_encoding=UTF8&amp;pd_rd_w=L1HZv&amp;content-id=amzn1.sym.64be5821-f651-4b0b-8dd3-4f9b884f10e5&amp;pf_rd_p=64be5821-f651-4b0b-8dd3-4f9b884f10e5&amp;pf_rd_r=0AFEHW28M5QQ959AA9JM&amp;pd_rd_wg=JGVrp&amp;pd_rd_r=32fa10d4-b906-4f10-861a-418346d6e892&amp;ref_=pd_gw_crs_zg_bs_3760911&quot; type&gt;&lt;/a&gt;,
	&lt;a class=&quot;a-link-normal&quot; href=&quot;/NYX-Mechanical-Eye-Pencil-Black/dp/B005G9E9AW/?_encoding=UTF8&amp;pd_rd_w=L1HZv&amp;content-id=amzn1.sym.64be5821-f651-4b0b-8dd3-4f9b884f10e5&amp;pf_rd_p=64be5821-f651-4b0b-8dd3-4f9b884f10e5&amp;pf_rd_r=0AFEHW28M5QQ959AA9JM&amp;pd_rd_wg=JGVrp&amp;pd_rd_r=32fa10d4-b906-4f10-861a-418346d6e892&amp;ref_=pd_gw_crs_zg_bs_3760911&quot; type&gt;&lt;/a&gt;,
	&lt;a class=&quot;a-link-normal&quot; href=&quot;/Continuous-Bottle-Atomizer-Styling-Cleaning/dp/B093KXK6RN/?_encoding=UTF8&amp;pd_rd_w=L1HZv&amp;content-id=amzn1.sym.64be5821-f651-4b0b-8dd3-4f9b884f10e5&amp;pf_rd_p=64be5821-f651-4b0b-8dd3-4f9b884f10e5&amp;pf_rd_r=0AFEHW28M5QQ959AA9JM&amp;pd_rd_wg=JGVrp&amp;pd_rd_r=32fa10d4-b906-4f10-861a-418346d6e892&amp;ref_=pd_gw_crs_zg_bs_3760911&quot; type&gt;&lt;/a&gt;,
	&lt;a class=&quot;a-link-normal&quot; href=&quot;/Paulas-Choice-SKIN-PERFECTING-Exfoliant-Facial-Blackheads/dp/B00949CTQQ/?_encoding=UTF8&amp;pd_rd_w=L1HZv&amp;content-id=amzn1.sym.64be5821-f651-4b0b-8dd3-4f9b884f10e5&amp;pf_rd_p=64be5821-f651-4b0b-8dd3-4f9b884f10e5&amp;pf_rd_r=0AFEHW28M5QQ959AA9JM&amp;pd_rd_wg=JGVrp&amp;pd_rd_r=32fa10d4-b906-4f10-861a-418346d6e892&amp;ref_=pd_gw_crs_zg_bs_3760911&quot; type&gt;&lt;/a&gt;,
	&lt;a class=&quot;a-link-normal&quot; href=&quot;/Schick-Multipurpose-Exfoliating-Dermaplaning-Precision/dp/B0787GLBMV/?_encoding=UTF8&amp;pd_rd_w=L1HZv&amp;content-id=amzn1.sym.64be5821-f651-4b0b-8dd3-4f9b884f10e5&amp;pf_rd_p=64be5821-f651-4b0b-8dd3-4f9b884f10e5&amp;pf_rd_r=0AFEHW28M5QQ959AA9JM&amp;pd_rd_wg=JGVrp&amp;pd_rd_r=32fa10d4-b906-4f10-861a-418346d6e892&amp;ref_=pd_gw_crs_zg_bs_3760911&quot; type&gt;&lt;/a&gt;,
	&lt;a class=&quot;a-link-normal&quot; href=&quot;/Strip-Eyelash-Adhesive-Clear-0-176/dp/B01BMMOAFU/?_encoding=UTF8&amp;pd_rd_w=L1HZv&amp;content-id=amzn1.sym.64be5821-f651-4b0b-8dd3-4f9b884f10e5&amp;pf_rd_p=64be5821-f651-4b0b-8dd3-4f9b884f10e5&amp;pf_rd_r=0AFEHW28M5QQ959AA9JM&amp;pd_rd_wg=JGVrp&amp;pd_rd_r=32fa10d4-b906-4f10-861a-418346d6e892&amp;ref_=pd_gw_crs_zg_bs_3760911&quot; type&gt;&lt;/a&gt;,
	&lt;a class=&quot;a-link-normal&quot; href=&quot;/PanOxyl-Foaming-Peroxide-Strength-Antimicrobial/dp/B081KL2QYJ/?_encoding=UTF8&amp;pd_rd_w=L1HZv&amp;content-id=amzn1.sym.64be5821-f651-4b0b-8dd3-4f9b884f10e5&amp;pf_rd_p=64be5821-f651-4b0b-8dd3-4f9b884f10e5&amp;pf_rd_r=0AFEHW28M5QQ959AA9JM&amp;pd_rd_wg=JGVrp&amp;pd_rd_r=32fa10d4-b906-4f10-861a-418346d6e892&amp;ref_=pd_gw_crs_zg_bs_3760911&quot; type&gt;&lt;/a&gt;,
	&lt;a class=&quot;a-link-normal&quot; href=&quot;/CeraVe-Moisturizing-Cream-Daily-Moisturizer/dp/B00TTD9BRC/?_encoding=UTF8&amp;pd_rd_w=L1HZv&amp;content-id=amzn1.sym.64be5821-f651-4b0b-8dd3-4f9b884f10e5&amp;pf_rd_p=64be5821-f651-4b0b-8dd3-4f9b884f10e5&amp;pf_rd_r=0AFEHW28M5QQ959AA9JM&amp;pd_rd_wg=JGVrp&amp;pd_rd_r=32fa10d4-b906-4f10-861a-418346d6e892&amp;ref_=pd_gw_crs_zg_bs_3760911&quot; type displayed:false&gt;&lt;/a&gt;,
	&lt;a class=&quot;a-link-normal&quot; href=&quot;/Nizoral-Anti-Dandruff-Shampoo-Ketoconazole-Dandruff/dp/B00AINMFAC/?_encoding=UTF8&amp;pd_rd_w=L1HZv&amp;content-id=amzn1.sym.64be5821-f651-4b0b-8dd3-4f9b884f10e5&amp;pf_rd_p=64be5821-f651-4b0b-8dd3-4f9b884f10e5&amp;pf_rd_r=0AFEHW28M5QQ959AA9JM&amp;pd_rd_wg=JGVrp&amp;pd_rd_r=32fa10d4-b906-4f10-861a-418346d6e892&amp;ref_=pd_gw_crs_zg_bs_3760911&quot; type displayed:false&gt;&lt;/a&gt;,
	&lt;a class=&quot;a-link-normal&quot; href=&quot;/CeraVe-Facial-Moisturizing-Lotion-Lightweight/dp/B00365DABC/?_encoding=UTF8&amp;pd_rd_w=L1HZv&amp;content-id=amzn1.sym.64be5821-f651-4b0b-8dd3-4f9b884f10e5&amp;pf_rd_p=64be5821-f651-4b0b-8dd3-4f9b884f10e5&amp;pf_rd_r=0AFEHW28M5QQ959AA9JM&amp;pd_rd_wg=JGVrp&amp;pd_rd_r=32fa10d4-b906-4f10-861a-418346d6e892&amp;ref_=pd_gw_crs_zg_bs_3760911&quot; type displayed:false&gt;&lt;/a&gt;,
	&lt;a class=&quot;a-link-normal&quot; href=&quot;/SC-Johnson-623181-Cotton-Standard/dp/B07GPP3XC1/?_encoding=UTF8&amp;pd_rd_w=L1HZv&amp;content-id=amzn1.sym.64be5821-f651-4b0b-8dd3-4f9b884f10e5&amp;pf_rd_p=64be5821-f651-4b0b-8dd3-4f9b884f10e5&amp;pf_rd_r=0AFEHW28M5QQ959AA9JM&amp;pd_rd_wg=JGVrp&amp;pd_rd_r=32fa10d4-b906-4f10-861a-418346d6e892&amp;ref_=pd_gw_crs_zg_bs_3760911&quot; type displayed:false&gt;&lt;/a&gt;,
	&lt;a class=&quot;a-link-normal&quot; href=&quot;/CeraVe-Hydrating-Facial-Cleanser-Fragrance/dp/B01MSSDEPK/?_encoding=UTF8&amp;pd_rd_w=L1HZv&amp;content-id=amzn1.sym.64be5821-f651-4b0b-8dd3-4f9b884f10e5&amp;pf_rd_p=64be5821-f651-4b0b-8dd3-4f9b884f10e5&amp;pf_rd_r=0AFEHW28M5QQ959AA9JM&amp;pd_rd_wg=JGVrp&amp;pd_rd_r=32fa10d4-b906-4f10-861a-418346d6e892&amp;ref_=pd_gw_crs_zg_bs_3760911&quot; type displayed:false&gt;&lt;/a&gt;,
	&lt;a class=&quot;a-link-normal&quot; href=&quot;/Maybelline-Instant-Circles-Treatment-Concealer/dp/B004Y9GTYE/?_encoding=UTF8&amp;pd_rd_w=L1HZv&amp;content-id=amzn1.sym.64be5821-f651-4b0b-8dd3-4f9b884f10e5&amp;pf_rd_p=64be5821-f651-4b0b-8dd3-4f9b884f10e5&amp;pf_rd_r=0AFEHW28M5QQ959AA9JM&amp;pd_rd_wg=JGVrp&amp;pd_rd_r=32fa10d4-b906-4f10-861a-418346d6e892&amp;ref_=pd_gw_crs_zg_bs_3760911&quot; type displayed:false&gt;&lt;/a&gt;,
	&lt;a class=&quot;a-link-normal&quot; href=&quot;/NYX-PROFESSIONAL-MAKEUP-Jumbo-Pencil/dp/B001TK4LM8/?_encoding=UTF8&amp;pd_rd_w=L1HZv&amp;content-id=amzn1.sym.64be5821-f651-4b0b-8dd3-4f9b884f10e5&amp;pf_rd_p=64be5821-f651-4b0b-8dd3-4f9b884f10e5&amp;pf_rd_r=0AFEHW28M5QQ959AA9JM&amp;pd_rd_wg=JGVrp&amp;pd_rd_r=32fa10d4-b906-4f10-861a-418346d6e892&amp;ref_=pd_gw_crs_zg_bs_3760911&quot; type displayed:false&gt;&lt;/a&gt;,
	&lt;a class=&quot;a-link-normal&quot; href=&quot;/Maybelline-Volumizing-Buildable-Lengthening-Multiplying/dp/B08H3JPH74/?_encoding=UTF8&amp;pd_rd_w=L1HZv&amp;content-id=amzn1.sym.64be5821-f651-4b0b-8dd3-4f9b884f10e5&amp;pf_rd_p=64be5821-f651-4b0b-8dd3-4f9b884f10e5&amp;pf_rd_r=0AFEHW28M5QQ959AA9JM&amp;pd_rd_wg=JGVrp&amp;pd_rd_r=32fa10d4-b906-4f10-861a-418346d6e892&amp;ref_=pd_gw_crs_zg_bs_3760911&quot; type displayed:false&gt;&lt;/a&gt;,
	&lt;a class=&quot;a-link-normal&quot; href=&quot;/CeraVe-Facial-Moisturizing-Lotion-AM/dp/B00F97FHAW/?_encoding=UTF8&amp;pd_rd_w=L1HZv&amp;content-id=amzn1.sym.64be5821-f651-4b0b-8dd3-4f9b884f10e5&amp;pf_rd_p=64be5821-f651-4b0b-8dd3-4f9b884f10e5&amp;pf_rd_r=0AFEHW28M5QQ959AA9JM&amp;pd_rd_wg=JGVrp&amp;pd_rd_r=32fa10d4-b906-4f10-861a-418346d6e892&amp;ref_=pd_gw_crs_zg_bs_3760911&quot; type displayed:false&gt;&lt;/a&gt;,
	&lt;a class=&quot;a-link-normal&quot; href=&quot;/Philips-Norelco-Multigroom-attachment-MG3750/dp/B01K1HPA60/?_encoding=UTF8&amp;pd_rd_w=L1HZv&amp;content-id=amzn1.sym.64be5821-f651-4b0b-8dd3-4f9b884f10e5&amp;pf_rd_p=64be5821-f651-4b0b-8dd3-4f9b884f10e5&amp;pf_rd_r=0AFEHW28M5QQ959AA9JM&amp;pd_rd_wg=JGVrp&amp;pd_rd_r=32fa10d4-b906-4f10-861a-418346d6e892&amp;ref_=pd_gw_crs_zg_bs_3760911&quot; type displayed:false&gt;&lt;/a&gt;,
	&lt;a class=&quot;a-link-normal&quot; href=&quot;/EltaMD-Acne-Prone-Mineral-Based-Dermatologist-Recommended/dp/B002MSN3QQ/?_encoding=UTF8&amp;pd_rd_w=L1HZv&amp;content-id=amzn1.sym.64be5821-f651-4b0b-8dd3-4f9b884f10e5&amp;pf_rd_p=64be5821-f651-4b0b-8dd3-4f9b884f10e5&amp;pf_rd_r=0AFEHW28M5QQ959AA9JM&amp;pd_rd_wg=JGVrp&amp;pd_rd_r=32fa10d4-b906-4f10-861a-418346d6e892&amp;ref_=pd_gw_crs_zg_bs_3760911&quot; type displayed:false&gt;&lt;/a&gt;,
	&lt;a class=&quot;a-link-normal&quot; href=&quot;/Differin-Adapalene-0-1-Acne-Treatment/dp/B07L1PHSY9/?_encoding=UTF8&amp;pd_rd_w=L1HZv&amp;content-id=amzn1.sym.64be5821-f651-4b0b-8dd3-4f9b884f10e5&amp;pf_rd_p=64be5821-f651-4b0b-8dd3-4f9b884f10e5&amp;pf_rd_r=0AFEHW28M5QQ959AA9JM&amp;pd_rd_wg=JGVrp&amp;pd_rd_r=32fa10d4-b906-4f10-861a-418346d6e892&amp;ref_=pd_gw_crs_zg_bs_3760911&quot; type displayed:false&gt;&lt;/a&gt;,
	&lt;a class=&quot;a-link-normal&quot; href=&quot;/Revlon-One-Step-Dryer-Volumizer-Brush/dp/B01LSUQSB0/?_encoding=UTF8&amp;pd_rd_w=L1HZv&amp;content-id=amzn1.sym.64be5821-f651-4b0b-8dd3-4f9b884f10e5&amp;pf_rd_p=64be5821-f651-4b0b-8dd3-4f9b884f10e5&amp;pf_rd_r=0AFEHW28M5QQ959AA9JM&amp;pd_rd_wg=JGVrp&amp;pd_rd_r=32fa10d4-b906-4f10-861a-418346d6e892&amp;ref_=pd_gw_crs_zg_bs_3760911&quot; type displayed:false&gt;&lt;/a&gt;,
	&lt;a class=&quot;a-link-normal&quot; href=&quot;/Handcraft-Rosemary-Essential-Oil-Therapeutic/dp/B0757Y44SK/?_encoding=UTF8&amp;pd_rd_w=L1HZv&amp;content-id=amzn1.sym.64be5821-f651-4b0b-8dd3-4f9b884f10e5&amp;pf_rd_p=64be5821-f651-4b0b-8dd3-4f9b884f10e5&amp;pf_rd_r=0AFEHW28M5QQ959AA9JM&amp;pd_rd_wg=JGVrp&amp;pd_rd_r=32fa10d4-b906-4f10-861a-418346d6e892&amp;ref_=pd_gw_crs_zg_bs_3760911&quot; type displayed:false&gt;&lt;/a&gt;,
	&lt;a class=&quot;a-link-normal&quot; href=&quot;/Pooplunch-Eyelashes-Fluffy-Dramatic-Multipack/dp/B09278TNHM/?_encoding=UTF8&amp;pd_rd_w=L1HZv&amp;content-id=amzn1.sym.64be5821-f651-4b0b-8dd3-4f9b884f10e5&amp;pf_rd_p=64be5821-f651-4b0b-8dd3-4f9b884f10e5&amp;pf_rd_r=0AFEHW28M5QQ959AA9JM&amp;pd_rd_wg=JGVrp&amp;pd_rd_r=32fa10d4-b906-4f10-861a-418346d6e892&amp;ref_=pd_gw_crs_zg_bs_3760911&quot; type displayed:false&gt;&lt;/a&gt;,
	&lt;a class=&quot;a-link-normal&quot; href=&quot;/Beetles-Wipe-Gel-Coat-Base/dp/B07F12SZDS/?_encoding=UTF8&amp;pd_rd_w=L1HZv&amp;content-id=amzn1.sym.64be5821-f651-4b0b-8dd3-4f9b884f10e5&amp;pf_rd_p=64be5821-f651-4b0b-8dd3-4f9b884f10e5&amp;pf_rd_r=0AFEHW28M5QQ959AA9JM&amp;pd_rd_wg=JGVrp&amp;pd_rd_r=32fa10d4-b906-4f10-861a-418346d6e892&amp;ref_=pd_gw_crs_zg_bs_3760911&quot; type displayed:false&gt;&lt;/a&gt;,
	&lt;a class=&quot;a-link-normal&quot; href=&quot;/Mrs-Meyers-Clean-Day-Verbena/dp/B00F1U0YB4/?_encoding=UTF8&amp;pd_rd_w=L1HZv&amp;content-id=amzn1.sym.64be5821-f651-4b0b-8dd3-4f9b884f10e5&amp;pf_rd_p=64be5821-f651-4b0b-8dd3-4f9b884f10e5&amp;pf_rd_r=0AFEHW28M5QQ959AA9JM&amp;pd_rd_wg=JGVrp&amp;pd_rd_r=32fa10d4-b906-4f10-861a-418346d6e892&amp;ref_=pd_gw_crs_zg_bs_3760911&quot; type displayed:false&gt;&lt;/a&gt;,
	&lt;a class=&quot;a-link-normal&quot; href=&quot;/Beetles-Gel-Polish-Audrey-Manicure/dp/B08HYW2MKG/?_encoding=UTF8&amp;pd_rd_w=L1HZv&amp;content-id=amzn1.sym.64be5821-f651-4b0b-8dd3-4f9b884f10e5&amp;pf_rd_p=64be5821-f651-4b0b-8dd3-4f9b884f10e5&amp;pf_rd_r=0AFEHW28M5QQ959AA9JM&amp;pd_rd_wg=JGVrp&amp;pd_rd_r=32fa10d4-b906-4f10-861a-418346d6e892&amp;ref_=pd_gw_crs_zg_bs_3760911&quot; type displayed:false&gt;&lt;/a&gt;,
	&lt;a class=&quot;a-link-normal&quot; href=&quot;/LOreal-Paris-Voluminous-Paradise-Washable/dp/B06XF2TR11/?_encoding=UTF8&amp;pd_rd_w=L1HZv&amp;content-id=amzn1.sym.64be5821-f651-4b0b-8dd3-4f9b884f10e5&amp;pf_rd_p=64be5821-f651-4b0b-8dd3-4f9b884f10e5&amp;pf_rd_r=0AFEHW28M5QQ959AA9JM&amp;pd_rd_wg=JGVrp&amp;pd_rd_r=32fa10d4-b906-4f10-861a-418346d6e892&amp;ref_=pd_gw_crs_zg_bs_3760911&quot; type displayed:false&gt;&lt;/a&gt;,
	&lt;a class=&quot;a-link-normal&quot; href=&quot;/Bio-Oil-200ml-Multiuse-Skincare-6-7oz/dp/B00AREGVUM/?_encoding=UTF8&amp;pd_rd_w=L1HZv&amp;content-id=amzn1.sym.64be5821-f651-4b0b-8dd3-4f9b884f10e5&amp;pf_rd_p=64be5821-f651-4b0b-8dd3-4f9b884f10e5&amp;pf_rd_r=0AFEHW28M5QQ959AA9JM&amp;pd_rd_wg=JGVrp&amp;pd_rd_r=32fa10d4-b906-4f10-861a-418346d6e892&amp;ref_=pd_gw_crs_zg_bs_3760911&quot; type displayed:false&gt;&lt;/a&gt;,
	&lt;a aria-hidden=&quot;true&quot; aria-label=&quot;Carousel previous slide&quot; class=&quot;a-link-normal feed-carousel-control feed-left feed-control-disabled&quot; href=&quot;#&quot; tabindex=&quot;-1&quot; type displayed:false&gt;&lt;/a&gt;,
	&lt;a aria-hidden=&quot;true&quot; aria-label=&quot;Carousel next slide&quot; class=&quot;a-link-normal feed-carousel-control feed-right&quot; href=&quot;#&quot; tabindex=&quot;-1&quot; type displayed:false&gt;&lt;/a&gt;,
	&lt;a class=&quot;a-declarative&quot; data-a-modal=&quot;{&quot;url&quot;:&quot;/af/feedback-form?pl=%7B%22adPlacementMetaData%22%3A%7B%22pageUrl%22%3A%22aHR0cHM6Ly93d3cuYW1hem9uLmNvbS8%2F%22%2C%22adElementId%22%3A%22ape_Gateway_desktop-ad-center-1_desktop_placement%22%2C%22pageType%22%3A%22Gateway%22%2C%22slotName%22%3A%22desktop-ad-center-1%22%7D%2C%22adCreativeMetaData%22%3A%7B%22adProgramId%22%3A1001%2C%22adCreativeId%22%3A17204284601%2C%22adNetwork%22%3A%22cs%22%2C%22adImpressionId%22%3A%22https%3A%2F%2Faax-us-iad.amazon.com%2Fe%2Fxsp%2Fimp%3Fb%3DRF7fbWuAipmei6clVPgvRGAAAAGDnIx8OAEAAAH0AQBOL0EgICAgICAgICAgICBOL0EgICAgICAgICAgICBD46J2%22%2C%22adCreativeTemplateName%22%3A%22Image%22%2C%22adId%22%3A588458562152201700%7D%7D&amp;daFlg=false&amp;ie=UTF-8&quot;,     &quot;name&quot;:&quot;shared-placement-feedback-modal-desktop-ad-center-1&quot;,&quot;header&quot;:&quot;Leave feedback&quot;,&quot;width&quot;:&quot;460&quot;}&quot; data-action=&quot;a-modal&quot; tabindex=&quot;0&quot; type&gt;Sponsored&lt;/a&gt;,
	&lt;a class=&quot;a-link-normal center-image aok-block image-window&quot; href=&quot;/b?node=24428184011&amp;ref=ALM_HL_DSR_desktop_GWCC_PBM_NFLshop&quot; type&gt;&lt;/a&gt;,
	&lt;a class=&quot;a-link-normal see-more truncate-1line&quot; href=&quot;/b?node=24428184011&amp;ref=ALM_HL_DSR_desktop_GWCC_PBM_NFLshop&quot; type&gt;See more&lt;/a&gt;,
	&lt;a aria-label=&quot;Wallpaper&quot; class=&quot;a-link-normal image-redirect aok-block image-window&quot; href=&quot;/b/?node=23377216011&quot; type&gt;Wallpaper&lt;/a&gt;,
	&lt;a aria-label=&quot;Dining&quot; class=&quot;a-link-normal image-redirect aok-block image-window&quot; href=&quot;/b/?node=19410857011&quot; type&gt;Dining&lt;/a&gt;,
	&lt;a aria-label=&quot;Entryway&quot; class=&quot;a-link-normal image-redirect aok-block image-window&quot; href=&quot;/b/?node=19410858011&quot; type&gt;Entryway&lt;/a&gt;,
	&lt;a aria-label=&quot;Indoor garden&quot; class=&quot;a-link-normal image-redirect aok-block image-window&quot; href=&quot;/b/?node=19410859011&quot; type&gt;Indoor garden&lt;/a&gt;,
	&lt;a class=&quot;a-link-normal see-more truncate-1line&quot; href=&quot;/exec/obidos/tg/browse/-/1055398&quot; type&gt;See more on Amazon Home&lt;/a&gt;,
	&lt;a class=&quot;a-spacing-none a-link-normal aok-float-left aok-relative _quad-multi-asin-card-v2_style_quadrant__3xH-V _quad-multi-asin-card-v2_style_topLeftQuadrant__yF7Ht a-text-normal&quot; href=&quot;/Amazon-Basics-Paracord-7-Strand-Strength/dp/B08HNZB3PZ/?_encoding=UTF8&amp;pd_rd_w=QEQhY&amp;content-id=amzn1.sym.c5629238-4d62-4661-a21b-2fc45188eeea&amp;pf_rd_p=c5629238-4d62-4661-a21b-2fc45188eeea&amp;pf_rd_r=0AFEHW28M5QQ959AA9JM&amp;pd_rd_wg=JGVrp&amp;pd_rd_r=32fa10d4-b906-4f10-861a-418346d6e892&amp;ref_=pd_gw_pop_in_ab&quot; type&gt;&lt;/a&gt;,
	&lt;a class=&quot;a-spacing-none a-link-normal aok-float-left aok-relative _quad-multi-asin-card-v2_style_quadrant__3xH-V _quad-multi-asin-card-v2_style_topRightQuadrant__2rEJ7 a-text-normal&quot; href=&quot;/Amazon-Basics-Expander-Adapter-Adjustable/dp/B08L9GWSPB/?_encoding=UTF8&amp;pd_rd_w=QEQhY&amp;content-id=amzn1.sym.c5629238-4d62-4661-a21b-2fc45188eeea&amp;pf_rd_p=c5629238-4d62-4661-a21b-2fc45188eeea&amp;pf_rd_r=0AFEHW28M5QQ959AA9JM&amp;pd_rd_wg=JGVrp&amp;pd_rd_r=32fa10d4-b906-4f10-861a-418346d6e892&amp;ref_=pd_gw_pop_in_ab&quot; type&gt;&lt;/a&gt;,
	&lt;a class=&quot;a-spacing-none a-link-normal aok-float-left aok-relative _quad-multi-asin-card-v2_style_quadrant__3xH-V _quad-multi-asin-card-v2_style_bottomLeftQuadrant__2r-kp a-text-normal&quot; href=&quot;/Amazon-Basics-Paracord-7-Strand-Strength/dp/B08HNZCH3Z/?_encoding=UTF8&amp;pd_rd_w=QEQhY&amp;content-id=amzn1.sym.c5629238-4d62-4661-a21b-2fc45188eeea&amp;pf_rd_p=c5629238-4d62-4661-a21b-2fc45188eeea&amp;pf_rd_r=0AFEHW28M5QQ959AA9JM&amp;pd_rd_wg=JGVrp&amp;pd_rd_r=32fa10d4-b906-4f10-861a-418346d6e892&amp;ref_=pd_gw_pop_in_ab&quot; type&gt;&lt;/a&gt;,
	&lt;a class=&quot;a-spacing-none a-link-normal aok-float-left aok-relative _quad-multi-asin-card-v2_style_quadrant__3xH-V _quad-multi-asin-card-v2_style_bottomRightQuadrant__2OYLZ a-text-normal&quot; href=&quot;/AmazonBasics-Coiled-Cable-Lightning-Charger/dp/B071KBYFKS/?_encoding=UTF8&amp;pd_rd_w=QEQhY&amp;content-id=amzn1.sym.c5629238-4d62-4661-a21b-2fc45188eeea&amp;pf_rd_p=c5629238-4d62-4661-a21b-2fc45188eeea&amp;pf_rd_r=0AFEHW28M5QQ959AA9JM&amp;pd_rd_wg=JGVrp&amp;pd_rd_r=32fa10d4-b906-4f10-861a-418346d6e892&amp;ref_=pd_gw_pop_in_ab&quot; type&gt;&lt;/a&gt;,
	&lt;a class=&quot;a-link-normal center-image aok-block image-window&quot; href=&quot;/stores/page/F3A3812D-0DE2-43E1-B7C9-3CA085DE5A29?channel=Homepage&quot; type&gt;&lt;/a&gt;,
	&lt;a class=&quot;a-link-normal see-more truncate-1line&quot; href=&quot;/stores/page/F3A3812D-0DE2-43E1-B7C9-3CA085DE5A29?channel=Homepage&quot; type&gt;See more curated products&lt;/a&gt;,
	&lt;a class=&quot;a-link-normal as-title-block-right see-more truncate-1line&quot; href=&quot;/goldbox/?_encoding=UTF8&amp;pd_rd_w=niAuy&amp;content-id=amzn1.sym.26a365d6-3002-449e-bfff-1848c98a3efd&amp;pf_rd_p=26a365d6-3002-449e-bfff-1848c98a3efd&amp;pf_rd_r=0AFEHW28M5QQ959AA9JM&amp;pd_rd_wg=JGVrp&amp;pd_rd_r=32fa10d4-b906-4f10-861a-418346d6e892&amp;ref_=pd_gw_unk&quot; type&gt;See all deals&lt;/a&gt;,
	&lt;a class=&quot;a-link-normal a-text-normal&quot; href=&quot;/FOCALLURE-Eyeshadow-Brightener-Highlighter-Waterproof/dp/B0B6FVMXV3&quot; type&gt;$7.95 and under
Ends in 00:51&lt;/a&gt;,
	&lt;a class=&quot;a-link-normal a-text-normal&quot; href=&quot;/Muslin-Cloths-Washcloths-Absorbent-Yoofoss/dp/B09VNSY778&quot; type&gt;$19.50 and under
Ends in 05:51&lt;/a&gt;,
	&lt;a class=&quot;a-link-normal a-text-normal&quot; href=&quot;/Bare-Home-Sherpa-Fleece-Blanket/dp/B09HDYPRPX&quot; type&gt;Up to -30%
Ends in 05:51&lt;/a&gt;,
	&lt;a class=&quot;a-link-normal a-text-normal&quot; href=&quot;/HONEYBULL-Technology-Waterproof-Shatterproof-Accessories/dp/B08F5JW1PK&quot; type&gt;$14.39 and under
Ends in 00:50&lt;/a&gt;,
	&lt;a class=&quot;a-link-normal a-text-normal&quot; href=&quot;/PRETTYGARDEN-Pajamas-Sweatshirt-Sleepwear-Pockets/dp/B08C1YPYP9&quot; type&gt;Up to -36%
Ends in 05:50&lt;/a&gt;,
	&lt;a class=&quot;a-link-normal a-text-normal&quot; href=&quot;/MEROKEETY-Womens-Sleeve-Ribbed-Sweater/dp/B07VGMH3HJ&quot; type&gt;Up to -49%
Ends in 05:50&lt;/a&gt;,
	&lt;a class=&quot;a-link-normal a-text-normal&quot; href=&quot;/Fishat-Standard-Clothing-Organizer-Lockable/dp/B09XGXC18G&quot; type&gt;-15&lt;/a&gt;,
	&lt;a class=&quot;a-link-normal a-text-normal&quot; href=&quot;/Sunflower-Alternative-Comforter-Lightweight-Breathble/dp/B09FJRVBQY&quot; type displayed:false&gt;&lt;/a&gt;,
	&lt;a class=&quot;a-link-normal a-text-normal&quot; href=&quot;/Changing-Ambience-Dimmable-Control-Bedside/dp/B095WW1SHZ&quot; type displayed:false&gt;&lt;/a&gt;,
	&lt;a class=&quot;a-link-normal a-text-normal&quot; href=&quot;/VNDFLAG-Womens-Waist-Suede-Bodycon/dp/B09F95JCL7&quot; type displayed:false&gt;&lt;/a&gt;,
	&lt;a class=&quot;a-link-normal a-text-normal&quot; href=&quot;/Aolesy-Running-Athletic-Lightweight-Training/dp/B09WY7C7RP&quot; type displayed:false&gt;&lt;/a&gt;,
	&lt;a class=&quot;a-link-normal a-text-normal&quot; href=&quot;/POSHDIVAH-Maternity-Leggings-Pregnancy-Stretchy/dp/B08TZTWNZJ&quot; type displayed:false&gt;&lt;/a&gt;,
	&lt;a class=&quot;a-link-normal a-text-normal&quot; href=&quot;/Womens-Winter-Screen-Elastic-Texting/dp/B08RD83B13&quot; type displayed:false&gt;&lt;/a&gt;,
	&lt;a class=&quot;a-link-normal a-text-normal&quot; href=&quot;/SHW-Vista-L-Shape-Monitor-Stand/dp/B09156SFG2&quot; type displayed:false&gt;&lt;/a&gt;,
	&lt;a class=&quot;a-link-normal a-text-normal&quot; href=&quot;/ENIGMA-Leather-Aluminum-Tactical-Blocking/dp/B097SK9LK3&quot; type displayed:false&gt;&lt;/a&gt;,
	&lt;a aria-hidden=&quot;true&quot; aria-label=&quot;Carousel previous slide&quot; class=&quot;a-link-normal feed-carousel-control feed-left feed-control-disabled&quot; href=&quot;#&quot; tabindex=&quot;-1&quot; type displayed:false&gt;&lt;/a&gt;,
	&lt;a aria-hidden=&quot;true&quot; aria-label=&quot;Carousel next slide&quot; class=&quot;a-link-normal feed-carousel-control feed-right&quot; href=&quot;#&quot; tabindex=&quot;-1&quot; type displayed:false&gt;&lt;/a&gt;,
	&lt;a class=&quot;a-link-normal&quot; href=&quot;/CELSIUS-Fitness-Energy-Standard-Variety/dp/B06X6J5266/?_encoding=UTF8&amp;pd_rd_w=OvlPb&amp;content-id=amzn1.sym.64be5821-f651-4b0b-8dd3-4f9b884f10e5&amp;pf_rd_p=64be5821-f651-4b0b-8dd3-4f9b884f10e5&amp;pf_rd_r=0AFEHW28M5QQ959AA9JM&amp;pd_rd_wg=JGVrp&amp;pd_rd_r=32fa10d4-b906-4f10-861a-418346d6e892&amp;ref_=pd_gw_crs_zg_bs_16310101&quot; type&gt;&lt;/a&gt;,
	&lt;a class=&quot;a-link-normal&quot; href=&quot;/Monster-Energy-Zero-Ultra-Sugar/dp/B00ADYXY7E/?_encoding=UTF8&amp;pd_rd_w=OvlPb&amp;content-id=amzn1.sym.64be5821-f651-4b0b-8dd3-4f9b884f10e5&amp;pf_rd_p=64be5821-f651-4b0b-8dd3-4f9b884f10e5&amp;pf_rd_r=0AFEHW28M5QQ959AA9JM&amp;pd_rd_wg=JGVrp&amp;pd_rd_r=32fa10d4-b906-4f10-861a-418346d6e892&amp;ref_=pd_gw_crs_zg_bs_16310101&quot; type&gt;&lt;/a&gt;,
	&lt;a class=&quot;a-link-normal&quot; href=&quot;/Starbucks-Medium-Coffee-Keurig-Brewers/dp/B0944QNV4Y/?_encoding=UTF8&amp;pd_rd_w=OvlPb&amp;content-id=amzn1.sym.64be5821-f651-4b0b-8dd3-4f9b884f10e5&amp;pf_rd_p=64be5821-f651-4b0b-8dd3-4f9b884f10e5&amp;pf_rd_r=0AFEHW28M5QQ959AA9JM&amp;pd_rd_wg=JGVrp&amp;pd_rd_r=32fa10d4-b906-4f10-861a-418346d6e892&amp;ref_=pd_gw_crs_zg_bs_16310101&quot; type&gt;&lt;/a&gt;,
	&lt;a class=&quot;a-link-normal&quot; href=&quot;/Lavazza-Coffee-Medium-Espresso-2-2-Pound/dp/B000SDKDM4/?_encoding=UTF8&amp;pd_rd_w=OvlPb&amp;content-id=amzn1.sym.64be5821-f651-4b0b-8dd3-4f9b884f10e5&amp;pf_rd_p=64be5821-f651-4b0b-8dd3-4f9b884f10e5&amp;pf_rd_r=0AFEHW28M5QQ959AA9JM&amp;pd_rd_wg=JGVrp&amp;pd_rd_r=32fa10d4-b906-4f10-861a-418346d6e892&amp;ref_=pd_gw_crs_zg_bs_16310101&quot; type&gt;&lt;/a&gt;,
	&lt;a class=&quot;a-link-normal&quot; href=&quot;/Original-Donut-Shop-Single-Serve-Regular/dp/B00I08JAYG/?_encoding=UTF8&amp;pd_rd_w=OvlPb&amp;content-id=amzn1.sym.64be5821-f651-4b0b-8dd3-4f9b884f10e5&amp;pf_rd_p=64be5821-f651-4b0b-8dd3-4f9b884f10e5&amp;pf_rd_r=0AFEHW28M5QQ959AA9JM&amp;pd_rd_wg=JGVrp&amp;pd_rd_r=32fa10d4-b906-4f10-861a-418346d6e892&amp;ref_=pd_gw_crs_zg_bs_16310101&quot; type&gt;&lt;/a&gt;,
	&lt;a class=&quot;a-link-normal&quot; href=&quot;/Francisco-OneCup-French-Compatible-Brewers/dp/B007TGDXNO/?_encoding=UTF8&amp;pd_rd_w=OvlPb&amp;content-id=amzn1.sym.64be5821-f651-4b0b-8dd3-4f9b884f10e5&amp;pf_rd_p=64be5821-f651-4b0b-8dd3-4f9b884f10e5&amp;pf_rd_r=0AFEHW28M5QQ959AA9JM&amp;pd_rd_wg=JGVrp&amp;pd_rd_r=32fa10d4-b906-4f10-861a-418346d6e892&amp;ref_=pd_gw_crs_zg_bs_16310101&quot; type&gt;&lt;/a&gt;,
	&lt;a class=&quot;a-link-normal&quot; href=&quot;/MCCAFE-Premium-Roast-Coffee-K-CUP/dp/B00TY15GO6/?_encoding=UTF8&amp;pd_rd_w=OvlPb&amp;content-id=amzn1.sym.64be5821-f651-4b0b-8dd3-4f9b884f10e5&amp;pf_rd_p=64be5821-f651-4b0b-8dd3-4f9b884f10e5&amp;pf_rd_r=0AFEHW28M5QQ959AA9JM&amp;pd_rd_wg=JGVrp&amp;pd_rd_r=32fa10d4-b906-4f10-861a-418346d6e892&amp;ref_=pd_gw_crs_zg_bs_16310101&quot; type displayed:false&gt;&lt;/a&gt;,
	&lt;a class=&quot;a-link-normal&quot; href=&quot;/2020-Paqui-Chip-Challenge-0-21oz/dp/B0896Y8PLN/?_encoding=UTF8&amp;pd_rd_w=OvlPb&amp;content-id=amzn1.sym.64be5821-f651-4b0b-8dd3-4f9b884f10e5&amp;pf_rd_p=64be5821-f651-4b0b-8dd3-4f9b884f10e5&amp;pf_rd_r=0AFEHW28M5QQ959AA9JM&amp;pd_rd_wg=JGVrp&amp;pd_rd_r=32fa10d4-b906-4f10-861a-418346d6e892&amp;ref_=pd_gw_crs_zg_bs_16310101&quot; type displayed:false&gt;&lt;/a&gt;,
	&lt;a class=&quot;a-link-normal&quot; href=&quot;/WELCHS-Mixed-Fruit-Snacks-Ounce/dp/B00HFC2E82/?_encoding=UTF8&amp;pd_rd_w=OvlPb&amp;content-id=amzn1.sym.64be5821-f651-4b0b-8dd3-4f9b884f10e5&amp;pf_rd_p=64be5821-f651-4b0b-8dd3-4f9b884f10e5&amp;pf_rd_r=0AFEHW28M5QQ959AA9JM&amp;pd_rd_wg=JGVrp&amp;pd_rd_r=32fa10d4-b906-4f10-861a-418346d6e892&amp;ref_=pd_gw_crs_zg_bs_16310101&quot; type displayed:false&gt;&lt;/a&gt;,
	&lt;a class=&quot;a-link-normal&quot; href=&quot;/Hint-Fruit-Infused-Variety-Bottles/dp/B01E6WOVX4/?_encoding=UTF8&amp;pd_rd_w=OvlPb&amp;content-id=amzn1.sym.64be5821-f651-4b0b-8dd3-4f9b884f10e5&amp;pf_rd_p=64be5821-f651-4b0b-8dd3-4f9b884f10e5&amp;pf_rd_r=0AFEHW28M5QQ959AA9JM&amp;pd_rd_wg=JGVrp&amp;pd_rd_r=32fa10d4-b906-4f10-861a-418346d6e892&amp;ref_=pd_gw_crs_zg_bs_16310101&quot; type displayed:false&gt;&lt;/a&gt;,
	&lt;a class=&quot;a-link-normal&quot; href=&quot;/BODYARMOR-Strawberry-Potassium-Packed-Electrolytes-Preservatives/dp/B007Y6P7ZG/?_encoding=UTF8&amp;pd_rd_w=OvlPb&amp;content-id=amzn1.sym.64be5821-f651-4b0b-8dd3-4f9b884f10e5&amp;pf_rd_p=64be5821-f651-4b0b-8dd3-4f9b884f10e5&amp;pf_rd_r=0AFEHW28M5QQ959AA9JM&amp;pd_rd_wg=JGVrp&amp;pd_rd_r=32fa10d4-b906-4f10-861a-418346d6e892&amp;ref_=pd_gw_crs_zg_bs_16310101&quot; type displayed:false&gt;&lt;/a&gt;,
	&lt;a class=&quot;a-link-normal&quot; href=&quot;/Pepperidge-Farm-Goldfish-Crackers-Multi-pack/dp/B0116WQ62G/?_encoding=UTF8&amp;pd_rd_w=OvlPb&amp;content-id=amzn1.sym.64be5821-f651-4b0b-8dd3-4f9b884f10e5&amp;pf_rd_p=64be5821-f651-4b0b-8dd3-4f9b884f10e5&amp;pf_rd_r=0AFEHW28M5QQ959AA9JM&amp;pd_rd_wg=JGVrp&amp;pd_rd_r=32fa10d4-b906-4f10-861a-418346d6e892&amp;ref_=pd_gw_crs_zg_bs_16310101&quot; type displayed:false&gt;&lt;/a&gt;,
	&lt;a class=&quot;a-link-normal&quot; href=&quot;/Core-Power-fairlife-Protein-Chocolate/dp/B01DDIRDZA/?_encoding=UTF8&amp;pd_rd_w=OvlPb&amp;content-id=amzn1.sym.64be5821-f651-4b0b-8dd3-4f9b884f10e5&amp;pf_rd_p=64be5821-f651-4b0b-8dd3-4f9b884f10e5&amp;pf_rd_r=0AFEHW28M5QQ959AA9JM&amp;pd_rd_wg=JGVrp&amp;pd_rd_r=32fa10d4-b906-4f10-861a-418346d6e892&amp;ref_=pd_gw_crs_zg_bs_16310101&quot; type displayed:false&gt;&lt;/a&gt;,
	&lt;a class=&quot;a-link-normal&quot; href=&quot;/FIJI-Natural-Artesian-Water-Bottles/dp/B004CQWWKY/?_encoding=UTF8&amp;pd_rd_w=OvlPb&amp;content-id=amzn1.sym.64be5821-f651-4b0b-8dd3-4f9b884f10e5&amp;pf_rd_p=64be5821-f651-4b0b-8dd3-4f9b884f10e5&amp;pf_rd_r=0AFEHW28M5QQ959AA9JM&amp;pd_rd_wg=JGVrp&amp;pd_rd_r=32fa10d4-b906-4f10-861a-418346d6e892&amp;ref_=pd_gw_crs_zg_bs_16310101&quot; type displayed:false&gt;&lt;/a&gt;,
	&lt;a class=&quot;a-link-normal&quot; href=&quot;/EXTRA-Spring-Chewing-Travel-Accessory/dp/B002DQ2F9S/?_encoding=UTF8&amp;pd_rd_w=OvlPb&amp;content-id=amzn1.sym.64be5821-f651-4b0b-8dd3-4f9b884f10e5&amp;pf_rd_p=64be5821-f651-4b0b-8dd3-4f9b884f10e5&amp;pf_rd_r=0AFEHW28M5QQ959AA9JM&amp;pd_rd_wg=JGVrp&amp;pd_rd_r=32fa10d4-b906-4f10-861a-418346d6e892&amp;ref_=pd_gw_crs_zg_bs_16310101&quot; type displayed:false&gt;&lt;/a&gt;,
	&lt;a class=&quot;a-link-normal&quot; href=&quot;/Peets-Coffee-Dickasons-Complex-Layered/dp/B01N2KFHRS/?_encoding=UTF8&amp;pd_rd_w=OvlPb&amp;content-id=amzn1.sym.64be5821-f651-4b0b-8dd3-4f9b884f10e5&amp;pf_rd_p=64be5821-f651-4b0b-8dd3-4f9b884f10e5&amp;pf_rd_r=0AFEHW28M5QQ959AA9JM&amp;pd_rd_wg=JGVrp&amp;pd_rd_r=32fa10d4-b906-4f10-861a-418346d6e892&amp;ref_=pd_gw_crs_zg_bs_16310101&quot; type displayed:false&gt;&lt;/a&gt;,
	&lt;a class=&quot;a-link-normal&quot; href=&quot;/Green-Mountain-Coffee-Roasters-Single-Serve/dp/B00I5FWZAA/?_encoding=UTF8&amp;pd_rd_w=OvlPb&amp;content-id=amzn1.sym.64be5821-f651-4b0b-8dd3-4f9b884f10e5&amp;pf_rd_p=64be5821-f651-4b0b-8dd3-4f9b884f10e5&amp;pf_rd_r=0AFEHW28M5QQ959AA9JM&amp;pd_rd_wg=JGVrp&amp;pd_rd_r=32fa10d4-b906-4f10-861a-418346d6e892&amp;ref_=pd_gw_crs_zg_bs_16310101&quot; type displayed:false&gt;&lt;/a&gt;,
	&lt;a class=&quot;a-link-normal&quot; href=&quot;/Energy-Drink-Calories-Sugar-Creatine/dp/B00G70OX00/?_encoding=UTF8&amp;pd_rd_w=OvlPb&amp;content-id=amzn1.sym.64be5821-f651-4b0b-8dd3-4f9b884f10e5&amp;pf_rd_p=64be5821-f651-4b0b-8dd3-4f9b884f10e5&amp;pf_rd_r=0AFEHW28M5QQ959AA9JM&amp;pd_rd_wg=JGVrp&amp;pd_rd_r=32fa10d4-b906-4f10-861a-418346d6e892&amp;ref_=pd_gw_crs_zg_bs_16310101&quot; type displayed:false&gt;&lt;/a&gt;,
	&lt;a class=&quot;a-link-normal&quot; href=&quot;/Gatorade-Thirst-Quencher-Powder-Glacier/dp/B0776HZ26P/?_encoding=UTF8&amp;pd_rd_w=OvlPb&amp;content-id=amzn1.sym.64be5821-f651-4b0b-8dd3-4f9b884f10e5&amp;pf_rd_p=64be5821-f651-4b0b-8dd3-4f9b884f10e5&amp;pf_rd_r=0AFEHW28M5QQ959AA9JM&amp;pd_rd_wg=JGVrp&amp;pd_rd_r=32fa10d4-b906-4f10-861a-418346d6e892&amp;ref_=pd_gw_crs_zg_bs_16310101&quot; type displayed:false&gt;&lt;/a&gt;,
	&lt;a class=&quot;a-link-normal&quot; href=&quot;/Twinings-London-English-Breakfast-Black/dp/B001GM60LE/?_encoding=UTF8&amp;pd_rd_w=OvlPb&amp;content-id=amzn1.sym.64be5821-f651-4b0b-8dd3-4f9b884f10e5&amp;pf_rd_p=64be5821-f651-4b0b-8dd3-4f9b884f10e5&amp;pf_rd_r=0AFEHW28M5QQ959AA9JM&amp;pd_rd_wg=JGVrp&amp;pd_rd_r=32fa10d4-b906-4f10-861a-418346d6e892&amp;ref_=pd_gw_crs_zg_bs_16310101&quot; type displayed:false&gt;&lt;/a&gt;,
	&lt;a class=&quot;a-link-normal&quot; href=&quot;/Maruchan-Ramen-Chicken-3-0-Pack/dp/B07222R3Y5/?_encoding=UTF8&amp;pd_rd_w=OvlPb&amp;content-id=amzn1.sym.64be5821-f651-4b0b-8dd3-4f9b884f10e5&amp;pf_rd_p=64be5821-f651-4b0b-8dd3-4f9b884f10e5&amp;pf_rd_r=0AFEHW28M5QQ959AA9JM&amp;pd_rd_wg=JGVrp&amp;pd_rd_r=32fa10d4-b906-4f10-861a-418346d6e892&amp;ref_=pd_gw_crs_zg_bs_16310101&quot; type displayed:false&gt;&lt;/a&gt;,
	&lt;a aria-hidden=&quot;true&quot; aria-label=&quot;Carousel previous slide&quot; class=&quot;a-link-normal feed-carousel-control feed-left feed-control-disabled&quot; href=&quot;#&quot; tabindex=&quot;-1&quot; type displayed:false&gt;&lt;/a&gt;,
	&lt;a aria-hidden=&quot;true&quot; aria-label=&quot;Carousel next slide&quot; class=&quot;a-link-normal feed-carousel-control feed-right&quot; href=&quot;#&quot; tabindex=&quot;-1&quot; type displayed:false&gt;&lt;/a&gt;,
	&lt;a class=&quot;a-link-normal center-image aok-block image-window&quot; href=&quot;/gcx/Decor/gfhz/events/?canBeEGifted=false&amp;canBeGiftWrapped=false&amp;categoryId=hwn20-decor&amp;isLimitedTimeOffer=false&amp;isPrime=false&amp;subcategoryIds=hwn20-decor%3AIndoor-Decor&quot; type&gt;&lt;/a&gt;,
	&lt;a class=&quot;a-link-normal see-more truncate-1line&quot; href=&quot;/gcx/Decor/gfhz/events/?canBeEGifted=false&amp;canBeGiftWrapped=false&amp;categoryId=hwn20-decor&amp;isLimitedTimeOffer=false&amp;isPrime=false&amp;subcategoryIds=hwn20-decor%3AIndoor-Decor&quot; type&gt;See more on Amazon Home&lt;/a&gt;,
	&lt;a class=&quot;a-link-normal center-image aok-block image-window&quot; href=&quot;/b?node=23490265011&amp;ref_=US_PEAS22_DO_GW_Desk_DashCard_Music-Wondery-3monthsfree_EN&quot; type&gt;&lt;/a&gt;,
	&lt;a class=&quot;a-link-normal see-more truncate-1line&quot; href=&quot;/b?node=23490265011&amp;ref_=US_PEAS22_DO_GW_Desk_DashCard_Music-Wondery-3monthsfree_EN&quot; type&gt;Join to get 3 months free&lt;/a&gt;,
	&lt;a aria-label=&quot;Televisions&quot; class=&quot;a-link-normal image-redirect aok-block image-window&quot; href=&quot;/stores/page/FA366544-7A45-4231-9C44-1ED9B8C91C80?channel=Homepage&quot; type&gt;Televisions&lt;/a&gt;,
	&lt;a aria-label=&quot;Speakers&quot; class=&quot;a-link-normal image-redirect aok-block image-window&quot; href=&quot;/stores/page/7E17CC25-069F-46C2-BDAB-5C74CEB09299?channel=Homepage&quot; type&gt;Speakers&lt;/a&gt;,
	&lt;a aria-label=&quot;Soundbars&quot; class=&quot;a-link-normal image-redirect aok-block image-window&quot; href=&quot;/stores/page/DAF513ED-6E78-4000-85C8-9A0D6FF660EB?channel=Homepage&quot; type&gt;Soundbars&lt;/a&gt;,
	&lt;a aria-label=&quot;Projectors&quot; class=&quot;a-link-normal image-redirect aok-block image-window&quot; href=&quot;/stores/page/3331DC06-0AB3-4172-A833-D3542750BB07?channel=Homepage&quot; type&gt;Projectors&lt;/a&gt;,
	&lt;a class=&quot;a-link-normal see-more truncate-1line&quot; href=&quot;/stores/page/6505AA9C-B9F9-4FCF-9D64-11667D0926AB?channel=Homepage&quot; type&gt;See more curated products&lt;/a&gt;,
	&lt;a class=&quot;a-spacing-none a-link-normal aok-float-left aok-relative _quad-multi-asin-card-v2_style_quadrant__3xH-V _quad-multi-asin-card-v2_style_topLeftQuadrant__yF7Ht a-text-normal&quot; href=&quot;/Top-Gun-Maverick-Tom-Cruise/dp/B09XZD472R/?_encoding=UTF8&amp;pd_rd_w=Ib438&amp;content-id=amzn1.sym.96b87dff-e11d-44c7-972e-b6a4372b808c&amp;pf_rd_p=96b87dff-e11d-44c7-972e-b6a4372b808c&amp;pf_rd_r=0AFEHW28M5QQ959AA9JM&amp;pd_rd_wg=JGVrp&amp;pd_rd_r=32fa10d4-b906-4f10-861a-418346d6e892&amp;ref_=pd_gw_crs_zg_bs_2625373011&quot; type&gt;&lt;/a&gt;,
	&lt;a class=&quot;a-spacing-none a-link-normal aok-float-left aok-relative _quad-multi-asin-card-v2_style_quadrant__3xH-V _quad-multi-asin-card-v2_style_topRightQuadrant__2rEJ7 a-text-normal&quot; href=&quot;/Thor-Love-Thunder-Feature-UHD/dp/B0B92CF9XQ/?_encoding=UTF8&amp;pd_rd_w=Ib438&amp;content-id=amzn1.sym.96b87dff-e11d-44c7-972e-b6a4372b808c&amp;pf_rd_p=96b87dff-e11d-44c7-972e-b6a4372b808c&amp;pf_rd_r=0AFEHW28M5QQ959AA9JM&amp;pd_rd_wg=JGVrp&amp;pd_rd_r=32fa10d4-b906-4f10-861a-418346d6e892&amp;ref_=pd_gw_crs_zg_bs_2625373011&quot; type&gt;&lt;/a&gt;,
	&lt;a class=&quot;a-spacing-none a-link-normal aok-float-left aok-relative _quad-multi-asin-card-v2_style_quadrant__3xH-V _quad-multi-asin-card-v2_style_bottomLeftQuadrant__2r-kp a-text-normal&quot; href=&quot;/Top-Gun-Maverick-4K-UHD/dp/B09Y896LW1/?_encoding=UTF8&amp;pd_rd_w=Ib438&amp;content-id=amzn1.sym.96b87dff-e11d-44c7-972e-b6a4372b808c&amp;pf_rd_p=96b87dff-e11d-44c7-972e-b6a4372b808c&amp;pf_rd_r=0AFEHW28M5QQ959AA9JM&amp;pd_rd_wg=JGVrp&amp;pd_rd_r=32fa10d4-b906-4f10-861a-418346d6e892&amp;ref_=pd_gw_crs_zg_bs_2625373011&quot; type&gt;&lt;/a&gt;,
	&lt;a class=&quot;a-spacing-none a-link-normal aok-float-left aok-relative _quad-multi-asin-card-v2_style_quadrant__3xH-V _quad-multi-asin-card-v2_style_bottomRightQuadrant__2OYLZ a-text-normal&quot; href=&quot;/Star-Trek-Strange-Worlds-Season/dp/B0BBY4CFYY/?_encoding=UTF8&amp;pd_rd_w=Ib438&amp;content-id=amzn1.sym.96b87dff-e11d-44c7-972e-b6a4372b808c&amp;pf_rd_p=96b87dff-e11d-44c7-972e-b6a4372b808c&amp;pf_rd_r=0AFEHW28M5QQ959AA9JM&amp;pd_rd_wg=JGVrp&amp;pd_rd_r=32fa10d4-b906-4f10-861a-418346d6e892&amp;ref_=pd_gw_crs_zg_bs_2625373011&quot; type&gt;&lt;/a&gt;,
	&lt;a class=&quot;a-link-normal&quot; href=&quot;/PlayStation-5-Console/dp/B09DFCB66S/?_encoding=UTF8&amp;pd_rd_w=IvuUF&amp;content-id=amzn1.sym.96b87dff-e11d-44c7-972e-b6a4372b808c&amp;pf_rd_p=96b87dff-e11d-44c7-972e-b6a4372b808c&amp;pf_rd_r=0AFEHW28M5QQ959AA9JM&amp;pd_rd_wg=JGVrp&amp;pd_rd_r=32fa10d4-b906-4f10-861a-418346d6e892&amp;ref_=pd_gw_crs_zg_bs_468642&quot; type&gt;&lt;/a&gt;,
	&lt;a class=&quot;a-link-normal&quot; href=&quot;/Splatoon-3-Nintendo-Switch/dp/B09T5SJQGV/?_encoding=UTF8&amp;pd_rd_w=IvuUF&amp;content-id=amzn1.sym.96b87dff-e11d-44c7-972e-b6a4372b808c&amp;pf_rd_p=96b87dff-e11d-44c7-972e-b6a4372b808c&amp;pf_rd_r=0AFEHW28M5QQ959AA9JM&amp;pd_rd_wg=JGVrp&amp;pd_rd_r=32fa10d4-b906-4f10-861a-418346d6e892&amp;ref_=pd_gw_crs_zg_bs_468642&quot; type&gt;&lt;/a&gt;,
	&lt;a class=&quot;a-link-normal&quot; href=&quot;/Paladone-NES-Lamp-Super-Vintage/dp/B07MSK7GXV/?_encoding=UTF8&amp;pd_rd_w=IvuUF&amp;content-id=amzn1.sym.96b87dff-e11d-44c7-972e-b6a4372b808c&amp;pf_rd_p=96b87dff-e11d-44c7-972e-b6a4372b808c&amp;pf_rd_r=0AFEHW28M5QQ959AA9JM&amp;pd_rd_wg=JGVrp&amp;pd_rd_r=32fa10d4-b906-4f10-861a-418346d6e892&amp;ref_=pd_gw_crs_zg_bs_468642&quot; type&gt;&lt;/a&gt;,
	&lt;a class=&quot;a-link-normal&quot; href=&quot;/Nintendo-Switch-Neon-Blue-Joy%E2%80%91/dp/B07VGRJDFY/?_encoding=UTF8&amp;pd_rd_w=IvuUF&amp;content-id=amzn1.sym.96b87dff-e11d-44c7-972e-b6a4372b808c&amp;pf_rd_p=96b87dff-e11d-44c7-972e-b6a4372b808c&amp;pf_rd_r=0AFEHW28M5QQ959AA9JM&amp;pd_rd_wg=JGVrp&amp;pd_rd_r=32fa10d4-b906-4f10-861a-418346d6e892&amp;ref_=pd_gw_crs_zg_bs_468642&quot; type&gt;&lt;/a&gt;,
	&lt;a class=&quot;a-link-normal&quot; href=&quot;/Nintendo-Switch-OLED-Model-White-Joy/dp/B098RKWHHZ/?_encoding=UTF8&amp;pd_rd_w=IvuUF&amp;content-id=amzn1.sym.96b87dff-e11d-44c7-972e-b6a4372b808c&amp;pf_rd_p=96b87dff-e11d-44c7-972e-b6a4372b808c&amp;pf_rd_r=0AFEHW28M5QQ959AA9JM&amp;pd_rd_wg=JGVrp&amp;pd_rd_r=32fa10d4-b906-4f10-861a-418346d6e892&amp;ref_=pd_gw_crs_zg_bs_468642&quot; type&gt;&lt;/a&gt;,
	&lt;a class=&quot;a-link-normal&quot; href=&quot;/Mario-Kart-8-Deluxe-Nintendo-Switch/dp/B01N1037CV/?_encoding=UTF8&amp;pd_rd_w=IvuUF&amp;content-id=amzn1.sym.96b87dff-e11d-44c7-972e-b6a4372b808c&amp;pf_rd_p=96b87dff-e11d-44c7-972e-b6a4372b808c&amp;pf_rd_r=0AFEHW28M5QQ959AA9JM&amp;pd_rd_wg=JGVrp&amp;pd_rd_r=32fa10d4-b906-4f10-861a-418346d6e892&amp;ref_=pd_gw_crs_zg_bs_468642&quot; type displayed:false&gt;&lt;/a&gt;,
	&lt;a class=&quot;a-link-normal&quot; href=&quot;/Kirby-Forgotten-Land-Nintendo-Switch/dp/B09H221SH4/?_encoding=UTF8&amp;pd_rd_w=IvuUF&amp;content-id=amzn1.sym.96b87dff-e11d-44c7-972e-b6a4372b808c&amp;pf_rd_p=96b87dff-e11d-44c7-972e-b6a4372b808c&amp;pf_rd_r=0AFEHW28M5QQ959AA9JM&amp;pd_rd_wg=JGVrp&amp;pd_rd_r=32fa10d4-b906-4f10-861a-418346d6e892&amp;ref_=pd_gw_crs_zg_bs_468642&quot; type displayed:false&gt;&lt;/a&gt;,
	&lt;a class=&quot;a-link-normal&quot; href=&quot;/Sonic-Frontiers-Nintendo-Switch/dp/B0BB13V163/?_encoding=UTF8&amp;pd_rd_w=IvuUF&amp;content-id=amzn1.sym.96b87dff-e11d-44c7-972e-b6a4372b808c&amp;pf_rd_p=96b87dff-e11d-44c7-972e-b6a4372b808c&amp;pf_rd_r=0AFEHW28M5QQ959AA9JM&amp;pd_rd_wg=JGVrp&amp;pd_rd_r=32fa10d4-b906-4f10-861a-418346d6e892&amp;ref_=pd_gw_crs_zg_bs_468642&quot; type displayed:false&gt;&lt;/a&gt;,
	&lt;a class=&quot;a-link-normal&quot; href=&quot;/Super-Smash-Bros-Ultimate-Nintendo-Switch/dp/B01N5OKGLH/?_encoding=UTF8&amp;pd_rd_w=IvuUF&amp;content-id=amzn1.sym.96b87dff-e11d-44c7-972e-b6a4372b808c&amp;pf_rd_p=96b87dff-e11d-44c7-972e-b6a4372b808c&amp;pf_rd_r=0AFEHW28M5QQ959AA9JM&amp;pd_rd_wg=JGVrp&amp;pd_rd_r=32fa10d4-b906-4f10-861a-418346d6e892&amp;ref_=pd_gw_crs_zg_bs_468642&quot; type displayed:false&gt;&lt;/a&gt;,
	&lt;a class=&quot;a-link-normal&quot; href=&quot;/Console-Horizon-Forbidden-Bundle-PlayStation-5/dp/B0B16656Z2/?_encoding=UTF8&amp;pd_rd_w=IvuUF&amp;content-id=amzn1.sym.96b87dff-e11d-44c7-972e-b6a4372b808c&amp;pf_rd_p=96b87dff-e11d-44c7-972e-b6a4372b808c&amp;pf_rd_r=0AFEHW28M5QQ959AA9JM&amp;pd_rd_wg=JGVrp&amp;pd_rd_r=32fa10d4-b906-4f10-861a-418346d6e892&amp;ref_=pd_gw_crs_zg_bs_468642&quot; type displayed:false&gt;&lt;/a&gt;,
	&lt;a class=&quot;a-link-normal&quot; href=&quot;/Nintendo-Switch-Sports/dp/B09KRK6C82/?_encoding=UTF8&amp;pd_rd_w=IvuUF&amp;content-id=amzn1.sym.96b87dff-e11d-44c7-972e-b6a4372b808c&amp;pf_rd_p=96b87dff-e11d-44c7-972e-b6a4372b808c&amp;pf_rd_r=0AFEHW28M5QQ959AA9JM&amp;pd_rd_wg=JGVrp&amp;pd_rd_r=32fa10d4-b906-4f10-861a-418346d6e892&amp;ref_=pd_gw_crs_zg_bs_468642&quot; type displayed:false&gt;&lt;/a&gt;,
	&lt;a class=&quot;a-link-normal&quot; href=&quot;/Pokemon-Legends-Arceus-Nintendo-Switch/dp/B0914YGQSH/?_encoding=UTF8&amp;pd_rd_w=IvuUF&amp;content-id=amzn1.sym.96b87dff-e11d-44c7-972e-b6a4372b808c&amp;pf_rd_p=96b87dff-e11d-44c7-972e-b6a4372b808c&amp;pf_rd_r=0AFEHW28M5QQ959AA9JM&amp;pd_rd_wg=JGVrp&amp;pd_rd_r=32fa10d4-b906-4f10-861a-418346d6e892&amp;ref_=pd_gw_crs_zg_bs_468642&quot; type displayed:false&gt;&lt;/a&gt;,
	&lt;a class=&quot;a-link-normal&quot; href=&quot;/Robux-Roblox-Online-Game-Code/dp/B07RX6FBFR/?_encoding=UTF8&amp;pd_rd_w=IvuUF&amp;content-id=amzn1.sym.96b87dff-e11d-44c7-972e-b6a4372b808c&amp;pf_rd_p=96b87dff-e11d-44c7-972e-b6a4372b808c&amp;pf_rd_r=0AFEHW28M5QQ959AA9JM&amp;pd_rd_wg=JGVrp&amp;pd_rd_r=32fa10d4-b906-4f10-861a-418346d6e892&amp;ref_=pd_gw_crs_zg_bs_468642&quot; type displayed:false&gt;&lt;/a&gt;,
	&lt;a class=&quot;a-link-normal&quot; href=&quot;/Nintendo-eShop-Gift-Card/dp/B07ZJ6RY1W/?_encoding=UTF8&amp;pd_rd_w=IvuUF&amp;content-id=amzn1.sym.96b87dff-e11d-44c7-972e-b6a4372b808c&amp;pf_rd_p=96b87dff-e11d-44c7-972e-b6a4372b808c&amp;pf_rd_r=0AFEHW28M5QQ959AA9JM&amp;pd_rd_wg=JGVrp&amp;pd_rd_r=32fa10d4-b906-4f10-861a-418346d6e892&amp;ref_=pd_gw_crs_zg_bs_468642&quot; type displayed:false&gt;&lt;/a&gt;,
	&lt;a class=&quot;a-link-normal&quot; href=&quot;/Minecraft-Nintendo-Switch/dp/B07D13QGXM/?_encoding=UTF8&amp;pd_rd_w=IvuUF&amp;content-id=amzn1.sym.96b87dff-e11d-44c7-972e-b6a4372b808c&amp;pf_rd_p=96b87dff-e11d-44c7-972e-b6a4372b808c&amp;pf_rd_r=0AFEHW28M5QQ959AA9JM&amp;pd_rd_wg=JGVrp&amp;pd_rd_r=32fa10d4-b906-4f10-861a-418346d6e892&amp;ref_=pd_gw_crs_zg_bs_468642&quot; type displayed:false&gt;&lt;/a&gt;,
	&lt;a class=&quot;a-link-normal&quot; href=&quot;/Hogwarts-Legacy-Deluxe-Nintendo-Switch/dp/B0BBWMHT83/?_encoding=UTF8&amp;pd_rd_w=IvuUF&amp;content-id=amzn1.sym.96b87dff-e11d-44c7-972e-b6a4372b808c&amp;pf_rd_p=96b87dff-e11d-44c7-972e-b6a4372b808c&amp;pf_rd_r=0AFEHW28M5QQ959AA9JM&amp;pd_rd_wg=JGVrp&amp;pd_rd_r=32fa10d4-b906-4f10-861a-418346d6e892&amp;ref_=pd_gw_crs_zg_bs_468642&quot; type displayed:false&gt;&lt;/a&gt;,
	&lt;a class=&quot;a-link-normal&quot; href=&quot;/GeekShare-Silicone-Joystick-Compatible-Nintendo/dp/B09YM1RR2H/?_encoding=UTF8&amp;pd_rd_w=IvuUF&amp;content-id=amzn1.sym.96b87dff-e11d-44c7-972e-b6a4372b808c&amp;pf_rd_p=96b87dff-e11d-44c7-972e-b6a4372b808c&amp;pf_rd_r=0AFEHW28M5QQ959AA9JM&amp;pd_rd_wg=JGVrp&amp;pd_rd_r=32fa10d4-b906-4f10-861a-418346d6e892&amp;ref_=pd_gw_crs_zg_bs_468642&quot; type displayed:false&gt;&lt;/a&gt;,
	&lt;a class=&quot;a-link-normal&quot; href=&quot;/Typewriter-Mechanical-Bluetooth-Connection-Classical/dp/B08T9BHCJK/?_encoding=UTF8&amp;pd_rd_w=IvuUF&amp;content-id=amzn1.sym.96b87dff-e11d-44c7-972e-b6a4372b808c&amp;pf_rd_p=96b87dff-e11d-44c7-972e-b6a4372b808c&amp;pf_rd_r=0AFEHW28M5QQ959AA9JM&amp;pd_rd_wg=JGVrp&amp;pd_rd_r=32fa10d4-b906-4f10-861a-418346d6e892&amp;ref_=pd_gw_crs_zg_bs_468642&quot; type displayed:false&gt;&lt;/a&gt;,
	&lt;a class=&quot;a-link-normal&quot; href=&quot;/Animal-Crossing-New-Horizons-Nintendo-Switch/dp/B07SL6ZXBL/?_encoding=UTF8&amp;pd_rd_w=IvuUF&amp;content-id=amzn1.sym.96b87dff-e11d-44c7-972e-b6a4372b808c&amp;pf_rd_p=96b87dff-e11d-44c7-972e-b6a4372b808c&amp;pf_rd_r=0AFEHW28M5QQ959AA9JM&amp;pd_rd_wg=JGVrp&amp;pd_rd_r=32fa10d4-b906-4f10-861a-418346d6e892&amp;ref_=pd_gw_crs_zg_bs_468642&quot; type displayed:false&gt;&lt;/a&gt;,
	&lt;a class=&quot;a-link-normal&quot; href=&quot;/Octopath-Traveler-II-Nintendo-Switch/dp/B0BF66G8F9/?_encoding=UTF8&amp;pd_rd_w=IvuUF&amp;content-id=amzn1.sym.96b87dff-e11d-44c7-972e-b6a4372b808c&amp;pf_rd_p=96b87dff-e11d-44c7-972e-b6a4372b808c&amp;pf_rd_r=0AFEHW28M5QQ959AA9JM&amp;pd_rd_wg=JGVrp&amp;pd_rd_r=32fa10d4-b906-4f10-861a-418346d6e892&amp;ref_=pd_gw_crs_zg_bs_468642&quot; type displayed:false&gt;&lt;/a&gt;,
	&lt;a class=&quot;a-link-normal&quot; href=&quot;/PlayStation-Store-Gift-Variation-Parent/dp/B09H3W6SRV/?_encoding=UTF8&amp;pd_rd_w=IvuUF&amp;content-id=amzn1.sym.96b87dff-e11d-44c7-972e-b6a4372b808c&amp;pf_rd_p=96b87dff-e11d-44c7-972e-b6a4372b808c&amp;pf_rd_r=0AFEHW28M5QQ959AA9JM&amp;pd_rd_wg=JGVrp&amp;pd_rd_r=32fa10d4-b906-4f10-861a-418346d6e892&amp;ref_=pd_gw_crs_zg_bs_468642&quot; type displayed:false&gt;&lt;/a&gt;,
	&lt;a class=&quot;a-link-normal&quot; href=&quot;/Nintendo-Switch-Pro-Controller/dp/B01NAWKYZ0/?_encoding=UTF8&amp;pd_rd_w=IvuUF&amp;content-id=amzn1.sym.96b87dff-e11d-44c7-972e-b6a4372b808c&amp;pf_rd_p=96b87dff-e11d-44c7-972e-b6a4372b808c&amp;pf_rd_r=0AFEHW28M5QQ959AA9JM&amp;pd_rd_wg=JGVrp&amp;pd_rd_r=32fa10d4-b906-4f10-861a-418346d6e892&amp;ref_=pd_gw_crs_zg_bs_468642&quot; type displayed:false&gt;&lt;/a&gt;,
	&lt;a class=&quot;a-link-normal&quot; href=&quot;/Harvestella-Nintendo-Switch/dp/B0BB42DV8P/?_encoding=UTF8&amp;pd_rd_w=IvuUF&amp;content-id=amzn1.sym.96b87dff-e11d-44c7-972e-b6a4372b808c&amp;pf_rd_p=96b87dff-e11d-44c7-972e-b6a4372b808c&amp;pf_rd_r=0AFEHW28M5QQ959AA9JM&amp;pd_rd_wg=JGVrp&amp;pd_rd_r=32fa10d4-b906-4f10-861a-418346d6e892&amp;ref_=pd_gw_crs_zg_bs_468642&quot; type displayed:false&gt;&lt;/a&gt;,
	&lt;a class=&quot;a-link-normal&quot; href=&quot;/Robux-Roblox-Online-Game-Code/dp/B07RZ74VLR/?_encoding=UTF8&amp;pd_rd_w=IvuUF&amp;content-id=amzn1.sym.96b87dff-e11d-44c7-972e-b6a4372b808c&amp;pf_rd_p=96b87dff-e11d-44c7-972e-b6a4372b808c&amp;pf_rd_r=0AFEHW28M5QQ959AA9JM&amp;pd_rd_wg=JGVrp&amp;pd_rd_r=32fa10d4-b906-4f10-861a-418346d6e892&amp;ref_=pd_gw_crs_zg_bs_468642&quot; type displayed:false&gt;&lt;/a&gt;,
	&lt;a class=&quot;a-link-normal&quot; href=&quot;/Mario-Party-Superstars-Nintendo-Switch/dp/B097B2HQ5R/?_encoding=UTF8&amp;pd_rd_w=IvuUF&amp;content-id=amzn1.sym.96b87dff-e11d-44c7-972e-b6a4372b808c&amp;pf_rd_p=96b87dff-e11d-44c7-972e-b6a4372b808c&amp;pf_rd_r=0AFEHW28M5QQ959AA9JM&amp;pd_rd_wg=JGVrp&amp;pd_rd_r=32fa10d4-b906-4f10-861a-418346d6e892&amp;ref_=pd_gw_crs_zg_bs_468642&quot; type displayed:false&gt;&lt;/a&gt;,
	&lt;a class=&quot;a-link-normal&quot; href=&quot;/Teenage-Turtles-Cowabunga-Collection-Nintendo-Switch/dp/B09W39YNQV/?_encoding=UTF8&amp;pd_rd_w=IvuUF&amp;content-id=amzn1.sym.96b87dff-e11d-44c7-972e-b6a4372b808c&amp;pf_rd_p=96b87dff-e11d-44c7-972e-b6a4372b808c&amp;pf_rd_r=0AFEHW28M5QQ959AA9JM&amp;pd_rd_wg=JGVrp&amp;pd_rd_r=32fa10d4-b906-4f10-861a-418346d6e892&amp;ref_=pd_gw_crs_zg_bs_468642&quot; type displayed:false&gt;&lt;/a&gt;,
	&lt;a class=&quot;a-link-normal&quot; href=&quot;/Luigis-Mansion-3-Nintendo-Switch/dp/B07SK4W1VJ/?_encoding=UTF8&amp;pd_rd_w=IvuUF&amp;content-id=amzn1.sym.96b87dff-e11d-44c7-972e-b6a4372b808c&amp;pf_rd_p=96b87dff-e11d-44c7-972e-b6a4372b808c&amp;pf_rd_r=0AFEHW28M5QQ959AA9JM&amp;pd_rd_wg=JGVrp&amp;pd_rd_r=32fa10d4-b906-4f10-861a-418346d6e892&amp;ref_=pd_gw_crs_zg_bs_468642&quot; type displayed:false&gt;&lt;/a&gt;,
	&lt;a aria-hidden=&quot;true&quot; aria-label=&quot;Carousel previous slide&quot; class=&quot;a-link-normal feed-carousel-control feed-left feed-control-disabled&quot; href=&quot;#&quot; tabindex=&quot;-1&quot; type displayed:false&gt;&lt;/a&gt;,
	&lt;a aria-hidden=&quot;true&quot; aria-label=&quot;Carousel next slide&quot; class=&quot;a-link-normal feed-carousel-control feed-right&quot; href=&quot;#&quot; tabindex=&quot;-1&quot; type displayed:false&gt;&lt;/a&gt;,
	&lt;a class=&quot;a-declarative&quot; data-a-modal=&quot;{&quot;url&quot;:&quot;/af/feedback-form?pl=%7B%22adPlacementMetaData%22%3A%7B%22pageUrl%22%3A%22aHR0cHM6Ly93d3cuYW1hem9uLmNvbS8%2F%22%2C%22adElementId%22%3A%22ape_Gateway_right-7_desktop_placement%22%2C%22pageType%22%3A%22Gateway%22%2C%22slotName%22%3A%22right-7%22%7D%2C%22adCreativeMetaData%22%3A%7B%22adProgramId%22%3A1001%2C%22adCreativeId%22%3A17170625401%2C%22adNetwork%22%3A%22cs%22%2C%22adImpressionId%22%3A%22https%3A%2F%2Faax-us-iad.amazon.com%2Fe%2Fxsp%2Fimp%3Fb%3DRLW4oW5Pm4Z_B9Kp8kcRtCEAAAGDnIx8OAEAAAH0AQBOL0EgICAgICAgICAgICBOL0EgICAgICAgICAgICBu2AKv%22%2C%22adCreativeTemplateName%22%3A%22Image%22%2C%22adId%22%3A588458562152201700%7D%7D&amp;daFlg=false&amp;ie=UTF-8&quot;,     &quot;name&quot;:&quot;shared-placement-feedback-modal-right-7&quot;,&quot;header&quot;:&quot;Leave feedback&quot;,&quot;width&quot;:&quot;460&quot;}&quot; data-action=&quot;a-modal&quot; tabindex=&quot;0&quot; type&gt;Sponsored&lt;/a&gt;,
	&lt;a href=&quot;/gp/history&quot; type displayed:false&gt;&lt;/a&gt;,
	&lt;a aria-label=&quot;Back to top&quot; href=&quot;#nav-top&quot; id=&quot;navBackToTop&quot; type&gt;Back to top&lt;/a&gt;,
	&lt;a class=&quot;nav_a&quot; href=&quot;https://www.amazon.jobs&quot; type&gt;Careers&lt;/a&gt;,
	&lt;a class=&quot;nav_a&quot; href=&quot;https://email.aboutamazon.com/l/637851/2020-10-29/pd87g?Traffic_Source=Blog&amp;Module=hat&quot; type&gt;Amazon Newsletter&lt;/a&gt;,
	&lt;a class=&quot;nav_a&quot; href=&quot;https://www.aboutamazon.com/?utm_source=gateway&amp;utm_medium=footer&amp;token=about&quot; type&gt;About Amazon&lt;/a&gt;,
	&lt;a class=&quot;nav_a&quot; href=&quot;https://sustainability.aboutamazon.com/?utm_source=gateway&amp;utm_medium=footer&amp;ref_=susty_footer&quot; type&gt;Sustainability&lt;/a&gt;,
	&lt;a class=&quot;nav_a&quot; href=&quot;https://www.amazon.com/pr&quot; type&gt;Press Center&lt;/a&gt;,
	&lt;a class=&quot;nav_a&quot; href=&quot;https://www.amazon.com/ir&quot; type&gt;Investor Relations&lt;/a&gt;,
	&lt;a class=&quot;nav_a&quot; href=&quot;/gp/browse.html?node=2102313011&amp;ref_=footer_devices&quot; type&gt;Amazon Devices&lt;/a&gt;,
	&lt;a class=&quot;nav_a&quot; href=&quot;https://www.amazon.science&quot; type&gt;Amazon Science&lt;/a&gt;,
	&lt;a class=&quot;nav_a&quot; href=&quot;https://sell.amazon.com/?ld=AZFSSOA&amp;ref_=footer_soa&quot; type&gt;Sell products on Amazon&lt;/a&gt;,
	&lt;a class=&quot;nav_a&quot; href=&quot;https://developer.amazon.com&quot; type&gt;Sell apps on Amazon&lt;/a&gt;,
	&lt;a class=&quot;nav_a&quot; href=&quot;https://supply.amazon.com&quot; type&gt;Supply to Amazon&lt;/a&gt;,
	&lt;a class=&quot;nav_a&quot; href=&quot;https://affiliate-program.amazon.com/&quot; type&gt;Become an Affiliate&lt;/a&gt;,
	&lt;a class=&quot;nav_a&quot; href=&quot;https://www.fountain.com/jobs/amazon-delivery-service-partner?utm_source=amazon.com&amp;utm_medium=footer&quot; type&gt;Become a Delivery Driver&lt;/a&gt;,
	&lt;a class=&quot;nav_a&quot; href=&quot;https://logistics.amazon.com/marketing?utm_source=amzn&amp;utm_medium=footer&amp;utm_campaign=home&quot; type&gt;Start a package delivery business&lt;/a&gt;,
	&lt;a class=&quot;nav_a&quot; href=&quot;https://advertising.amazon.com/?ref=ext_amzn_ftr&quot; type&gt;Advertise Your Products&lt;/a&gt;,
	&lt;a class=&quot;nav_a&quot; href=&quot;/gp/seller-account/mm-summary-page.html?ld=AZFooterSelfPublish&amp;topic=200260520&amp;ref_=footer_publishing&quot; type&gt;Self-Publish with Us&lt;/a&gt;,
	&lt;a class=&quot;nav_a&quot; href=&quot;https://www.amazon.com/b/?node=13853235011&quot; type&gt;Host an Amazon Hub&lt;/a&gt;,
	&lt;a class=&quot;nav_a&quot; href=&quot;/b/?node=18190131011&amp;ld=AZUSSOA-seemore&amp;ref_=footer_seemore&quot; type&gt;See More Ways to Make Money&lt;/a&gt;,
	&lt;a class=&quot;nav_a&quot; href=&quot;/iss/credit/rewardscardmember?plattr=CBFOOT&amp;ref_=footer_cbcc&quot; type&gt;Amazon Rewards Visa Signature Cards&lt;/a&gt;,
	&lt;a class=&quot;nav_a&quot; href=&quot;/credit/storecard/member?plattr=PLCCFOOT&amp;ref_=footer_plcc&quot; type&gt;Amazon Store Card&lt;/a&gt;,
	&lt;a class=&quot;nav_a&quot; href=&quot;/gp/product/B084KP3NG6?plattr=SCFOOT&amp;ref_=footer_ACB&quot; type&gt;Amazon Secured Card&lt;/a&gt;,
	&lt;a class=&quot;nav_a&quot; href=&quot;/dp/B07984JN3L?plattr=ACOMFO&amp;ie=UTF-8&quot; type&gt;Amazon Business Card&lt;/a&gt;,
	&lt;a class=&quot;nav_a&quot; href=&quot;/gp/browse.html?node=16218619011&amp;ref_=footer_swp&quot; type&gt;Shop with Points&lt;/a&gt;,
	&lt;a class=&quot;nav_a&quot; href=&quot;/gp/browse.html?node=3561432011&amp;ref_=footer_ccmp&quot; type&gt;Credit Card Marketplace&lt;/a&gt;,
	&lt;a class=&quot;nav_a&quot; href=&quot;/gp/browse.html?node=10232440011&amp;ref_=footer_reload_us&quot; type&gt;Reload Your Balance&lt;/a&gt;,
	&lt;a class=&quot;nav_a&quot; href=&quot;/gp/browse.html?node=388305011&amp;ref_=footer_tfx&quot; type&gt;Amazon Currency Converter&lt;/a&gt;,
	&lt;a class=&quot;nav_a&quot; href=&quot;/gp/help/customer/display.html?nodeId=GDFU3JS5AL6SYHRD&amp;ref_=footer_covid&quot; type&gt;Amazon and COVID-19&lt;/a&gt;,
	&lt;a class=&quot;nav_a&quot; href=&quot;https://www.amazon.com/gp/css/homepage.html?ref_=footer_ya&quot; type&gt;Your Account&lt;/a&gt;,
	&lt;a class=&quot;nav_a&quot; href=&quot;https://www.amazon.com/gp/css/order-history?ref_=footer_yo&quot; type&gt;Your Orders&lt;/a&gt;,
	&lt;a class=&quot;nav_a&quot; href=&quot;/gp/help/customer/display.html?nodeId=468520&amp;ref_=footer_shiprates&quot; type&gt;Shipping Rates &amp; Policies&lt;/a&gt;,
	&lt;a class=&quot;nav_a&quot; href=&quot;/gp/prime?ref_=footer_prime&quot; type&gt;Amazon Prime&lt;/a&gt;,
	&lt;a class=&quot;nav_a&quot; href=&quot;/gp/css/returns/homepage.html?ref_=footer_hy_f_4&quot; type&gt;Returns &amp; Replacements&lt;/a&gt;,
	&lt;a class=&quot;nav_a&quot; href=&quot;/hz/mycd/myx?ref_=footer_myk&quot; type&gt;Manage Your Content and Devices&lt;/a&gt;,
	&lt;a class=&quot;nav_a&quot; href=&quot;https://www.amazon.com/your-product-safety-alerts?ref_=footer_bsx_ypsa&quot; type&gt;Your Recalls and Product Safety Alerts&lt;/a&gt;,
	&lt;a class=&quot;nav_a&quot; href=&quot;/gp/BIT/ref=footer_bit_v2_us_A0029?bitCampaignCode=A0029&quot; type&gt;Amazon Assistant&lt;/a&gt;,
	&lt;a class=&quot;nav_a&quot; href=&quot;/gp/help/customer/display.html?nodeId=508510&amp;ref_=footer_gw_m_b_he&quot; type&gt;Help&lt;/a&gt;,
	&lt;a href=&quot;/?ref_=footer_logo&quot; type&gt;&lt;/a&gt;,
	&lt;a class=&quot;icp-button&quot; href=&quot;/customer-preferences/edit?ie=UTF8&amp;preferencesReturnUrl=%2F&amp;ref_=footer_lang&quot; id=&quot;icp-touch-link-language&quot; type&gt;English&lt;/a&gt;,
	&lt;a class=&quot;icp-button&quot; href=&quot;/customer-preferences/country?ie=UTF8&amp;preferencesReturnUrl=%2F&amp;ref_=footer_icp_cp&quot; id=&quot;icp-touch-link-country&quot; type&gt;United States&lt;/a&gt;,
	&lt;a class=&quot;nav_a&quot; href=&quot;https://music.amazon.com?ref=dm_aff_amz_com&quot; type&gt;Amazon Music
Stream millions
of songs&lt;/a&gt;,
	&lt;a class=&quot;nav_a&quot; href=&quot;https://advertising.amazon.com/?ref=footer_advtsing_amzn_com&quot; type&gt;Amazon Advertising
Find, attract, and
engage customers&lt;/a&gt;,
	&lt;a class=&quot;nav_a&quot; href=&quot;/gp/browse.html?node=15547130011&amp;ref_=_us_footer_drive&quot; type&gt;Amazon Drive
Cloud storage
from Amazon&lt;/a&gt;,
	&lt;a class=&quot;nav_a&quot; href=&quot;https://www.6pm.com&quot; type&gt;6pm
Score deals
on fashion brands&lt;/a&gt;,
	&lt;a class=&quot;nav_a&quot; href=&quot;https://www.abebooks.com&quot; type&gt;AbeBooks
Books, art
&amp; collectibles&lt;/a&gt;,
	&lt;a class=&quot;nav_a&quot; href=&quot;https://www.acx.com/&quot; type&gt;ACX
Audiobook Publishing
Made Easy&lt;/a&gt;,
	&lt;a class=&quot;nav_a&quot; href=&quot;https://www.alexa.com&quot; type&gt;Alexa
Actionable Analytics
for the Web&lt;/a&gt;,
	&lt;a class=&quot;nav_a&quot; href=&quot;https://sell.amazon.com/?ld=AZUSSOA-footer-aff&amp;ref_=footer_sell&quot; type&gt;Sell on Amazon
Start a Selling Account&lt;/a&gt;,
	&lt;a class=&quot;nav_a&quot; href=&quot;/business?ref_=footer_retail_b2b&quot; type&gt;Amazon Business
Everything For
Your Business&lt;/a&gt;,
	&lt;a class=&quot;nav_a&quot; href=&quot;/alm/storefront?almBrandId=QW1hem9uIEZyZXNo&amp;ref_=footer_aff_fresh&quot; type&gt;Amazon Fresh
Groceries &amp; More
Right To Your Door&lt;/a&gt;,
	&lt;a class=&quot;nav_a&quot; href=&quot;/gp/browse.html?node=230659011&amp;ref_=footer_amazonglobal&quot; type&gt;AmazonGlobal
Ship Orders
Internationally&lt;/a&gt;,
	&lt;a class=&quot;nav_a&quot; href=&quot;/services?ref_=footer_services&quot; type&gt;Home Services
Experienced Pros
Happiness Guarantee&lt;/a&gt;,
	&lt;a class=&quot;nav_a&quot; href=&quot;https://ignite.amazon.com/?ref=amazon_footer_ignite&quot; type&gt;Amazon Ignite
Sell your original
Digital Educational
Resources&lt;/a&gt;,
	&lt;a class=&quot;nav_a&quot; href=&quot;https://aws.amazon.com/what-is-cloud-computing/?sc_channel=EL&amp;sc_campaign=amazonfooter&quot; type&gt;Amazon Web Services
Scalable Cloud
Computing Services&lt;/a&gt;,
	&lt;a class=&quot;nav_a&quot; href=&quot;https://www.audible.com&quot; type&gt;Audible
Listen to Books &amp; Original
Audio Performances&lt;/a&gt;,
	&lt;a class=&quot;nav_a&quot; href=&quot;https://www.bookdepository.com&quot; type&gt;Book Depository
Books With Free
Delivery Worldwide&lt;/a&gt;,
	&lt;a class=&quot;nav_a&quot; href=&quot;https://www.boxofficemojo.com/?ref_=amzn_nav_ftr&quot; type&gt;Box Office Mojo
Find Movie
Box Office Data&lt;/a&gt;,
	&lt;a class=&quot;nav_a&quot; href=&quot;https://www.comixology.com&quot; type&gt;ComiXology
Thousands of
Digital Comics&lt;/a&gt;,
	&lt;a class=&quot;nav_a&quot; href=&quot;https://www.dpreview.com&quot; type&gt;DPReview
Digital
Photography&lt;/a&gt;,
	&lt;a class=&quot;nav_a&quot; href=&quot;https://www.fabric.com&quot; type&gt;Fabric
Sewing, Quilting
&amp; Knitting&lt;/a&gt;,
	&lt;a class=&quot;nav_a&quot; href=&quot;https://www.goodreads.com&quot; type&gt;Goodreads
Book reviews
&amp; recommendations&lt;/a&gt;,
	&lt;a class=&quot;nav_a&quot; href=&quot;https://www.imdb.com&quot; type&gt;IMDb
Movies, TV
&amp; Celebrities&lt;/a&gt;,
	&lt;a class=&quot;nav_a&quot; href=&quot;https://pro.imdb.com?ref_=amzn_nav_ftr&quot; type&gt;IMDbPro
Get Info Entertainment
Professionals Need&lt;/a&gt;,
	&lt;a class=&quot;nav_a&quot; href=&quot;https://kdp.amazon.com&quot; type&gt;Kindle Direct Publishing
Indie Digital &amp; Print Publishing
Made Easy&lt;/a&gt;,
	&lt;a class=&quot;nav_a&quot; href=&quot;/gp/browse.html?node=13234696011&amp;ref_=_gno_p_foot&quot; type&gt;Amazon Photos
Unlimited Photo Storage
Free With Prime&lt;/a&gt;,
	&lt;a class=&quot;nav_a&quot; href=&quot;https://videodirect.amazon.com/home/landing&quot; type&gt;Prime Video Direct
Video Distribution
Made Easy&lt;/a&gt;,
	&lt;a class=&quot;nav_a&quot; href=&quot;https://www.shopbop.com/welcome&quot; type&gt;Shopbop
Designer
Fashion Brands&lt;/a&gt;,
	&lt;a class=&quot;nav_a&quot; href=&quot;/gp/browse.html?node=10158976011&amp;ref_=footer_wrhsdls&quot; type&gt;Amazon Warehouse
Great Deals on
Quality Used Products&lt;/a&gt;,
	&lt;a class=&quot;nav_a&quot; href=&quot;https://www.wholefoodsmarket.com&quot; type&gt;Whole Foods Market
America’s Healthiest
Grocery Store&lt;/a&gt;,
	&lt;a class=&quot;nav_a&quot; href=&quot;https://www.woot.com/&quot; type&gt;Woot!
Deals and
Shenanigans&lt;/a&gt;,
	&lt;a class=&quot;nav_a&quot; href=&quot;https://www.zappos.com&quot; type&gt;Zappos
Shoes &amp;
Clothing&lt;/a&gt;,
	&lt;a class=&quot;nav_a&quot; href=&quot;https://ring.com&quot; type&gt;Ring
Smart Home
Security Systems&lt;/a&gt;,
	&lt;a class=&quot;nav_a&quot; href=&quot;https://eero.com/&quot; type&gt;eero WiFi
Stream 4K Video
in Every Room&lt;/a&gt;,
	&lt;a class=&quot;nav_a&quot; href=&quot;https://blinkforhome.com/?ref=nav_footer&quot; type&gt;Blink
Smart Security
for Every Home&lt;/a&gt;,
	&lt;a class=&quot;nav_a&quot; href=&quot;https://shop.ring.com/pages/neighbors-app&quot; type&gt;Neighbors App
Real-Time Crime
&amp; Safety Alerts&lt;/a&gt;,
	&lt;a class=&quot;nav_a&quot; href=&quot;/gp/browse.html?node=14498690011&amp;ref_=amzn_nav_ftr_swa&quot; type&gt;Amazon Subscription Boxes
Top subscription boxes – right to your door&lt;/a&gt;,
	&lt;a class=&quot;nav_a&quot; href=&quot;https://www.pillpack.com&quot; type&gt;PillPack
Pharmacy Simplified&lt;/a&gt;,
	&lt;a class=&quot;nav_a&quot; href=&quot;/gp/browse.html?node=12653393011&amp;ref_=footer_usrenew&quot; type&gt;Amazon Renewed
Like-new products
you can trust&lt;/a&gt;,
	&lt;a class=&quot;nav_a&quot; href=&quot;/gp/help/customer/display.html?nodeId=508088&amp;ref_=footer_cou&quot; type&gt;Conditions of Use&lt;/a&gt;,
	&lt;a class=&quot;nav_a&quot; href=&quot;/gp/help/customer/display.html?nodeId=468496&amp;ref_=footer_privacy&quot; type&gt;Privacy Notice&lt;/a&gt;,
	&lt;a class=&quot;nav_a&quot; href=&quot;/interestbasedads/ref=footer_iba&quot; type&gt;Interest-Based Ads&lt;/a&gt;
]
Screenshot: file:/E:/march%20automation/selenium/ews%202022%20sep/SelenideSession/build/reports/tests/1664778881210.0.png
Page source: file:/E:/march%20automation/selenium/ews%202022%20sep/SelenideSession/build/reports/tests/1664778881210.0.html
Timeout: 4 s." type="com.codeborne.selenide.ex.ListSizeMismatch">
      <![CDATA[List size mismatch: expected: < 400, actual: 406, collection: By.tagName: a
Elements: [
<a id="nav-top" type displayed:false></a>,
<a class="skip-link" id="skiplink" tabindex="0" type>Skip to main content</a>,
<a aria-label="Amazon" class="nav-logo-link nav-progressive-attribute" href="/ref=nav_logo" id="nav-logo-sprites" type></a>,
<a class="nav-a nav-a-2 a-popover-trigger a-declarative nav-progressive-attribute" id="nav-global-location-popover-link" tabindex="0" type>Deliver to
India</a>,
<a aria-label="Choose a language for shopping." class="nav-a nav-a-2 icp-link-style-2" href="/customer-preferences/edit?ie=UTF8&preferencesReturnUrl=%2F&ref_=topnav_lang" id="icp-nav-flyout" type>English</a>,
<a class="nav-a nav-a-2   nav-progressive-attribute" data-csa-c-content-id="nav_ya_signin" data-csa-c-id="njnoo2-bjqpcm-mrxns3-3crjf6" data-csa-c-slot-id="nav-link-accountList" data-csa-c-type="link" data-nav-ref="nav_ya_signin" data-nav-role="signin" data-ux-jq-mouseenter="true" href="https://www.amazon.com/ap/signin?openid.pape.max_auth_age=0&openid.return_to=https%3A%2F%2Fwww.amazon.com%2F%3Fref_%3Dnav_ya_signin&openid.identity=http%3A%2F%2Fspecs.openid.net%2Fauth%2F2.0%2Fidentifier_select&openid.assoc_handle=usflex&openid.mode=checkid_setup&openid.claimed_id=http%3A%2F%2Fspecs.openid.net%2Fauth%2F2.0%2Fidentifier_select&openid.ns=http%3A%2F%2Fspecs.openid.net%2Fauth%2F2.0&" id="nav-link-accountList" tabindex="0" type>Hello, sign in
Account & Lists</a>,
<a class="nav-a nav-a-2   nav-progressive-attribute" href="/gp/css/order-history?ref_=nav_orders_first" id="nav-orders" tabindex="0" type>Returns
& Orders</a>,
<a aria-label="0 items in cart" class="nav-a nav-a-2 nav-progressive-attribute" href="/gp/cart/view.html?ref_=nav_cart" id="nav-cart" type>0
Cart</a>,
<a class="nav-action-button" data-nav-ref="nav_signin" data-nav-role="signin" href="https://www.amazon.com/ap/signin?openid.pape.max_auth_age=0&openid.return_to=https%3A%2F%2Fwww.amazon.com%2F%3Fref_%3Dnav_signin&openid.identity=http%3A%2F%2Fspecs.openid.net%2Fauth%2F2.0%2Fidentifier_select&openid.assoc_handle=usflex&openid.mode=checkid_setup&openid.claimed_id=http%3A%2F%2Fspecs.openid.net%2Fauth%2F2.0%2Fidentifier_select&openid.ns=http%3A%2F%2Fspecs.openid.net%2Fauth%2F2.0&" rel="nofollow" type displayed:false></a>,
<a class="nav-a" href="https://www.amazon.com/ap/register?openid.pape.max_auth_age=0&openid.return_to=https%3A%2F%2Fwww.amazon.com%2F%3F_encoding%3DUTF8%26ref_%3Dnav_newcust&openid.identity=http%3A%2F%2Fspecs.openid.net%2Fauth%2F2.0%2Fidentifier_select&openid.assoc_handle=usflex&openid.mode=checkid_setup&openid.claimed_id=http%3A%2F%2Fspecs.openid.net%2Fauth%2F2.0%2Fidentifier_select&openid.ns=http%3A%2F%2Fspecs.openid.net%2Fauth%2F2.0&" rel="nofollow" type displayed:false></a>,
<a class="nav-link nav-item" href="/hz/wishlist/ls?triggerElementID=createList&ref_=nav_ListFlyout_navFlyout_createList_lv_redirect" type displayed:false></a>,
<a class="nav-link nav-item" href="/registries?ref_=nav_ListFlyout_find" type displayed:false></a>,
<a class="nav-link nav-item" href="/hz/charitylist/homepage?ref_=nav_ListFlyout_smi_se_ya_lll_ll" type displayed:false></a>,
<a class="nav-link nav-item" href="/gp/css/homepage.html?ref_=nav_AccountFlyout_ya" type displayed:false></a>,
<a class="nav-link nav-item" href="/gp/css/order-history?ref_=nav_AccountFlyout_orders" id="nav_prefetch_yourorders" type displayed:false></a>,
<a class="nav-link nav-item" href="/gp/yourstore?ref_=nav_AccountFlyout_recs" type displayed:false></a>,
<a class="nav-link nav-item" href="/gp/history?ref_=nav_AccountFlyout_browsinghistory" type displayed:false></a>,
<a class="nav-link nav-item" href="/gp/video/watchlist?ref_=nav_AccountFlyout_ywl" type displayed:false></a>,
<a class="nav-link nav-item" href="/gp/video/library?ref_=nav_AccountFlyout_yvl" type displayed:false></a>,
<a class="nav-link nav-item" href="/gp/kindle/ku/ku_central?ref_=nav_AccountFlyout_ku" type displayed:false></a>,
<a class="nav-link nav-item" href="/hz/mycd/myx?pageType=content&ref_=nav_AccountFlyout_myk" type displayed:false></a>,
<a class="nav-link nav-item" href="/gp/subscribe-and-save/manager/viewsubscriptions?ref_=nav_AccountFlyout_sns" type displayed:false></a>,
<a class="nav-link nav-item" href="/hz5/yourmembershipsandsubscriptions?ref_=nav_AccountFlyout_digital_subscriptions" type displayed:false></a>,
<a class="nav-link nav-item" href="/gp/subs/primeclub/account/homepage.html?ref_=nav_AccountFlyout_prime" type displayed:false></a>,
<a class="nav-link nav-item" href="https://www.amazon.com/credit/landing?ref_=nav_AccountFlyout_ya_amazon_cc_landing_ms" type displayed:false></a>,
<a class="nav-link nav-item" href="https://music.amazon.com?ref=nav_youraccount_cldplyr" type displayed:false></a>,
<a class="nav-link nav-item" href="/b/?node=12766669011&ld=AZUSSOA-yaflyout&ref_=nav_AccountFlyout_cs_sell" type displayed:false></a>,
<a class="nav-link nav-item" href="/gp/browse.html?node=11261610011&ref_=nav_AccountFlyout_b2b_reg" type displayed:false></a>,
<a class="nav-link nav-item" href="https://www.amazon.com/hz/contact-us?ref_=nav_AccountFlyout_CS" type displayed:false></a>,
<a class="nav-action-button" data-nav-ref="nav_custrec_signin" data-nav-role="signin" href="https://www.amazon.com/ap/signin?openid.pape.max_auth_age=0&openid.return_to=https%3A%2F%2Fwww.amazon.com%2F%3Fref_%3Dnav_custrec_signin&openid.identity=http%3A%2F%2Fspecs.openid.net%2Fauth%2F2.0%2Fidentifier_select&openid.assoc_handle=usflex&openid.mode=checkid_setup&openid.claimed_id=http%3A%2F%2Fspecs.openid.net%2Fauth%2F2.0%2Fidentifier_select&openid.ns=http%3A%2F%2Fspecs.openid.net%2Fauth%2F2.0&" type displayed:false></a>,
<a class="nav-a" href="https://www.amazon.com/ap/register?openid.pape.max_auth_age=0&openid.return_to=https%3A%2F%2Fwww.amazon.com%2F%3F_encoding%3DUTF8%26ref_%3Dnav_custrec_newcust&openid.identity=http%3A%2F%2Fspecs.openid.net%2Fauth%2F2.0%2Fidentifier_select&openid.assoc_handle=usflex&openid.mode=checkid_setup&openid.claimed_id=http%3A%2F%2Fspecs.openid.net%2Fauth%2F2.0%2Fidentifier_select&openid.ns=http%3A%2F%2Fspecs.openid.net%2Fauth%2F2.0&" type displayed:false></a>,
<a aria-label="Open Menu" data-csa-c-id="50ximw-ksdjdj-xb1qyn-tuccz6" data-csa-c-interaction-events="click" data-csa-c-slot-id="HamburgerMenuDesktop" data-csa-c-type="widget" href="javascript: void(0)" id="nav-hamburger-menu" role="button" type>All</a>,
<a aria-label="Click to call our Disability Customer Support line, or reach us directly at 1-888-283-1678" class="nav-hidden-aria  " data-csa-c-id="ykxb8j-1lytay-6pfqyn-wttmp4" data-csa-c-slot-id="nav_cs_0" data-csa-c-type="link" href="/gp/help/customer/accessibility" tabindex="0" type displayed:false></a>,
<a class="nav-a  " data-csa-c-content-id="nav_cs_bestsellers" data-csa-c-id="auv6nh-wwlahd-gtixwn-5in25x" data-csa-c-slot-id="nav_cs_1" data-csa-c-type="link" href="/gp/bestsellers/?ref_=nav_cs_bestsellers" tabindex="0" type>Best Sellers</a>,
<a class="nav-a  " data-csa-c-content-id="nav_cs_amazonbasics" data-csa-c-id="kj9gwc-ugjsrr-72geis-wtrwu1" data-csa-c-slot-id="nav_cs_2" data-csa-c-type="link" href="/stores/node/20648519011?channel=discovbar?field-lbr_brands_browse-bin=AmazonBasics&ref_=nav_cs_amazonbasics" tabindex="0" type>Amazon Basics</a>,
<a class="nav-a  " data-csa-c-content-id="nav_cs_customerservice" data-csa-c-id="le5kn1-orvm7v-gihy8w-y1f3g2" data-csa-c-slot-id="nav_cs_3" data-csa-c-type="link" href="/gp/help/customer/display.html?nodeId=508510&ref_=nav_cs_customerservice" tabindex="0" type>Customer Service</a>,
<a class="nav-a  " data-csa-c-content-id="nav_cs_newreleases" data-csa-c-id="pci4lm-pzxbex-nq5lcq-ga1qhw" data-csa-c-slot-id="nav_cs_4" data-csa-c-type="link" href="/gp/new-releases/?ref_=nav_cs_newreleases" tabindex="0" type>New Releases</a>,
<a class="nav-a  " data-csa-c-content-id="nav_cs_gb" data-csa-c-id="7d4dna-cb0smg-h4cg0o-y60dzp" data-csa-c-slot-id="nav_cs_5" data-csa-c-type="link" href="/deals?ref_=nav_cs_gb" tabindex="0" type>Today's Deals</a>,
<a class="nav-a  " data-csa-c-content-id="nav_cs_primelink_nonmember" data-csa-c-id="9jflth-cu7e25-ghlhee-rcp2mu" data-csa-c-slot-id="nav-link-amazonprime" data-csa-c-type="link" data-ux-jq-mouseenter="true" href="/prime?ref_=nav_cs_primelink_nonmember" id="nav-link-amazonprime" tabindex="0" type>Prime</a>,
<a class="nav-a  " data-csa-c-content-id="nav_cs_music" data-csa-c-id="pdr8qi-az3ozi-1ngbv3-iifd8h" data-csa-c-slot-id="nav_cs_7" data-csa-c-type="link" href="/music/unlimited?ref_=nav_cs_music" tabindex="0" type>Music</a>,
<a class="nav-a  " data-csa-c-content-id="nav_cs_books" data-csa-c-id="eihh5l-r1stny-ks2n9d-r1b1ih" data-csa-c-slot-id="nav_cs_8" data-csa-c-type="link" href="/books-used-books-textbooks/b/?ie=UTF8&node=283155&ref_=nav_cs_books" tabindex="0" type>Books</a>,
<a class="nav-a  " data-csa-c-content-id="nav_cs_pharmacy" data-csa-c-id="yyh6xg-3clqlc-iczofb-jzjh11" data-csa-c-slot-id="nav_cs_9" data-csa-c-type="link" href="https://pharmacy.amazon.com/?ref_=nav_cs_pharmacy" tabindex="0" type>Pharmacy</a>,
<a class="nav-a  " data-csa-c-content-id="nav_cs_registry" data-csa-c-id="hljgk7-1txwpx-gcogzp-k9q87q" data-csa-c-slot-id="nav_cs_10" data-csa-c-type="link" href="/gp/browse.html?node=16115931011&ref_=nav_cs_registry" tabindex="0" type>Registry</a>,
<a class="nav-a  " data-csa-c-content-id="nav_cs_kindle_books" data-csa-c-id="jvbqty-rjiqsl-sf3iii-h46e8e" data-csa-c-slot-id="nav_cs_11" data-csa-c-type="link" href="/Kindle-eBooks/b/?ie=UTF8&node=154606011&ref_=nav_cs_kindle_books" tabindex="0" type>Kindle Books</a>,
<a class="nav-a  " data-csa-c-content-id="nav_cs_home" data-csa-c-id="m6s46i-88o6xs-pi9xim-rrf7ay" data-csa-c-slot-id="nav_cs_12" data-csa-c-type="link" href="/home-garden-kitchen-furniture-bedding/b/?ie=UTF8&node=1055398&ref_=nav_cs_home" tabindex="0" type displayed:false></a>,
<a class="nav-a  " data-csa-c-content-id="nav_cs_fashion" data-csa-c-id="yf4a5z-qffjps-9sfm67-ibegeb" data-csa-c-slot-id="nav_cs_13" data-csa-c-type="link" href="/amazon-fashion/b/?ie=UTF8&node=7141123011&ref_=nav_cs_fashion" tabindex="0" type displayed:false></a>,
<a class="nav-a  " data-csa-c-content-id="nav_cs_gc" data-csa-c-id="lkkiu1-whx0qe-txrwpl-jawz0q" data-csa-c-slot-id="nav_cs_14" data-csa-c-type="link" href="/gift-cards/b/?ie=UTF8&node=2238192011&ref_=nav_cs_gc" tabindex="0" type displayed:false></a>,
<a class="nav-a  " data-csa-c-content-id="nav_cs_toys" data-csa-c-id="1p5pyn-qfmpjc-qqw2a5-ep0hk8" data-csa-c-slot-id="nav_cs_15" data-csa-c-type="link" href="/toys/b/?ie=UTF8&node=165793011&ref_=nav_cs_toys" tabindex="0" type displayed:false></a>,
<a class="nav-a  " data-csa-c-content-id="nav_cs_sell" data-csa-c-id="pu25g2-u4o9hm-3qhqwp-shd1ji" data-csa-c-slot-id="nav_cs_16" data-csa-c-type="link" href="/b/?_encoding=UTF8&ld=AZUSSOA-sell&node=12766669011&ref_=nav_cs_sell" tabindex="0" type displayed:false></a>,
<a class="nav-a  " data-csa-c-content-id="nav_cs_amazon_explore" data-csa-c-id="fam2m3-otdcz4-hd2zdt-aad01n" data-csa-c-slot-id="nav_cs_17" data-csa-c-type="link" href="/explore?ref_=nav_cs_amazon_explore" tabindex="0" type displayed:false></a>,
<a class="nav-a  " data-csa-c-content-id="nav_cs_automotive" data-csa-c-id="yctnb4-cy1dy8-n8vilu-40e294" data-csa-c-slot-id="nav_cs_18" data-csa-c-type="link" href="/automotive-auto-truck-replacements-parts/b/?ie=UTF8&node=15684181&ref_=nav_cs_automotive" tabindex="0" type displayed:false></a>,
<a class="nav-a  " data-csa-c-content-id="nav_cs_pc" data-csa-c-id="jydo7f-3soiux-j6nroi-bff16t" data-csa-c-slot-id="nav_cs_19" data-csa-c-type="link" href="/computer-pc-hardware-accessories-add-ons/b/?ie=UTF8&node=541966&ref_=nav_cs_pc" tabindex="0" type displayed:false></a>,
<a class="nav-a  " data-csa-c-content-id="nav_cs_coupons" data-csa-c-id="yokcv5-xv16e7-7ljz97-9d6yrn" data-csa-c-slot-id="nav_cs_20" data-csa-c-type="link" href="/Coupons/b/?_encoding=UTF8&node=2231352011&ref_=nav_cs_coupons" tabindex="0" type displayed:false></a>,
<a class="nav-a  " data-csa-c-content-id="nav_cs_shoppertoolkit" data-csa-c-id="vb25wq-2jsdox-de77u4-xhtu9n" data-csa-c-slot-id="nav_cs_21" data-csa-c-type="link" href="/b/?node=17867753011&ref_=nav_cs_shoppertoolkit" tabindex="0" type displayed:false></a>,
<a class="nav-a  " data-csa-c-content-id="nav_cs_beauty" data-csa-c-id="kgw7ia-p7tioo-smcsjx-bq3pc5" data-csa-c-slot-id="nav_cs_22" data-csa-c-type="link" href="/Beauty-Makeup-Skin-Hair-Products/b/?ie=UTF8&node=3760911&ref_=nav_cs_beauty" tabindex="0" type displayed:false></a>,
<a class="nav-a  " data-csa-c-content-id="nav_cs_hi" data-csa-c-id="xef6ol-l81e4i-jdgmj-zd4vaf" data-csa-c-slot-id="nav_cs_23" data-csa-c-type="link" href="/Tools-and-Home-Improvement/b/?ie=UTF8&node=228013&ref_=nav_cs_hi" tabindex="0" type displayed:false></a>,
<a class="nav-a  " data-csa-c-content-id="nav_cs_luxury" data-csa-c-id="fn06eq-413tkc-3todbs-fa5uhl" data-csa-c-slot-id="nav_cs_24" data-csa-c-type="link" href="/luxurystores?ref_=nav_cs_luxury" tabindex="0" type displayed:false></a>,
<a class="nav-a  " data-csa-c-content-id="nav_cs_video_games" data-csa-c-id="f6pxju-nkjfe2-fz1npk-ci70xs" data-csa-c-slot-id="nav_cs_25" data-csa-c-type="link" href="/computer-video-games-hardware-accessories/b/?ie=UTF8&node=468642&ref_=nav_cs_video_games" tabindex="0" type displayed:false></a>,
<a class="nav-a  " data-csa-c-content-id="nav_cs_pets" data-csa-c-id="fj1a2u-sl8pa3-qixyce-qw7agi" data-csa-c-slot-id="nav_cs_26" data-csa-c-type="link" href="/pet-shops-dogs-cats-hamsters-kittens/b/?ie=UTF8&node=2619533011&ref_=nav_cs_pets" tabindex="0" type displayed:false></a>,
<a class="nav-a  " data-csa-c-content-id="nav_cs_hpc" data-csa-c-id="4fsexs-xvsg89-3h4mbz-tvvcg5" data-csa-c-slot-id="nav_cs_27" data-csa-c-type="link" href="/health-personal-care-nutrition-fitness/b/?ie=UTF8&node=3760901&ref_=nav_cs_hpc" tabindex="0" type displayed:false></a>,
<a class="nav-a  " data-csa-c-content-id="nav_cs_handmade" data-csa-c-id="v1z17x-9y4bbk-9v4ie8-btkc6k" data-csa-c-slot-id="nav_cs_28" data-csa-c-type="link" href="/Handmade/b/?ie=UTF8&node=11260432011&ref_=nav_cs_handmade" tabindex="0" type displayed:false></a>,
<a class="nav-a  " data-csa-c-content-id="nav_cs_smart_home" data-csa-c-id="xo3di6-t2o0p5-n73dz9-kg357f" data-csa-c-slot-id="nav_cs_29" data-csa-c-type="link" href="/Smart-Home/b/?ie=UTF8&node=6563140011&ref_=nav_cs_smart_home" tabindex="0" type displayed:false></a>,
<a class="nav_a nav-swm-text nav-progressive-attribute nav-progressive-content" href="/gcx/Hispanic-Goods/gfhz/events/?_encoding=UTF8&categoryId=hhmshop&ref_=nav_swm_US_HHM22_GW_Desk_SWM_2&pf_rd_p=b9b73154-7d76-46a0-bc8c-2d579064d20e&pf_rd_s=nav-sitewide-msg-text&pf_rd_t=4201&pf_rd_i=navbar-4201&pf_rd_m=ATVPDKIKX0DER&pf_rd_r=0AFEHW28M5QQ959AA9JM" id="swm-link" tabindex="0" type>Shop Hispanic & Latino goods</a>,
<a id="skippedLink" tabindex="-1" type displayed:false></a>,
<a name="top" type displayed:false></a>,
<a aria-disabled="false" class="a-carousel-goto-prevpage" href="#" tabindex="0" type></a>,
<a aria-label="Automatic soap dispenser with 20-second timer. Amazon Smart Soap Dispenser. Works with Alexa." href="/dp/B08GWRT223/ref=ods_gw_eg_d_h5_vicc_grbau/?_encoding=UTF8&pd_rd_w=7tltd&content-id=amzn1.sym.1140982a-25b9-4b37-90d5-43712c1aef92&pf_rd_p=1140982a-25b9-4b37-90d5-43712c1aef92&pf_rd_r=0AFEHW28M5QQ959AA9JM&pd_rd_wg=d7MrO&pd_rd_r=912936de-2f0a-4311-a80d-0cabf98f628a&ref_=pd_gw_unk" target type displayed:false></a>,
<a aria-label="Fire TV smart TVs for as low as $99.99" href="/b/?ie=UTF8&node=11851273011&deals-widget=%257B%2522presetId%2522%3A%2522ftve%2522%257D&pd_rd_w=tocOG&content-id=amzn1.sym.41839500-ada9-4f1c-a0c4-f97653342bca&pf_rd_p=41839500-ada9-4f1c-a0c4-f97653342bca&pf_rd_r=0AFEHW28M5QQ959AA9JM&pd_rd_wg=d7MrO&pd_rd_r=912936de-2f0a-4311-a80d-0cabf98f628a&ref_=pd_gw_unk" target type displayed:false></a>,
<a class="a-link-normal _cropped-image-link_style_centerImage__1rzYI aok-block image-window" href="/dp/B09QHCPD34/ref=dvm_us_or_cs_SH_all_22LTUMEP6_MWAC/" type displayed:false></a>,
<a class="a-link-normal _cropped-image-link_style_centerImage__1rzYI aok-block image-window" href="/earlyaccess/?_encoding=UTF8&ref_=US_PEAS22_LU_GW_Desk_Hero_PeasDates" type></a>,
<a class="a-link-normal _cropped-image-link_style_centerImage__1rzYI aok-block image-window" href="/b/ref=US_HHM22_P1_GW_Desk_Hero_Hub?_encoding=UTF8&node=23589917011" type></a>,
<a aria-disabled="false" class="a-carousel-goto-nextpage" href="#" tabindex="0" type></a>,
<a class="a-size-base a-link-normal" href="/b/?node=17285237011" type>Donate now</a>,
<a aria-label="Amazon Music Unlimited: 90 million songs ad-free" class="a-link-normal image-redirect aok-block image-window" href="/music/unlimited?ref=_US_PEAS22_LU_GW_Desk_DashQuad_Music5" type>Amazon Music: Listen ad-free</a>,
<a aria-label="Amazon echo with yellow notification ring. Let Alexa help with deals. Alexa Shopping" class="a-link-normal image-redirect aok-block image-window" href="/b?node=23775761011&ref_=US_PEAS22_LU_GW_Desk_DashQuad_Alexa5" type>Let Alexa help with deals</a>,
<a aria-label="Grubhub+ is free with Prime" class="a-link-normal image-redirect aok-block image-window" href="/prime/offer/grubhub/prime-deal?ref_=US_PEAS22_LU_GW_Desk_DashQuad_GH5" type>Grubhub+ is free with Prime</a>,
<a aria-label="Save up to 50% on movies and more" class="a-link-normal image-redirect aok-block image-window" href="/gp/video/storefront/ref=atv_hm_hom_c_9zZ8D2_1_7?contentType=merch&contentId=deals&merchId=deals&ref=_US_PEAS22_LU_GW_Desk_DashQuad_Video5" type>Epic deals on TV & more</a>,
<a class="a-link-normal see-more truncate-1line" href="/earlyaccess?ref=US_PEAS22_LU_GW_Desk_DashQuad5" type>Shop early deals</a>,
<a class="a-link-normal center-image aok-block image-window" href="/b/?node=24230892011&ref_=dtech_gw_topcard_ff_oct" type></a>,
<a class="a-link-normal see-more truncate-1line" href="/b/?node=24230892011&ref_=dtech_gw_topcard_ff_oct" type>Shop all fall favorites</a>,
<a aria-label="Women" class="a-link-normal image-redirect aok-block image-window" href="/b?node=24018163011&ref_=af_gw_DQC_Oct_Halloween_05_W" type>Women</a>,
<a aria-label="Men" class="a-link-normal image-redirect aok-block image-window" href="/b?node=24018157011&ref_=af_gw_DQC_Oct_Halloween_05_M" type>Men</a>,
<a aria-label="Kids" class="a-link-normal image-redirect aok-block image-window" href="/b?node=24018166011&ref_=af_gw_DQC_Oct_Halloween_05_K" type>Kids</a>,
<a aria-label="Family" class="a-link-normal image-redirect aok-block image-window" href="/b?node=24018160011&ref_=af_gw_DQC_Oct_Halloween_05_F" type>Family</a>,
<a class="a-link-normal see-more truncate-1line" href="/b?node=24018160011&ref_=af_gw_DQC_Oct_Halloween_05" type>Shop scary-good styles</a>,
<a class="a-link-normal see-more footerLink" href="/b/?_encoding=UTF8&node=23490265011" type>Get started</a>,
<a class="clickthrough" href="https://www.amazon.com/asv/reload?aaxitk=a7b8f4f8fff7e816bee360b49d7442c5&ref=o_disp_nahouse_usfallback" target="_top" type></a>,
<a class="a-declarative" data-a-modal="{"url":"/af/feedback-form?pl=%7B%22adPlacementMetaData%22%3A%7B%22pageUrl%22%3A%22aHR0cHM6Ly93d3cuYW1hem9uLmNvbS8%2F%22%2C%22adElementId%22%3A%22ape_Gateway_right-2_desktop_placement%22%2C%22pageType%22%3A%22Gateway%22%2C%22slotName%22%3A%22right-2%22%7D%2C%22adCreativeMetaData%22%3A%7B%22adProgramId%22%3A%221001%22%2C%22adCreativeTemplateName%22%3A%22Image%22%2C%22adImpressionId%22%3A%22https%3A%2F%2Faax-us-iad.amazon.com%2Fe%2Fxsp%2Fimp%3Fb%3DRO774u21pqOSHqDttsLF814AAAGDnIx8OAEAAAH0AQBOL0EgICAgICAgICAgICBOL0EgICAgICAgICAgICDCE1TR%22%2C%22adCreativeId%22%3A%2217170625401%22%2C%22adId%22%3A%22588458562152201707%22%2C%22adNetwork%22%3A%22cs%22%7D%7D&daFlg=false&ie=UTF-8",     "name":"shared-placement-feedback-modal-right-2","header":"Leave feedback","width":"460"}" data-action="a-modal" tabindex="0" type>Sponsored</a>,
<a class="a-link-normal center-image aok-block image-window" href="/s?k=paige+women&i=fashion&rh=n%3A7141123011%2Cp_n_feature_eighteen_browse-bin%3A21451213011ref=prem_gw_DCC_Oct_Brand_Paige" type></a>,
<a class="a-link-normal see-more truncate-1line" href="/s?k=paige+women&i=fashion&rh=n%3A7141123011%2Cp_n_feature_eighteen_browse-bin%3A21451213011ref=prem_gw_DCC_Oct_Brand_Paige" type>Shop more styles</a>,
<a aria-label="Home" class="a-link-normal image-redirect aok-block image-window" href="/s?bbn=23946848011&rh=n%3A23946848011%2Cp_n_specials_match%3A21213697011&ref_=dtech_gw_topquadcat_sept_cml_deals_c1" type>Home & kitchen</a>,
<a aria-label="Men's fashion" class="a-link-normal image-redirect aok-block image-window" href="/s?i=fashion&bbn=18773708011&rh=n%3A7141123011%2Cn%3A18773708011%2Cn%3A7147441011%2Cp_n_specials_match%3A21213697011&ref=dtech_gw_topquadcat_sept_cml_deals_c2" type>Men's fashion</a>,
<a aria-label="Beauty" class="a-link-normal image-redirect aok-block image-window" href="/s?bbn=23946846011&rh=n%3A23946846011%2Cp_n_specials_match%3A21213697011&ref_=dtech_gw_topquadcat_sept_cml_deals_c3" type>Beauty</a>,
<a aria-label="Women's fashion" class="a-link-normal image-redirect aok-block image-window" href="/s?i=fashion&bbn=18773708011&rh=n%3A7141123011%2Cn%3A18773708011%2Cn%3A7147440011%2Cp_n_specials_match%3A21213697011&ref_=dtech_gw_topquadcat_sept_cml_deals_c4" type>Women's fashion</a>,
<a class="a-link-normal see-more truncate-1line" href="/b/?node=23479378011&ref_=dtech_gw_topquadcat_sept_cml_deals_cta" type>Explore deals on 4+ star finds</a>,
<a aria-label="Costumes" class="a-link-normal image-redirect aok-block image-window" href="/gcx/Costumes/gfhz/events/?categoryId=hwn22-costumes" type>Costumes</a>,
<a aria-label="Party supplies" class="a-link-normal image-redirect aok-block image-window" href="/gcx/Party-Supplies/gfhz/events/?categoryId=hwn22-party-supplies" type>Party supplies</a>,
<a aria-label="Sweets & treats" class="a-link-normal image-redirect aok-block image-window" href="/gcx/Candy/gfhz/events/?categoryId=hwn22-candy" type>Sweets & treats</a>,
<a aria-label="Decorate a pumpkin" class="a-link-normal image-redirect aok-block image-window" href="/gcx/Decorate-a-Pumpkin/gfhz/events/?categoryId=hwn22-decorate-pmkn" type>Decorate a pumpkin</a>,
<a class="a-link-normal see-more truncate-1line" href="/halloween" type>Discover more for Halloween</a>,
<a class="a-link-normal center-image aok-block image-window" href="/gp/video/detail/B0BCC8HLT7/ref=dvm_us_le_cs_HUD_all_ONE2-r" type></a>,
<a class="a-link-normal see-more truncate-1line" href="/gp/video/detail/B0BCC8HLT7/ref=dvm_us_le_cs_HUD_all_ONE2-r" type>Exclusive martial arts benefit</a>,
<a class="a-spacing-small a-link-normal a-text-normal" href="/deal/3f2f2f49?showVariations=false" type displayed:false></a>,
<a class="a-link-normal see-more truncate-1line" href="/goldbox/ref=gwd_sad/?_encoding=UTF8&pf_rd_p=0fef8297-f2f8-4b7a-b0ed-1a5b33051cb1&pd_rd_wg=d7MrO&pf_rd_r=0AFEHW28M5QQ959AA9JM&content-id=amzn1.sym.0fef8297-f2f8-4b7a-b0ed-1a5b33051cb1&pd_rd_w=DdQEi&pd_rd_r=912936de-2f0a-4311-a80d-0cabf98f628a&ref_=pd_gw_unk" type displayed:false></a>,
<a class="a-link-normal" href="/Apple-MU8F2AM-A-Pencil-Generation/dp/B07K1WWBJK/?_encoding=UTF8&pd_rd_w=lYqbV&content-id=amzn1.sym.64be5821-f651-4b0b-8dd3-4f9b884f10e5&pf_rd_p=64be5821-f651-4b0b-8dd3-4f9b884f10e5&pf_rd_r=0AFEHW28M5QQ959AA9JM&pd_rd_wg=JGVrp&pd_rd_r=32fa10d4-b906-4f10-861a-418346d6e892&ref_=pd_gw_crs_zg_bs_541966" type></a>,
<a class="a-link-normal" href="/JETech-Protector-10-2-Inch-Generation-Tempered/dp/B07QPV9MRY/?_encoding=UTF8&pd_rd_w=lYqbV&content-id=amzn1.sym.64be5821-f651-4b0b-8dd3-4f9b884f10e5&pf_rd_p=64be5821-f651-4b0b-8dd3-4f9b884f10e5&pf_rd_r=0AFEHW28M5QQ959AA9JM&pd_rd_wg=JGVrp&pd_rd_r=32fa10d4-b906-4f10-861a-418346d6e892&ref_=pd_gw_crs_zg_bs_541966" type></a>,
<a class="a-link-normal" href="/HP-DeskJet-2755e-Wireless-Printer/dp/B08XYP6BJV/?_encoding=UTF8&pd_rd_w=lYqbV&content-id=amzn1.sym.64be5821-f651-4b0b-8dd3-4f9b884f10e5&pf_rd_p=64be5821-f651-4b0b-8dd3-4f9b884f10e5&pf_rd_r=0AFEHW28M5QQ959AA9JM&pd_rd_wg=JGVrp&pd_rd_r=32fa10d4-b906-4f10-861a-418346d6e892&ref_=pd_gw_crs_zg_bs_541966" type></a>,
<a class="a-link-normal" href="/2021-Apple-10-2-inch-iPad-Wi-Fi/dp/B09G9FPHY6/?_encoding=UTF8&pd_rd_w=lYqbV&content-id=amzn1.sym.64be5821-f651-4b0b-8dd3-4f9b884f10e5&pf_rd_p=64be5821-f651-4b0b-8dd3-4f9b884f10e5&pf_rd_r=0AFEHW28M5QQ959AA9JM&pd_rd_wg=JGVrp&pd_rd_r=32fa10d4-b906-4f10-861a-418346d6e892&ref_=pd_gw_crs_zg_bs_541966" type></a>,
<a class="a-link-normal" href="/Protector-Generation-10-2-apiker-Compatible/dp/B07XXWZKBT/?_encoding=UTF8&pd_rd_w=lYqbV&content-id=amzn1.sym.64be5821-f651-4b0b-8dd3-4f9b884f10e5&pf_rd_p=64be5821-f651-4b0b-8dd3-4f9b884f10e5&pf_rd_r=0AFEHW28M5QQ959AA9JM&pd_rd_wg=JGVrp&pd_rd_r=32fa10d4-b906-4f10-861a-418346d6e892&ref_=pd_gw_crs_zg_bs_541966" type></a>,
<a class="a-link-normal" href="/Sabrent-4-Port-Individual-Switches-HB-UMLS/dp/B00BWF5U0M/?_encoding=UTF8&pd_rd_w=lYqbV&content-id=amzn1.sym.64be5821-f651-4b0b-8dd3-4f9b884f10e5&pf_rd_p=64be5821-f651-4b0b-8dd3-4f9b884f10e5&pf_rd_r=0AFEHW28M5QQ959AA9JM&pd_rd_wg=JGVrp&pd_rd_r=32fa10d4-b906-4f10-861a-418346d6e892&ref_=pd_gw_crs_zg_bs_541966" type></a>,
<a class="a-link-normal" href="/Ergonomic-Compatible-Notebook-Soundance-LS1/dp/B07D74DT3B/?_encoding=UTF8&pd_rd_w=lYqbV&content-id=amzn1.sym.64be5821-f651-4b0b-8dd3-4f9b884f10e5&pf_rd_p=64be5821-f651-4b0b-8dd3-4f9b884f10e5&pf_rd_r=0AFEHW28M5QQ959AA9JM&pd_rd_wg=JGVrp&pd_rd_r=32fa10d4-b906-4f10-861a-418346d6e892&ref_=pd_gw_crs_zg_bs_541966" type displayed:false></a>,
<a class="a-link-normal" href="/Backpack-Business-Charging-Resistant-Computer/dp/B06XZTZ7GB/?_encoding=UTF8&pd_rd_w=lYqbV&content-id=amzn1.sym.64be5821-f651-4b0b-8dd3-4f9b884f10e5&pf_rd_p=64be5821-f651-4b0b-8dd3-4f9b884f10e5&pf_rd_r=0AFEHW28M5QQ959AA9JM&pd_rd_wg=JGVrp&pd_rd_r=32fa10d4-b906-4f10-861a-418346d6e892&ref_=pd_gw_crs_zg_bs_541966" type displayed:false></a>,
<a class="a-link-normal" href="/Mac-Book-Pro-Charger-Compatible/dp/B097PTBB5V/?_encoding=UTF8&pd_rd_w=lYqbV&content-id=amzn1.sym.64be5821-f651-4b0b-8dd3-4f9b884f10e5&pf_rd_p=64be5821-f651-4b0b-8dd3-4f9b884f10e5&pf_rd_r=0AFEHW28M5QQ959AA9JM&pd_rd_wg=JGVrp&pd_rd_r=32fa10d4-b906-4f10-861a-418346d6e892&ref_=pd_gw_crs_zg_bs_541966" type displayed:false></a>,
<a class="a-link-normal" href="/Ailun-Protector-Tempered-Compatible-Sensitive/dp/B07KDS2LKY/?_encoding=UTF8&pd_rd_w=lYqbV&content-id=amzn1.sym.64be5821-f651-4b0b-8dd3-4f9b884f10e5&pf_rd_p=64be5821-f651-4b0b-8dd3-4f9b884f10e5&pf_rd_r=0AFEHW28M5QQ959AA9JM&pd_rd_wg=JGVrp&pd_rd_r=32fa10d4-b906-4f10-861a-418346d6e892&ref_=pd_gw_crs_zg_bs_541966" type displayed:false></a>,
<a class="a-link-normal" href="/2021-Apple-10-2-inch-iPad-Wi-Fi/dp/B09G9CJM1Z/?_encoding=UTF8&pd_rd_w=lYqbV&content-id=amzn1.sym.64be5821-f651-4b0b-8dd3-4f9b884f10e5&pf_rd_p=64be5821-f651-4b0b-8dd3-4f9b884f10e5&pf_rd_r=0AFEHW28M5QQ959AA9JM&pd_rd_wg=JGVrp&pd_rd_r=32fa10d4-b906-4f10-861a-418346d6e892&ref_=pd_gw_crs_zg_bs_541966" type displayed:false></a>,
<a class="a-link-normal" href="/Phomemo-Bluetooth-Smartphone-Organization-Rechargeable/dp/B08HV3MPFD/?_encoding=UTF8&pd_rd_w=lYqbV&content-id=amzn1.sym.64be5821-f651-4b0b-8dd3-4f9b884f10e5&pf_rd_p=64be5821-f651-4b0b-8dd3-4f9b884f10e5&pf_rd_r=0AFEHW28M5QQ959AA9JM&pd_rd_wg=JGVrp&pd_rd_r=32fa10d4-b906-4f10-861a-418346d6e892&ref_=pd_gw_crs_zg_bs_541966" type displayed:false></a>,
<a class="a-link-normal" href="/Rejection-Compatible-2018-2021-Precise-Writing/dp/B0831BF1FH/?_encoding=UTF8&pd_rd_w=lYqbV&content-id=amzn1.sym.64be5821-f651-4b0b-8dd3-4f9b884f10e5&pf_rd_p=64be5821-f651-4b0b-8dd3-4f9b884f10e5&pf_rd_r=0AFEHW28M5QQ959AA9JM&pd_rd_wg=JGVrp&pd_rd_r=32fa10d4-b906-4f10-861a-418346d6e892&ref_=pd_gw_crs_zg_bs_541966" type displayed:false></a>,
<a class="a-link-normal" href="/Replacement-Tips-Compatible-Apple-Pencil/dp/B09BBPLMJL/?_encoding=UTF8&pd_rd_w=lYqbV&content-id=amzn1.sym.64be5821-f651-4b0b-8dd3-4f9b884f10e5&pf_rd_p=64be5821-f651-4b0b-8dd3-4f9b884f10e5&pf_rd_r=0AFEHW28M5QQ959AA9JM&pd_rd_wg=JGVrp&pd_rd_r=32fa10d4-b906-4f10-861a-418346d6e892&ref_=pd_gw_crs_zg_bs_541966" type displayed:false></a>,
<a class="a-link-normal" href="/Maxjuli-Blocking-Glasses-Computer-Transparent/dp/B081RLZWG7/?_encoding=UTF8&pd_rd_w=lYqbV&content-id=amzn1.sym.64be5821-f651-4b0b-8dd3-4f9b884f10e5&pf_rd_p=64be5821-f651-4b0b-8dd3-4f9b884f10e5&pf_rd_r=0AFEHW28M5QQ959AA9JM&pd_rd_wg=JGVrp&pd_rd_r=32fa10d4-b906-4f10-861a-418346d6e892&ref_=pd_gw_crs_zg_bs_541966" type displayed:false></a>,
<a class="a-link-normal" href="/Ailun-Protector-10-2-Inch-Generation-Compatible/dp/B07ZCZ4HRT/?_encoding=UTF8&pd_rd_w=lYqbV&content-id=amzn1.sym.64be5821-f651-4b0b-8dd3-4f9b884f10e5&pf_rd_p=64be5821-f651-4b0b-8dd3-4f9b884f10e5&pf_rd_r=0AFEHW28M5QQ959AA9JM&pd_rd_wg=JGVrp&pd_rd_r=32fa10d4-b906-4f10-861a-418346d6e892&ref_=pd_gw_crs_zg_bs_541966" type displayed:false></a>,
<a aria-hidden="true" aria-label="Carousel previous slide" class="a-link-normal feed-carousel-control feed-left feed-control-disabled" href="#" tabindex="-1" type></a>,
<a aria-hidden="true" aria-label="Carousel next slide" class="a-link-normal feed-carousel-control feed-right" href="#" tabindex="-1" type></a>,
<a class="a-link-normal" href="/Starts-Us-Novel-Ends/dp/1668001225/?_encoding=UTF8&pd_rd_w=dqGOf&content-id=amzn1.sym.64be5821-f651-4b0b-8dd3-4f9b884f10e5&pf_rd_p=64be5821-f651-4b0b-8dd3-4f9b884f10e5&pf_rd_r=0AFEHW28M5QQ959AA9JM&pd_rd_wg=JGVrp&pd_rd_r=32fa10d4-b906-4f10-861a-418346d6e892&ref_=pd_gw_crs_zg_bs_283155" type></a>,
<a class="a-link-normal" href="/Confidence-Man-Making-Breaking-America/dp/0593297342/?_encoding=UTF8&pd_rd_w=dqGOf&content-id=amzn1.sym.64be5821-f651-4b0b-8dd3-4f9b884f10e5&pf_rd_p=64be5821-f651-4b0b-8dd3-4f9b884f10e5&pf_rd_r=0AFEHW28M5QQ959AA9JM&pd_rd_wg=JGVrp&pd_rd_r=32fa10d4-b906-4f10-861a-418346d6e892&ref_=pd_gw_crs_zg_bs_283155" type></a>,
<a class="a-link-normal" href="/Verity-Colleen-Hoover/dp/1538724731/?_encoding=UTF8&pd_rd_w=dqGOf&content-id=amzn1.sym.64be5821-f651-4b0b-8dd3-4f9b884f10e5&pf_rd_p=64be5821-f651-4b0b-8dd3-4f9b884f10e5&pf_rd_r=0AFEHW28M5QQ959AA9JM&pd_rd_wg=JGVrp&pd_rd_r=32fa10d4-b906-4f10-861a-418346d6e892&ref_=pd_gw_crs_zg_bs_283155" type></a>,
<a class="a-link-normal" href="/Ends-Us-Novel-Colleen-Hoover/dp/1501110365/?_encoding=UTF8&pd_rd_w=dqGOf&content-id=amzn1.sym.64be5821-f651-4b0b-8dd3-4f9b884f10e5&pf_rd_p=64be5821-f651-4b0b-8dd3-4f9b884f10e5&pf_rd_r=0AFEHW28M5QQ959AA9JM&pd_rd_wg=JGVrp&pd_rd_r=32fa10d4-b906-4f10-861a-418346d6e892&ref_=pd_gw_crs_zg_bs_283155" type></a>,
<a class="a-link-normal" href="/Im-Glad-My-Mom-Died/dp/1982185821/?_encoding=UTF8&pd_rd_w=dqGOf&content-id=amzn1.sym.64be5821-f651-4b0b-8dd3-4f9b884f10e5&pf_rd_p=64be5821-f651-4b0b-8dd3-4f9b884f10e5&pf_rd_r=0AFEHW28M5QQ959AA9JM&pd_rd_wg=JGVrp&pd_rd_r=32fa10d4-b906-4f10-861a-418346d6e892&ref_=pd_gw_crs_zg_bs_283155" type></a>,
<a class="a-link-normal" href="/Atomic-Habits-Proven-Build-Break/dp/0735211299/?_encoding=UTF8&pd_rd_w=dqGOf&content-id=amzn1.sym.64be5821-f651-4b0b-8dd3-4f9b884f10e5&pf_rd_p=64be5821-f651-4b0b-8dd3-4f9b884f10e5&pf_rd_r=0AFEHW28M5QQ959AA9JM&pd_rd_wg=JGVrp&pd_rd_r=32fa10d4-b906-4f10-861a-418346d6e892&ref_=pd_gw_crs_zg_bs_283155" type></a>,
<a class="a-link-normal" href="/Fairy-Tale-Stephen-King/dp/1668002175/?_encoding=UTF8&pd_rd_w=dqGOf&content-id=amzn1.sym.64be5821-f651-4b0b-8dd3-4f9b884f10e5&pf_rd_p=64be5821-f651-4b0b-8dd3-4f9b884f10e5&pf_rd_r=0AFEHW28M5QQ959AA9JM&pd_rd_wg=JGVrp&pd_rd_r=32fa10d4-b906-4f10-861a-418346d6e892&ref_=pd_gw_crs_zg_bs_283155" type></a>,
<a class="a-link-normal" href="/Glad-You-Were-Born-Celebrating/dp/031077702X/?_encoding=UTF8&pd_rd_w=dqGOf&content-id=amzn1.sym.64be5821-f651-4b0b-8dd3-4f9b884f10e5&pf_rd_p=64be5821-f651-4b0b-8dd3-4f9b884f10e5&pf_rd_r=0AFEHW28M5QQ959AA9JM&pd_rd_wg=JGVrp&pd_rd_r=32fa10d4-b906-4f10-861a-418346d6e892&ref_=pd_gw_crs_zg_bs_283155" type></a>,
<a class="a-link-normal" href="/Reminders-Him-Novel-Colleen-Hoover/dp/1542025605/?_encoding=UTF8&pd_rd_w=dqGOf&content-id=amzn1.sym.64be5821-f651-4b0b-8dd3-4f9b884f10e5&pf_rd_p=64be5821-f651-4b0b-8dd3-4f9b884f10e5&pf_rd_r=0AFEHW28M5QQ959AA9JM&pd_rd_wg=JGVrp&pd_rd_r=32fa10d4-b906-4f10-861a-418346d6e892&ref_=pd_gw_crs_zg_bs_283155" type displayed:false></a>,
<a class="a-link-normal" href="/Little-Trucks-Halloween-Alice-Schertle/dp/0544772539/?_encoding=UTF8&pd_rd_w=dqGOf&content-id=amzn1.sym.64be5821-f651-4b0b-8dd3-4f9b884f10e5&pf_rd_p=64be5821-f651-4b0b-8dd3-4f9b884f10e5&pf_rd_r=0AFEHW28M5QQ959AA9JM&pd_rd_wg=JGVrp&pd_rd_r=32fa10d4-b906-4f10-861a-418346d6e892&ref_=pd_gw_crs_zg_bs_283155" type displayed:false></a>,
<a class="a-link-normal" href="/Live-Wire-Long-Winded-Short-Stories/dp/0063073307/?_encoding=UTF8&pd_rd_w=dqGOf&content-id=amzn1.sym.64be5821-f651-4b0b-8dd3-4f9b884f10e5&pf_rd_p=64be5821-f651-4b0b-8dd3-4f9b884f10e5&pf_rd_r=0AFEHW28M5QQ959AA9JM&pd_rd_wg=JGVrp&pd_rd_r=32fa10d4-b906-4f10-861a-418346d6e892&ref_=pd_gw_crs_zg_bs_283155" type displayed:false></a>,
<a class="a-link-normal" href="/Where-Crawdads-Sing-Delia-Owens/dp/0735219109/?_encoding=UTF8&pd_rd_w=dqGOf&content-id=amzn1.sym.64be5821-f651-4b0b-8dd3-4f9b884f10e5&pf_rd_p=64be5821-f651-4b0b-8dd3-4f9b884f10e5&pf_rd_r=0AFEHW28M5QQ959AA9JM&pd_rd_wg=JGVrp&pd_rd_r=32fa10d4-b906-4f10-861a-418346d6e892&ref_=pd_gw_crs_zg_bs_283155" type displayed:false></a>,
<a class="a-link-normal" href="/Ugly-Love-Novel-Colleen-Hoover/dp/1476753180/?_encoding=UTF8&pd_rd_w=dqGOf&content-id=amzn1.sym.64be5821-f651-4b0b-8dd3-4f9b884f10e5&pf_rd_p=64be5821-f651-4b0b-8dd3-4f9b884f10e5&pf_rd_r=0AFEHW28M5QQ959AA9JM&pd_rd_wg=JGVrp&pd_rd_r=32fa10d4-b906-4f10-861a-418346d6e892&ref_=pd_gw_crs_zg_bs_283155" type displayed:false></a>,
<a class="a-link-normal" href="/Very-Hungry-Caterpillar-Eric-Carle/dp/0399226907/?_encoding=UTF8&pd_rd_w=dqGOf&content-id=amzn1.sym.64be5821-f651-4b0b-8dd3-4f9b884f10e5&pf_rd_p=64be5821-f651-4b0b-8dd3-4f9b884f10e5&pf_rd_r=0AFEHW28M5QQ959AA9JM&pd_rd_wg=JGVrp&pd_rd_r=32fa10d4-b906-4f10-861a-418346d6e892&ref_=pd_gw_crs_zg_bs_283155" type displayed:false></a>,
<a class="a-link-normal" href="/Harry-Potter-Order-Phoenix-Illustrated/dp/054579143X/?_encoding=UTF8&pd_rd_w=dqGOf&content-id=amzn1.sym.64be5821-f651-4b0b-8dd3-4f9b884f10e5&pf_rd_p=64be5821-f651-4b0b-8dd3-4f9b884f10e5&pf_rd_r=0AFEHW28M5QQ959AA9JM&pd_rd_wg=JGVrp&pd_rd_r=32fa10d4-b906-4f10-861a-418346d6e892&ref_=pd_gw_crs_zg_bs_283155" type displayed:false></a>,
<a class="a-link-normal" href="/Verity-Colleen-Hoover/dp/1538739720/?_encoding=UTF8&pd_rd_w=dqGOf&content-id=amzn1.sym.64be5821-f651-4b0b-8dd3-4f9b884f10e5&pf_rd_p=64be5821-f651-4b0b-8dd3-4f9b884f10e5&pf_rd_r=0AFEHW28M5QQ959AA9JM&pd_rd_wg=JGVrp&pd_rd_r=32fa10d4-b906-4f10-861a-418346d6e892&ref_=pd_gw_crs_zg_bs_283155" type displayed:false></a>,
<a class="a-link-normal" href="/Seven-Husbands-Evelyn-Hugo-Novel/dp/1501161938/?_encoding=UTF8&pd_rd_w=dqGOf&content-id=amzn1.sym.64be5821-f651-4b0b-8dd3-4f9b884f10e5&pf_rd_p=64be5821-f651-4b0b-8dd3-4f9b884f10e5&pf_rd_r=0AFEHW28M5QQ959AA9JM&pd_rd_wg=JGVrp&pd_rd_r=32fa10d4-b906-4f10-861a-418346d6e892&ref_=pd_gw_crs_zg_bs_283155" type displayed:false></a>,
<a class="a-link-normal" href="/Disney-Wheres-Mickey-Look-Find/dp/150373935X/?_encoding=UTF8&pd_rd_w=dqGOf&content-id=amzn1.sym.64be5821-f651-4b0b-8dd3-4f9b884f10e5&pf_rd_p=64be5821-f651-4b0b-8dd3-4f9b884f10e5&pf_rd_r=0AFEHW28M5QQ959AA9JM&pd_rd_wg=JGVrp&pd_rd_r=32fa10d4-b906-4f10-861a-418346d6e892&ref_=pd_gw_crs_zg_bs_283155" type displayed:false></a>,
<a class="a-link-normal" href="/Spooky-Pookie-Little-Sandra-Boynton/dp/1481497677/?_encoding=UTF8&pd_rd_w=dqGOf&content-id=amzn1.sym.64be5821-f651-4b0b-8dd3-4f9b884f10e5&pf_rd_p=64be5821-f651-4b0b-8dd3-4f9b884f10e5&pf_rd_r=0AFEHW28M5QQ959AA9JM&pd_rd_wg=JGVrp&pd_rd_r=32fa10d4-b906-4f10-861a-418346d6e892&ref_=pd_gw_crs_zg_bs_283155" type displayed:false></a>,
<a class="a-link-normal" href="/Dreamland-Novel-Nicholas-Sparks/dp/059344955X/?_encoding=UTF8&pd_rd_w=dqGOf&content-id=amzn1.sym.64be5821-f651-4b0b-8dd3-4f9b884f10e5&pf_rd_p=64be5821-f651-4b0b-8dd3-4f9b884f10e5&pf_rd_r=0AFEHW28M5QQ959AA9JM&pd_rd_wg=JGVrp&pd_rd_r=32fa10d4-b906-4f10-861a-418346d6e892&ref_=pd_gw_crs_zg_bs_283155" type displayed:false></a>,
<a class="a-link-normal" href="/November-9-Novel-Colleen-Hoover/dp/1501110349/?_encoding=UTF8&pd_rd_w=dqGOf&content-id=amzn1.sym.64be5821-f651-4b0b-8dd3-4f9b884f10e5&pf_rd_p=64be5821-f651-4b0b-8dd3-4f9b884f10e5&pf_rd_r=0AFEHW28M5QQ959AA9JM&pd_rd_wg=JGVrp&pd_rd_r=32fa10d4-b906-4f10-861a-418346d6e892&ref_=pd_gw_crs_zg_bs_283155" type displayed:false></a>,
<a class="a-link-normal" href="/How-Catch-Witch-Alice-Walstead/dp/1728210356/?_encoding=UTF8&pd_rd_w=dqGOf&content-id=amzn1.sym.64be5821-f651-4b0b-8dd3-4f9b884f10e5&pf_rd_p=64be5821-f651-4b0b-8dd3-4f9b884f10e5&pf_rd_r=0AFEHW28M5QQ959AA9JM&pd_rd_wg=JGVrp&pd_rd_r=32fa10d4-b906-4f10-861a-418346d6e892&ref_=pd_gw_crs_zg_bs_283155" type displayed:false></a>,
<a class="a-link-normal" href="/Jacques-P%C3%A9pin-Art-Chicken-Paintings/dp/0358654513/?_encoding=UTF8&pd_rd_w=dqGOf&content-id=amzn1.sym.64be5821-f651-4b0b-8dd3-4f9b884f10e5&pf_rd_p=64be5821-f651-4b0b-8dd3-4f9b884f10e5&pf_rd_r=0AFEHW28M5QQ959AA9JM&pd_rd_wg=JGVrp&pd_rd_r=32fa10d4-b906-4f10-861a-418346d6e892&ref_=pd_gw_crs_zg_bs_283155" type displayed:false></a>,
<a class="a-link-normal" href="/I-Love-You-Moon-Back/dp/1589255518/?_encoding=UTF8&pd_rd_w=dqGOf&content-id=amzn1.sym.64be5821-f651-4b0b-8dd3-4f9b884f10e5&pf_rd_p=64be5821-f651-4b0b-8dd3-4f9b884f10e5&pf_rd_r=0AFEHW28M5QQ959AA9JM&pd_rd_wg=JGVrp&pd_rd_r=32fa10d4-b906-4f10-861a-418346d6e892&ref_=pd_gw_crs_zg_bs_283155" type displayed:false></a>,
<a class="a-link-normal" href="/Brown-Bear-What-You-See/dp/0805047905/?_encoding=UTF8&pd_rd_w=dqGOf&content-id=amzn1.sym.64be5821-f651-4b0b-8dd3-4f9b884f10e5&pf_rd_p=64be5821-f651-4b0b-8dd3-4f9b884f10e5&pf_rd_r=0AFEHW28M5QQ959AA9JM&pd_rd_wg=JGVrp&pd_rd_r=32fa10d4-b906-4f10-861a-418346d6e892&ref_=pd_gw_crs_zg_bs_283155" type displayed:false></a>,
<a class="a-link-normal" href="/My-First-Learn-Write-Workbook/dp/1641526270/?_encoding=UTF8&pd_rd_w=dqGOf&content-id=amzn1.sym.64be5821-f651-4b0b-8dd3-4f9b884f10e5&pf_rd_p=64be5821-f651-4b0b-8dd3-4f9b884f10e5&pf_rd_r=0AFEHW28M5QQ959AA9JM&pd_rd_wg=JGVrp&pd_rd_r=32fa10d4-b906-4f10-861a-418346d6e892&ref_=pd_gw_crs_zg_bs_283155" type displayed:false></a>,
<a class="a-link-normal" href="/Adrift-America-Charts-Scott-Galloway/dp/0593542401/?_encoding=UTF8&pd_rd_w=dqGOf&content-id=amzn1.sym.64be5821-f651-4b0b-8dd3-4f9b884f10e5&pf_rd_p=64be5821-f651-4b0b-8dd3-4f9b884f10e5&pf_rd_r=0AFEHW28M5QQ959AA9JM&pd_rd_wg=JGVrp&pd_rd_r=32fa10d4-b906-4f10-861a-418346d6e892&ref_=pd_gw_crs_zg_bs_283155" type displayed:false></a>,
<a class="a-link-normal" href="/48-Laws-Power-Robert-Greene/dp/0140280197/?_encoding=UTF8&pd_rd_w=dqGOf&content-id=amzn1.sym.64be5821-f651-4b0b-8dd3-4f9b884f10e5&pf_rd_p=64be5821-f651-4b0b-8dd3-4f9b884f10e5&pf_rd_r=0AFEHW28M5QQ959AA9JM&pd_rd_wg=JGVrp&pd_rd_r=32fa10d4-b906-4f10-861a-418346d6e892&ref_=pd_gw_crs_zg_bs_283155" type displayed:false></a>,
<a class="a-link-normal" href="/Diper-%C3%96verl%C3%B6de-Diary-Wimpy-Book/dp/141976294X/?_encoding=UTF8&pd_rd_w=dqGOf&content-id=amzn1.sym.64be5821-f651-4b0b-8dd3-4f9b884f10e5&pf_rd_p=64be5821-f651-4b0b-8dd3-4f9b884f10e5&pf_rd_r=0AFEHW28M5QQ959AA9JM&pd_rd_wg=JGVrp&pd_rd_r=32fa10d4-b906-4f10-861a-418346d6e892&ref_=pd_gw_crs_zg_bs_283155" type displayed:false></a>,
<a class="a-link-normal" href="/Lighter-Connect-Present-Expand-Future/dp/0593233174/?_encoding=UTF8&pd_rd_w=dqGOf&content-id=amzn1.sym.64be5821-f651-4b0b-8dd3-4f9b884f10e5&pf_rd_p=64be5821-f651-4b0b-8dd3-4f9b884f10e5&pf_rd_r=0AFEHW28M5QQ959AA9JM&pd_rd_wg=JGVrp&pd_rd_r=32fa10d4-b906-4f10-861a-418346d6e892&ref_=pd_gw_crs_zg_bs_283155" type displayed:false></a>,
<a aria-hidden="true" aria-label="Carousel previous slide" class="a-link-normal feed-carousel-control feed-left feed-control-disabled" href="#" tabindex="-1" type displayed:false></a>,
<a aria-hidden="true" aria-label="Carousel next slide" class="a-link-normal feed-carousel-control feed-right" href="#" tabindex="-1" type displayed:false></a>,
<a class="a-link-normal center-image aok-block image-window" href="/b?node=23574082011" type></a>,
<a class="a-link-normal see-more truncate-1line" href="/b?node=23574082011" type>See more on Handmade</a>,
<a class="a-link-normal center-image aok-block image-window" href="/deals?deals-widget=%257B%2522version%2522%253A1%252C%2522viewIndex%2522%253A0%252C%2522presetId%2522%253A%25226228037F24FB3AFFBB407B74FCA18319%2522%252C%2522sorting%2522%253A%2522BY_CUSTOM_CRITERION%2522%257D&ref=oihdeals22GWBTF" type></a>,
<a class="a-link-normal see-more truncate-1line" href="/deals?deals-widget=%257B%2522version%2522%253A1%252C%2522viewIndex%2522%253A0%252C%2522presetId%2522%253A%25226228037F24FB3AFFBB407B74FCA18319%2522%252C%2522sorting%2522%253A%2522BY_CUSTOM_CRITERION%2522%257D&ref=oihdeals22GWBTF" type>Shop fall deals</a>,
<a class="a-link-normal center-image aok-block image-window" href="/hp/wlp/pipeline/membersignup?clientId=PrimeEarlyAccessSale&ingressId=Gateway&primeCampaignId=PEAS2022" type></a>,
<a class="a-link-normal see-more truncate-1line" href="/hp/wlp/pipeline/membersignup?clientId=PrimeEarlyAccessSale&ingressId=Gateway&primeCampaignId=PEAS2022" type>Activate Prime benefits</a>,
<a class="a-link-normal center-image aok-block image-window" href="/music/unlimited?ref=dmm_gw_catcard_desktop_amu_acq_peas_sw_us_en_prime_0922" type></a>,
<a class="a-link-normal see-more truncate-1line" href="/music/unlimited?ref=dmm_gw_catcard_desktop_amu_acq_peas_sw_prime_0922" type>Try Amazon Music Unlimited</a>,
<a class="a-link-normal" href="/Apple-20W-USB-C-Power-Adapter/dp/B08L5M9BTJ/?_encoding=UTF8&pd_rd_w=BMTz4&content-id=amzn1.sym.64be5821-f651-4b0b-8dd3-4f9b884f10e5&pf_rd_p=64be5821-f651-4b0b-8dd3-4f9b884f10e5&pf_rd_r=0AFEHW28M5QQ959AA9JM&pd_rd_wg=JGVrp&pd_rd_r=32fa10d4-b906-4f10-861a-418346d6e892&ref_=pd_gw_crs_zg_bs_2335752011" type></a>,
<a class="a-link-normal" href="/AILUN-Protector-Compatible-Tempered-Anti-Scratch/dp/B07H2V5YLH/?_encoding=UTF8&pd_rd_w=BMTz4&content-id=amzn1.sym.64be5821-f651-4b0b-8dd3-4f9b884f10e5&pf_rd_p=64be5821-f651-4b0b-8dd3-4f9b884f10e5&pf_rd_r=0AFEHW28M5QQ959AA9JM&pd_rd_wg=JGVrp&pd_rd_r=32fa10d4-b906-4f10-861a-418346d6e892&ref_=pd_gw_crs_zg_bs_2335752011" type></a>,
<a class="a-link-normal" href="/Smiling-Compatible-Ultra-Thin-Protective-Transparent/dp/B09K3T4467/?_encoding=UTF8&pd_rd_w=BMTz4&content-id=amzn1.sym.64be5821-f651-4b0b-8dd3-4f9b884f10e5&pf_rd_p=64be5821-f651-4b0b-8dd3-4f9b884f10e5&pf_rd_r=0AFEHW28M5QQ959AA9JM&pd_rd_wg=JGVrp&pd_rd_r=32fa10d4-b906-4f10-861a-418346d6e892&ref_=pd_gw_crs_zg_bs_2335752011" type></a>,
<a class="a-link-normal" href="/Ailun-Protector-Compatible-Friendly-Tempered/dp/B08DGNGDFR/?_encoding=UTF8&pd_rd_w=BMTz4&content-id=amzn1.sym.64be5821-f651-4b0b-8dd3-4f9b884f10e5&pf_rd_p=64be5821-f651-4b0b-8dd3-4f9b884f10e5&pf_rd_r=0AFEHW28M5QQ959AA9JM&pd_rd_wg=JGVrp&pd_rd_r=32fa10d4-b906-4f10-861a-418346d6e892&ref_=pd_gw_crs_zg_bs_2335752011" type></a>,
<a class="a-link-normal" href="/Ailun-Protector-Compatible-Tempered-Friendly/dp/B09CSSP9C1/?_encoding=UTF8&pd_rd_w=BMTz4&content-id=amzn1.sym.64be5821-f651-4b0b-8dd3-4f9b884f10e5&pf_rd_p=64be5821-f651-4b0b-8dd3-4f9b884f10e5&pf_rd_r=0AFEHW28M5QQ959AA9JM&pd_rd_wg=JGVrp&pd_rd_r=32fa10d4-b906-4f10-861a-418346d6e892&ref_=pd_gw_crs_zg_bs_2335752011" type></a>,
<a class="a-link-normal" href="/Ailun-Protector-Protection-Compatible-Friendly/dp/B0B768WHRS/?_encoding=UTF8&pd_rd_w=BMTz4&content-id=amzn1.sym.64be5821-f651-4b0b-8dd3-4f9b884f10e5&pf_rd_p=64be5821-f651-4b0b-8dd3-4f9b884f10e5&pf_rd_r=0AFEHW28M5QQ959AA9JM&pd_rd_wg=JGVrp&pd_rd_r=32fa10d4-b906-4f10-861a-418346d6e892&ref_=pd_gw_crs_zg_bs_2335752011" type></a>,
<a class="a-link-normal" href="/Ailun-Protector-Compatible-Tempered-Hardness/dp/B09CSYNDMH/?_encoding=UTF8&pd_rd_w=BMTz4&content-id=amzn1.sym.64be5821-f651-4b0b-8dd3-4f9b884f10e5&pf_rd_p=64be5821-f651-4b0b-8dd3-4f9b884f10e5&pf_rd_r=0AFEHW28M5QQ959AA9JM&pd_rd_wg=JGVrp&pd_rd_r=32fa10d4-b906-4f10-861a-418346d6e892&ref_=pd_gw_crs_zg_bs_2335752011" type></a>,
<a class="a-link-normal" href="/Misxi-Compatible-Protector-Tempered-Protective/dp/B07WRBDXZ8/?_encoding=UTF8&pd_rd_w=BMTz4&content-id=amzn1.sym.64be5821-f651-4b0b-8dd3-4f9b884f10e5&pf_rd_p=64be5821-f651-4b0b-8dd3-4f9b884f10e5&pf_rd_r=0AFEHW28M5QQ959AA9JM&pd_rd_wg=JGVrp&pd_rd_r=32fa10d4-b906-4f10-861a-418346d6e892&ref_=pd_gw_crs_zg_bs_2335752011" type displayed:false></a>,
<a class="a-link-normal" href="/Spigen-Tempered-Protector-designed-Friendly/dp/B0B23LW7NV/?_encoding=UTF8&pd_rd_w=BMTz4&content-id=amzn1.sym.64be5821-f651-4b0b-8dd3-4f9b884f10e5&pf_rd_p=64be5821-f651-4b0b-8dd3-4f9b884f10e5&pf_rd_r=0AFEHW28M5QQ959AA9JM&pd_rd_wg=JGVrp&pd_rd_r=32fa10d4-b906-4f10-861a-418346d6e892&ref_=pd_gw_crs_zg_bs_2335752011" type displayed:false></a>,
<a class="a-link-normal" href="/Ferilinso-Designed-Protector-Tempered-Installation/dp/B09BFN6R2V/?_encoding=UTF8&pd_rd_w=BMTz4&content-id=amzn1.sym.64be5821-f651-4b0b-8dd3-4f9b884f10e5&pf_rd_p=64be5821-f651-4b0b-8dd3-4f9b884f10e5&pf_rd_r=0AFEHW28M5QQ959AA9JM&pd_rd_wg=JGVrp&pd_rd_r=32fa10d4-b906-4f10-861a-418346d6e892&ref_=pd_gw_crs_zg_bs_2335752011" type displayed:false></a>,
<a class="a-link-normal" href="/QHOHQ-Protector-iPhone-13-6-1/dp/B09BZRM3RV/?_encoding=UTF8&pd_rd_w=BMTz4&content-id=amzn1.sym.64be5821-f651-4b0b-8dd3-4f9b884f10e5&pf_rd_p=64be5821-f651-4b0b-8dd3-4f9b884f10e5&pf_rd_r=0AFEHW28M5QQ959AA9JM&pd_rd_wg=JGVrp&pd_rd_r=32fa10d4-b906-4f10-861a-418346d6e892&ref_=pd_gw_crs_zg_bs_2335752011" type displayed:false></a>,
<a class="a-link-normal" href="/Ailun-Protector-Compatible-Tempered-Hardness/dp/B09CTF763F/?_encoding=UTF8&pd_rd_w=BMTz4&content-id=amzn1.sym.64be5821-f651-4b0b-8dd3-4f9b884f10e5&pf_rd_p=64be5821-f651-4b0b-8dd3-4f9b884f10e5&pf_rd_r=0AFEHW28M5QQ959AA9JM&pd_rd_wg=JGVrp&pd_rd_r=32fa10d4-b906-4f10-861a-418346d6e892&ref_=pd_gw_crs_zg_bs_2335752011" type displayed:false></a>,
<a class="a-link-normal" href="/Misxi-Protector-Compatible-Ultra-Thin-Protective/dp/B09JWDZ64S/?_encoding=UTF8&pd_rd_w=BMTz4&content-id=amzn1.sym.64be5821-f651-4b0b-8dd3-4f9b884f10e5&pf_rd_p=64be5821-f651-4b0b-8dd3-4f9b884f10e5&pf_rd_r=0AFEHW28M5QQ959AA9JM&pd_rd_wg=JGVrp&pd_rd_r=32fa10d4-b906-4f10-861a-418346d6e892&ref_=pd_gw_crs_zg_bs_2335752011" type displayed:false></a>,
<a class="a-link-normal" href="/Ailun-Protector-Protection-Compatible-Friendly/dp/B0B76KJXWV/?_encoding=UTF8&pd_rd_w=BMTz4&content-id=amzn1.sym.64be5821-f651-4b0b-8dd3-4f9b884f10e5&pf_rd_p=64be5821-f651-4b0b-8dd3-4f9b884f10e5&pf_rd_r=0AFEHW28M5QQ959AA9JM&pd_rd_wg=JGVrp&pd_rd_r=32fa10d4-b906-4f10-861a-418346d6e892&ref_=pd_gw_crs_zg_bs_2335752011" type displayed:false></a>,
<a class="a-link-normal" href="/Upgrade-Portable-Wireless-Charging-Compatible/dp/B09PH4LS1B/?_encoding=UTF8&pd_rd_w=BMTz4&content-id=amzn1.sym.64be5821-f651-4b0b-8dd3-4f9b884f10e5&pf_rd_p=64be5821-f651-4b0b-8dd3-4f9b884f10e5&pf_rd_r=0AFEHW28M5QQ959AA9JM&pd_rd_wg=JGVrp&pd_rd_r=32fa10d4-b906-4f10-861a-418346d6e892&ref_=pd_gw_crs_zg_bs_2335752011" type displayed:false></a>,
<a class="a-link-normal" href="/Protector-Anti-Scratch-Anti-Fingerprints-Bubble-Free-Transparent/dp/B07NC8K8H2/?_encoding=UTF8&pd_rd_w=BMTz4&content-id=amzn1.sym.64be5821-f651-4b0b-8dd3-4f9b884f10e5&pf_rd_p=64be5821-f651-4b0b-8dd3-4f9b884f10e5&pf_rd_r=0AFEHW28M5QQ959AA9JM&pd_rd_wg=JGVrp&pd_rd_r=32fa10d4-b906-4f10-861a-418346d6e892&ref_=pd_gw_crs_zg_bs_2335752011" type displayed:false></a>,
<a class="a-link-normal" href="/Ferilinso-iPhone-Pro-Max-Accessories/dp/B0B6VPFHM1/?_encoding=UTF8&pd_rd_w=BMTz4&content-id=amzn1.sym.64be5821-f651-4b0b-8dd3-4f9b884f10e5&pf_rd_p=64be5821-f651-4b0b-8dd3-4f9b884f10e5&pf_rd_r=0AFEHW28M5QQ959AA9JM&pd_rd_wg=JGVrp&pd_rd_r=32fa10d4-b906-4f10-861a-418346d6e892&ref_=pd_gw_crs_zg_bs_2335752011" type displayed:false></a>,
<a class="a-link-normal" href="/QHOHQ-iPhone-Pro-6-1-Compatible/dp/B0B5RXXPGV/?_encoding=UTF8&pd_rd_w=BMTz4&content-id=amzn1.sym.64be5821-f651-4b0b-8dd3-4f9b884f10e5&pf_rd_p=64be5821-f651-4b0b-8dd3-4f9b884f10e5&pf_rd_r=0AFEHW28M5QQ959AA9JM&pd_rd_wg=JGVrp&pd_rd_r=32fa10d4-b906-4f10-861a-418346d6e892&ref_=pd_gw_crs_zg_bs_2335752011" type displayed:false></a>,
<a class="a-link-normal" href="/Wireless-Qi-Certified-Charging-Compatible-Qi-Enabled/dp/B079KZ49PJ/?_encoding=UTF8&pd_rd_w=BMTz4&content-id=amzn1.sym.64be5821-f651-4b0b-8dd3-4f9b884f10e5&pf_rd_p=64be5821-f651-4b0b-8dd3-4f9b884f10e5&pf_rd_r=0AFEHW28M5QQ959AA9JM&pd_rd_wg=JGVrp&pd_rd_r=32fa10d4-b906-4f10-861a-418346d6e892&ref_=pd_gw_crs_zg_bs_2335752011" type displayed:false></a>,
<a class="a-link-normal" href="/Compatible-Silicone-Waterproof-Wristbands-iWatch/dp/B09KNCDSWN/?_encoding=UTF8&pd_rd_w=BMTz4&content-id=amzn1.sym.64be5821-f651-4b0b-8dd3-4f9b884f10e5&pf_rd_p=64be5821-f651-4b0b-8dd3-4f9b884f10e5&pf_rd_r=0AFEHW28M5QQ959AA9JM&pd_rd_wg=JGVrp&pd_rd_r=32fa10d4-b906-4f10-861a-418346d6e892&ref_=pd_gw_crs_zg_bs_2335752011" type displayed:false></a>,
<a class="a-link-normal" href="/PopSockets-PopGrip-Swappable-Phones-Tablets/dp/B07P29XQR4/?_encoding=UTF8&pd_rd_w=BMTz4&content-id=amzn1.sym.64be5821-f651-4b0b-8dd3-4f9b884f10e5&pf_rd_p=64be5821-f651-4b0b-8dd3-4f9b884f10e5&pf_rd_r=0AFEHW28M5QQ959AA9JM&pd_rd_wg=JGVrp&pd_rd_r=32fa10d4-b906-4f10-861a-418346d6e892&ref_=pd_gw_crs_zg_bs_2335752011" type displayed:false></a>,
<a class="a-link-normal" href="/Female-Adapter-Charger-Airpods-Samsung/dp/B079LYHNSR/?_encoding=UTF8&pd_rd_w=BMTz4&content-id=amzn1.sym.64be5821-f651-4b0b-8dd3-4f9b884f10e5&pf_rd_p=64be5821-f651-4b0b-8dd3-4f9b884f10e5&pf_rd_r=0AFEHW28M5QQ959AA9JM&pd_rd_wg=JGVrp&pd_rd_r=32fa10d4-b906-4f10-861a-418346d6e892&ref_=pd_gw_crs_zg_bs_2335752011" type displayed:false></a>,
<a class="a-link-normal" href="/Spigen-Tempered-Protector-designed-Friendly/dp/B0B244R4KB/?_encoding=UTF8&pd_rd_w=BMTz4&content-id=amzn1.sym.64be5821-f651-4b0b-8dd3-4f9b884f10e5&pf_rd_p=64be5821-f651-4b0b-8dd3-4f9b884f10e5&pf_rd_r=0AFEHW28M5QQ959AA9JM&pd_rd_wg=JGVrp&pd_rd_r=32fa10d4-b906-4f10-861a-418346d6e892&ref_=pd_gw_crs_zg_bs_2335752011" type displayed:false></a>,
<a class="a-link-normal" href="/Ailun-Protector-Compatible-Tempered-Hardness/dp/B09CSP3B6T/?_encoding=UTF8&pd_rd_w=BMTz4&content-id=amzn1.sym.64be5821-f651-4b0b-8dd3-4f9b884f10e5&pf_rd_p=64be5821-f651-4b0b-8dd3-4f9b884f10e5&pf_rd_r=0AFEHW28M5QQ959AA9JM&pd_rd_wg=JGVrp&pd_rd_r=32fa10d4-b906-4f10-861a-418346d6e892&ref_=pd_gw_crs_zg_bs_2335752011" type displayed:false></a>,
<a class="a-link-normal" href="/Adepoy-Compatible-Silicone-Wristbands-Replacement/dp/B08HRKRWST/?_encoding=UTF8&pd_rd_w=BMTz4&content-id=amzn1.sym.64be5821-f651-4b0b-8dd3-4f9b884f10e5&pf_rd_p=64be5821-f651-4b0b-8dd3-4f9b884f10e5&pf_rd_r=0AFEHW28M5QQ959AA9JM&pd_rd_wg=JGVrp&pd_rd_r=32fa10d4-b906-4f10-861a-418346d6e892&ref_=pd_gw_crs_zg_bs_2335752011" type displayed:false></a>,
<a class="a-link-normal" href="/Spigen-Hybrid-Anti-Yellowing-Technology-Designed/dp/B0B1PG8T4S/?_encoding=UTF8&pd_rd_w=BMTz4&content-id=amzn1.sym.64be5821-f651-4b0b-8dd3-4f9b884f10e5&pf_rd_p=64be5821-f651-4b0b-8dd3-4f9b884f10e5&pf_rd_r=0AFEHW28M5QQ959AA9JM&pd_rd_wg=JGVrp&pd_rd_r=32fa10d4-b906-4f10-861a-418346d6e892&ref_=pd_gw_crs_zg_bs_2335752011" type displayed:false></a>,
<a class="a-link-normal" href="/QHOHQ-iPhone-Pro-Max-6-7/dp/B099DNGHBM/?_encoding=UTF8&pd_rd_w=BMTz4&content-id=amzn1.sym.64be5821-f651-4b0b-8dd3-4f9b884f10e5&pf_rd_p=64be5821-f651-4b0b-8dd3-4f9b884f10e5&pf_rd_r=0AFEHW28M5QQ959AA9JM&pd_rd_wg=JGVrp&pd_rd_r=32fa10d4-b906-4f10-861a-418346d6e892&ref_=pd_gw_crs_zg_bs_2335752011" type displayed:false></a>,
<a aria-hidden="true" aria-label="Carousel previous slide" class="a-link-normal feed-carousel-control feed-left feed-control-disabled" href="#" tabindex="-1" type displayed:false></a>,
<a aria-hidden="true" aria-label="Carousel next slide" class="a-link-normal feed-carousel-control feed-right" href="#" tabindex="-1" type displayed:false></a>,
<a class="link--87_Ra" href="/live/ref=gw_l_live" type>See more from Amazon Live</a>,
<a role="button" tabindex="-1" type>Amazon Influencer Program</a>,
<a href="https://affiliate-program.amazon.com/influencers" rel="noreferrer noopener" target="_blank" type displayed:false></a>,
<a class="scroll-carousel_carouselControl__Id0y9 scroll-carousel_carouselHorizontalControl__1gDln scroll-carousel_feedLeft__2VUPq" data-id="carouselControlFeedPrev" type displayed:false></a>,
<a class="scroll-carousel_carouselControl__Id0y9 scroll-carousel_carouselHorizontalControl__1gDln scroll-carousel_feedRight__3tG5G" data-id="carouselControlFeedNext" type displayed:false></a>,
<a class="a-link-normal" href="/essence-Princess-Effect-Mascara-Cruelty/dp/B00T0C9XRK/?_encoding=UTF8&pd_rd_w=L1HZv&content-id=amzn1.sym.64be5821-f651-4b0b-8dd3-4f9b884f10e5&pf_rd_p=64be5821-f651-4b0b-8dd3-4f9b884f10e5&pf_rd_r=0AFEHW28M5QQ959AA9JM&pd_rd_wg=JGVrp&pd_rd_r=32fa10d4-b906-4f10-861a-418346d6e892&ref_=pd_gw_crs_zg_bs_3760911" type></a>,
<a class="a-link-normal" href="/Neutrogena-Cleansing-Towelettes-Waterproof-Alcohol-Free/dp/B00U2VQZDS/?_encoding=UTF8&pd_rd_w=L1HZv&content-id=amzn1.sym.64be5821-f651-4b0b-8dd3-4f9b884f10e5&pf_rd_p=64be5821-f651-4b0b-8dd3-4f9b884f10e5&pf_rd_r=0AFEHW28M5QQ959AA9JM&pd_rd_wg=JGVrp&pd_rd_r=32fa10d4-b906-4f10-861a-418346d6e892&ref_=pd_gw_crs_zg_bs_3760911" type></a>,
<a class="a-link-normal" href="/NYX-Mechanical-Eye-Pencil-Black/dp/B005G9E9AW/?_encoding=UTF8&pd_rd_w=L1HZv&content-id=amzn1.sym.64be5821-f651-4b0b-8dd3-4f9b884f10e5&pf_rd_p=64be5821-f651-4b0b-8dd3-4f9b884f10e5&pf_rd_r=0AFEHW28M5QQ959AA9JM&pd_rd_wg=JGVrp&pd_rd_r=32fa10d4-b906-4f10-861a-418346d6e892&ref_=pd_gw_crs_zg_bs_3760911" type></a>,
<a class="a-link-normal" href="/Continuous-Bottle-Atomizer-Styling-Cleaning/dp/B093KXK6RN/?_encoding=UTF8&pd_rd_w=L1HZv&content-id=amzn1.sym.64be5821-f651-4b0b-8dd3-4f9b884f10e5&pf_rd_p=64be5821-f651-4b0b-8dd3-4f9b884f10e5&pf_rd_r=0AFEHW28M5QQ959AA9JM&pd_rd_wg=JGVrp&pd_rd_r=32fa10d4-b906-4f10-861a-418346d6e892&ref_=pd_gw_crs_zg_bs_3760911" type></a>,
<a class="a-link-normal" href="/Paulas-Choice-SKIN-PERFECTING-Exfoliant-Facial-Blackheads/dp/B00949CTQQ/?_encoding=UTF8&pd_rd_w=L1HZv&content-id=amzn1.sym.64be5821-f651-4b0b-8dd3-4f9b884f10e5&pf_rd_p=64be5821-f651-4b0b-8dd3-4f9b884f10e5&pf_rd_r=0AFEHW28M5QQ959AA9JM&pd_rd_wg=JGVrp&pd_rd_r=32fa10d4-b906-4f10-861a-418346d6e892&ref_=pd_gw_crs_zg_bs_3760911" type></a>,
<a class="a-link-normal" href="/Schick-Multipurpose-Exfoliating-Dermaplaning-Precision/dp/B0787GLBMV/?_encoding=UTF8&pd_rd_w=L1HZv&content-id=amzn1.sym.64be5821-f651-4b0b-8dd3-4f9b884f10e5&pf_rd_p=64be5821-f651-4b0b-8dd3-4f9b884f10e5&pf_rd_r=0AFEHW28M5QQ959AA9JM&pd_rd_wg=JGVrp&pd_rd_r=32fa10d4-b906-4f10-861a-418346d6e892&ref_=pd_gw_crs_zg_bs_3760911" type></a>,
<a class="a-link-normal" href="/Strip-Eyelash-Adhesive-Clear-0-176/dp/B01BMMOAFU/?_encoding=UTF8&pd_rd_w=L1HZv&content-id=amzn1.sym.64be5821-f651-4b0b-8dd3-4f9b884f10e5&pf_rd_p=64be5821-f651-4b0b-8dd3-4f9b884f10e5&pf_rd_r=0AFEHW28M5QQ959AA9JM&pd_rd_wg=JGVrp&pd_rd_r=32fa10d4-b906-4f10-861a-418346d6e892&ref_=pd_gw_crs_zg_bs_3760911" type></a>,
<a class="a-link-normal" href="/PanOxyl-Foaming-Peroxide-Strength-Antimicrobial/dp/B081KL2QYJ/?_encoding=UTF8&pd_rd_w=L1HZv&content-id=amzn1.sym.64be5821-f651-4b0b-8dd3-4f9b884f10e5&pf_rd_p=64be5821-f651-4b0b-8dd3-4f9b884f10e5&pf_rd_r=0AFEHW28M5QQ959AA9JM&pd_rd_wg=JGVrp&pd_rd_r=32fa10d4-b906-4f10-861a-418346d6e892&ref_=pd_gw_crs_zg_bs_3760911" type></a>,
<a class="a-link-normal" href="/CeraVe-Moisturizing-Cream-Daily-Moisturizer/dp/B00TTD9BRC/?_encoding=UTF8&pd_rd_w=L1HZv&content-id=amzn1.sym.64be5821-f651-4b0b-8dd3-4f9b884f10e5&pf_rd_p=64be5821-f651-4b0b-8dd3-4f9b884f10e5&pf_rd_r=0AFEHW28M5QQ959AA9JM&pd_rd_wg=JGVrp&pd_rd_r=32fa10d4-b906-4f10-861a-418346d6e892&ref_=pd_gw_crs_zg_bs_3760911" type displayed:false></a>,
<a class="a-link-normal" href="/Nizoral-Anti-Dandruff-Shampoo-Ketoconazole-Dandruff/dp/B00AINMFAC/?_encoding=UTF8&pd_rd_w=L1HZv&content-id=amzn1.sym.64be5821-f651-4b0b-8dd3-4f9b884f10e5&pf_rd_p=64be5821-f651-4b0b-8dd3-4f9b884f10e5&pf_rd_r=0AFEHW28M5QQ959AA9JM&pd_rd_wg=JGVrp&pd_rd_r=32fa10d4-b906-4f10-861a-418346d6e892&ref_=pd_gw_crs_zg_bs_3760911" type displayed:false></a>,
<a class="a-link-normal" href="/CeraVe-Facial-Moisturizing-Lotion-Lightweight/dp/B00365DABC/?_encoding=UTF8&pd_rd_w=L1HZv&content-id=amzn1.sym.64be5821-f651-4b0b-8dd3-4f9b884f10e5&pf_rd_p=64be5821-f651-4b0b-8dd3-4f9b884f10e5&pf_rd_r=0AFEHW28M5QQ959AA9JM&pd_rd_wg=JGVrp&pd_rd_r=32fa10d4-b906-4f10-861a-418346d6e892&ref_=pd_gw_crs_zg_bs_3760911" type displayed:false></a>,
<a class="a-link-normal" href="/SC-Johnson-623181-Cotton-Standard/dp/B07GPP3XC1/?_encoding=UTF8&pd_rd_w=L1HZv&content-id=amzn1.sym.64be5821-f651-4b0b-8dd3-4f9b884f10e5&pf_rd_p=64be5821-f651-4b0b-8dd3-4f9b884f10e5&pf_rd_r=0AFEHW28M5QQ959AA9JM&pd_rd_wg=JGVrp&pd_rd_r=32fa10d4-b906-4f10-861a-418346d6e892&ref_=pd_gw_crs_zg_bs_3760911" type displayed:false></a>,
<a class="a-link-normal" href="/CeraVe-Hydrating-Facial-Cleanser-Fragrance/dp/B01MSSDEPK/?_encoding=UTF8&pd_rd_w=L1HZv&content-id=amzn1.sym.64be5821-f651-4b0b-8dd3-4f9b884f10e5&pf_rd_p=64be5821-f651-4b0b-8dd3-4f9b884f10e5&pf_rd_r=0AFEHW28M5QQ959AA9JM&pd_rd_wg=JGVrp&pd_rd_r=32fa10d4-b906-4f10-861a-418346d6e892&ref_=pd_gw_crs_zg_bs_3760911" type displayed:false></a>,
<a class="a-link-normal" href="/Maybelline-Instant-Circles-Treatment-Concealer/dp/B004Y9GTYE/?_encoding=UTF8&pd_rd_w=L1HZv&content-id=amzn1.sym.64be5821-f651-4b0b-8dd3-4f9b884f10e5&pf_rd_p=64be5821-f651-4b0b-8dd3-4f9b884f10e5&pf_rd_r=0AFEHW28M5QQ959AA9JM&pd_rd_wg=JGVrp&pd_rd_r=32fa10d4-b906-4f10-861a-418346d6e892&ref_=pd_gw_crs_zg_bs_3760911" type displayed:false></a>,
<a class="a-link-normal" href="/NYX-PROFESSIONAL-MAKEUP-Jumbo-Pencil/dp/B001TK4LM8/?_encoding=UTF8&pd_rd_w=L1HZv&content-id=amzn1.sym.64be5821-f651-4b0b-8dd3-4f9b884f10e5&pf_rd_p=64be5821-f651-4b0b-8dd3-4f9b884f10e5&pf_rd_r=0AFEHW28M5QQ959AA9JM&pd_rd_wg=JGVrp&pd_rd_r=32fa10d4-b906-4f10-861a-418346d6e892&ref_=pd_gw_crs_zg_bs_3760911" type displayed:false></a>,
<a class="a-link-normal" href="/Maybelline-Volumizing-Buildable-Lengthening-Multiplying/dp/B08H3JPH74/?_encoding=UTF8&pd_rd_w=L1HZv&content-id=amzn1.sym.64be5821-f651-4b0b-8dd3-4f9b884f10e5&pf_rd_p=64be5821-f651-4b0b-8dd3-4f9b884f10e5&pf_rd_r=0AFEHW28M5QQ959AA9JM&pd_rd_wg=JGVrp&pd_rd_r=32fa10d4-b906-4f10-861a-418346d6e892&ref_=pd_gw_crs_zg_bs_3760911" type displayed:false></a>,
<a class="a-link-normal" href="/CeraVe-Facial-Moisturizing-Lotion-AM/dp/B00F97FHAW/?_encoding=UTF8&pd_rd_w=L1HZv&content-id=amzn1.sym.64be5821-f651-4b0b-8dd3-4f9b884f10e5&pf_rd_p=64be5821-f651-4b0b-8dd3-4f9b884f10e5&pf_rd_r=0AFEHW28M5QQ959AA9JM&pd_rd_wg=JGVrp&pd_rd_r=32fa10d4-b906-4f10-861a-418346d6e892&ref_=pd_gw_crs_zg_bs_3760911" type displayed:false></a>,
<a class="a-link-normal" href="/Philips-Norelco-Multigroom-attachment-MG3750/dp/B01K1HPA60/?_encoding=UTF8&pd_rd_w=L1HZv&content-id=amzn1.sym.64be5821-f651-4b0b-8dd3-4f9b884f10e5&pf_rd_p=64be5821-f651-4b0b-8dd3-4f9b884f10e5&pf_rd_r=0AFEHW28M5QQ959AA9JM&pd_rd_wg=JGVrp&pd_rd_r=32fa10d4-b906-4f10-861a-418346d6e892&ref_=pd_gw_crs_zg_bs_3760911" type displayed:false></a>,
<a class="a-link-normal" href="/EltaMD-Acne-Prone-Mineral-Based-Dermatologist-Recommended/dp/B002MSN3QQ/?_encoding=UTF8&pd_rd_w=L1HZv&content-id=amzn1.sym.64be5821-f651-4b0b-8dd3-4f9b884f10e5&pf_rd_p=64be5821-f651-4b0b-8dd3-4f9b884f10e5&pf_rd_r=0AFEHW28M5QQ959AA9JM&pd_rd_wg=JGVrp&pd_rd_r=32fa10d4-b906-4f10-861a-418346d6e892&ref_=pd_gw_crs_zg_bs_3760911" type displayed:false></a>,
<a class="a-link-normal" href="/Differin-Adapalene-0-1-Acne-Treatment/dp/B07L1PHSY9/?_encoding=UTF8&pd_rd_w=L1HZv&content-id=amzn1.sym.64be5821-f651-4b0b-8dd3-4f9b884f10e5&pf_rd_p=64be5821-f651-4b0b-8dd3-4f9b884f10e5&pf_rd_r=0AFEHW28M5QQ959AA9JM&pd_rd_wg=JGVrp&pd_rd_r=32fa10d4-b906-4f10-861a-418346d6e892&ref_=pd_gw_crs_zg_bs_3760911" type displayed:false></a>,
<a class="a-link-normal" href="/Revlon-One-Step-Dryer-Volumizer-Brush/dp/B01LSUQSB0/?_encoding=UTF8&pd_rd_w=L1HZv&content-id=amzn1.sym.64be5821-f651-4b0b-8dd3-4f9b884f10e5&pf_rd_p=64be5821-f651-4b0b-8dd3-4f9b884f10e5&pf_rd_r=0AFEHW28M5QQ959AA9JM&pd_rd_wg=JGVrp&pd_rd_r=32fa10d4-b906-4f10-861a-418346d6e892&ref_=pd_gw_crs_zg_bs_3760911" type displayed:false></a>,
<a class="a-link-normal" href="/Handcraft-Rosemary-Essential-Oil-Therapeutic/dp/B0757Y44SK/?_encoding=UTF8&pd_rd_w=L1HZv&content-id=amzn1.sym.64be5821-f651-4b0b-8dd3-4f9b884f10e5&pf_rd_p=64be5821-f651-4b0b-8dd3-4f9b884f10e5&pf_rd_r=0AFEHW28M5QQ959AA9JM&pd_rd_wg=JGVrp&pd_rd_r=32fa10d4-b906-4f10-861a-418346d6e892&ref_=pd_gw_crs_zg_bs_3760911" type displayed:false></a>,
<a class="a-link-normal" href="/Pooplunch-Eyelashes-Fluffy-Dramatic-Multipack/dp/B09278TNHM/?_encoding=UTF8&pd_rd_w=L1HZv&content-id=amzn1.sym.64be5821-f651-4b0b-8dd3-4f9b884f10e5&pf_rd_p=64be5821-f651-4b0b-8dd3-4f9b884f10e5&pf_rd_r=0AFEHW28M5QQ959AA9JM&pd_rd_wg=JGVrp&pd_rd_r=32fa10d4-b906-4f10-861a-418346d6e892&ref_=pd_gw_crs_zg_bs_3760911" type displayed:false></a>,
<a class="a-link-normal" href="/Beetles-Wipe-Gel-Coat-Base/dp/B07F12SZDS/?_encoding=UTF8&pd_rd_w=L1HZv&content-id=amzn1.sym.64be5821-f651-4b0b-8dd3-4f9b884f10e5&pf_rd_p=64be5821-f651-4b0b-8dd3-4f9b884f10e5&pf_rd_r=0AFEHW28M5QQ959AA9JM&pd_rd_wg=JGVrp&pd_rd_r=32fa10d4-b906-4f10-861a-418346d6e892&ref_=pd_gw_crs_zg_bs_3760911" type displayed:false></a>,
<a class="a-link-normal" href="/Mrs-Meyers-Clean-Day-Verbena/dp/B00F1U0YB4/?_encoding=UTF8&pd_rd_w=L1HZv&content-id=amzn1.sym.64be5821-f651-4b0b-8dd3-4f9b884f10e5&pf_rd_p=64be5821-f651-4b0b-8dd3-4f9b884f10e5&pf_rd_r=0AFEHW28M5QQ959AA9JM&pd_rd_wg=JGVrp&pd_rd_r=32fa10d4-b906-4f10-861a-418346d6e892&ref_=pd_gw_crs_zg_bs_3760911" type displayed:false></a>,
<a class="a-link-normal" href="/Beetles-Gel-Polish-Audrey-Manicure/dp/B08HYW2MKG/?_encoding=UTF8&pd_rd_w=L1HZv&content-id=amzn1.sym.64be5821-f651-4b0b-8dd3-4f9b884f10e5&pf_rd_p=64be5821-f651-4b0b-8dd3-4f9b884f10e5&pf_rd_r=0AFEHW28M5QQ959AA9JM&pd_rd_wg=JGVrp&pd_rd_r=32fa10d4-b906-4f10-861a-418346d6e892&ref_=pd_gw_crs_zg_bs_3760911" type displayed:false></a>,
<a class="a-link-normal" href="/LOreal-Paris-Voluminous-Paradise-Washable/dp/B06XF2TR11/?_encoding=UTF8&pd_rd_w=L1HZv&content-id=amzn1.sym.64be5821-f651-4b0b-8dd3-4f9b884f10e5&pf_rd_p=64be5821-f651-4b0b-8dd3-4f9b884f10e5&pf_rd_r=0AFEHW28M5QQ959AA9JM&pd_rd_wg=JGVrp&pd_rd_r=32fa10d4-b906-4f10-861a-418346d6e892&ref_=pd_gw_crs_zg_bs_3760911" type displayed:false></a>,
<a class="a-link-normal" href="/Bio-Oil-200ml-Multiuse-Skincare-6-7oz/dp/B00AREGVUM/?_encoding=UTF8&pd_rd_w=L1HZv&content-id=amzn1.sym.64be5821-f651-4b0b-8dd3-4f9b884f10e5&pf_rd_p=64be5821-f651-4b0b-8dd3-4f9b884f10e5&pf_rd_r=0AFEHW28M5QQ959AA9JM&pd_rd_wg=JGVrp&pd_rd_r=32fa10d4-b906-4f10-861a-418346d6e892&ref_=pd_gw_crs_zg_bs_3760911" type displayed:false></a>,
<a aria-hidden="true" aria-label="Carousel previous slide" class="a-link-normal feed-carousel-control feed-left feed-control-disabled" href="#" tabindex="-1" type displayed:false></a>,
<a aria-hidden="true" aria-label="Carousel next slide" class="a-link-normal feed-carousel-control feed-right" href="#" tabindex="-1" type displayed:false></a>,
<a class="a-declarative" data-a-modal="{"url":"/af/feedback-form?pl=%7B%22adPlacementMetaData%22%3A%7B%22pageUrl%22%3A%22aHR0cHM6Ly93d3cuYW1hem9uLmNvbS8%2F%22%2C%22adElementId%22%3A%22ape_Gateway_desktop-ad-center-1_desktop_placement%22%2C%22pageType%22%3A%22Gateway%22%2C%22slotName%22%3A%22desktop-ad-center-1%22%7D%2C%22adCreativeMetaData%22%3A%7B%22adProgramId%22%3A1001%2C%22adCreativeId%22%3A17204284601%2C%22adNetwork%22%3A%22cs%22%2C%22adImpressionId%22%3A%22https%3A%2F%2Faax-us-iad.amazon.com%2Fe%2Fxsp%2Fimp%3Fb%3DRF7fbWuAipmei6clVPgvRGAAAAGDnIx8OAEAAAH0AQBOL0EgICAgICAgICAgICBOL0EgICAgICAgICAgICBD46J2%22%2C%22adCreativeTemplateName%22%3A%22Image%22%2C%22adId%22%3A588458562152201700%7D%7D&daFlg=false&ie=UTF-8",     "name":"shared-placement-feedback-modal-desktop-ad-center-1","header":"Leave feedback","width":"460"}" data-action="a-modal" tabindex="0" type>Sponsored</a>,
<a class="a-link-normal center-image aok-block image-window" href="/b?node=24428184011&ref=ALM_HL_DSR_desktop_GWCC_PBM_NFLshop" type></a>,
<a class="a-link-normal see-more truncate-1line" href="/b?node=24428184011&ref=ALM_HL_DSR_desktop_GWCC_PBM_NFLshop" type>See more</a>,
<a aria-label="Wallpaper" class="a-link-normal image-redirect aok-block image-window" href="/b/?node=23377216011" type>Wallpaper</a>,
<a aria-label="Dining" class="a-link-normal image-redirect aok-block image-window" href="/b/?node=19410857011" type>Dining</a>,
<a aria-label="Entryway" class="a-link-normal image-redirect aok-block image-window" href="/b/?node=19410858011" type>Entryway</a>,
<a aria-label="Indoor garden" class="a-link-normal image-redirect aok-block image-window" href="/b/?node=19410859011" type>Indoor garden</a>,
<a class="a-link-normal see-more truncate-1line" href="/exec/obidos/tg/browse/-/1055398" type>See more on Amazon Home</a>,
<a class="a-spacing-none a-link-normal aok-float-left aok-relative _quad-multi-asin-card-v2_style_quadrant__3xH-V _quad-multi-asin-card-v2_style_topLeftQuadrant__yF7Ht a-text-normal" href="/Amazon-Basics-Paracord-7-Strand-Strength/dp/B08HNZB3PZ/?_encoding=UTF8&pd_rd_w=QEQhY&content-id=amzn1.sym.c5629238-4d62-4661-a21b-2fc45188eeea&pf_rd_p=c5629238-4d62-4661-a21b-2fc45188eeea&pf_rd_r=0AFEHW28M5QQ959AA9JM&pd_rd_wg=JGVrp&pd_rd_r=32fa10d4-b906-4f10-861a-418346d6e892&ref_=pd_gw_pop_in_ab" type></a>,
<a class="a-spacing-none a-link-normal aok-float-left aok-relative _quad-multi-asin-card-v2_style_quadrant__3xH-V _quad-multi-asin-card-v2_style_topRightQuadrant__2rEJ7 a-text-normal" href="/Amazon-Basics-Expander-Adapter-Adjustable/dp/B08L9GWSPB/?_encoding=UTF8&pd_rd_w=QEQhY&content-id=amzn1.sym.c5629238-4d62-4661-a21b-2fc45188eeea&pf_rd_p=c5629238-4d62-4661-a21b-2fc45188eeea&pf_rd_r=0AFEHW28M5QQ959AA9JM&pd_rd_wg=JGVrp&pd_rd_r=32fa10d4-b906-4f10-861a-418346d6e892&ref_=pd_gw_pop_in_ab" type></a>,
<a class="a-spacing-none a-link-normal aok-float-left aok-relative _quad-multi-asin-card-v2_style_quadrant__3xH-V _quad-multi-asin-card-v2_style_bottomLeftQuadrant__2r-kp a-text-normal" href="/Amazon-Basics-Paracord-7-Strand-Strength/dp/B08HNZCH3Z/?_encoding=UTF8&pd_rd_w=QEQhY&content-id=amzn1.sym.c5629238-4d62-4661-a21b-2fc45188eeea&pf_rd_p=c5629238-4d62-4661-a21b-2fc45188eeea&pf_rd_r=0AFEHW28M5QQ959AA9JM&pd_rd_wg=JGVrp&pd_rd_r=32fa10d4-b906-4f10-861a-418346d6e892&ref_=pd_gw_pop_in_ab" type></a>,
<a class="a-spacing-none a-link-normal aok-float-left aok-relative _quad-multi-asin-card-v2_style_quadrant__3xH-V _quad-multi-asin-card-v2_style_bottomRightQuadrant__2OYLZ a-text-normal" href="/AmazonBasics-Coiled-Cable-Lightning-Charger/dp/B071KBYFKS/?_encoding=UTF8&pd_rd_w=QEQhY&content-id=amzn1.sym.c5629238-4d62-4661-a21b-2fc45188eeea&pf_rd_p=c5629238-4d62-4661-a21b-2fc45188eeea&pf_rd_r=0AFEHW28M5QQ959AA9JM&pd_rd_wg=JGVrp&pd_rd_r=32fa10d4-b906-4f10-861a-418346d6e892&ref_=pd_gw_pop_in_ab" type></a>,
<a class="a-link-normal center-image aok-block image-window" href="/stores/page/F3A3812D-0DE2-43E1-B7C9-3CA085DE5A29?channel=Homepage" type></a>,
<a class="a-link-normal see-more truncate-1line" href="/stores/page/F3A3812D-0DE2-43E1-B7C9-3CA085DE5A29?channel=Homepage" type>See more curated products</a>,
<a class="a-link-normal as-title-block-right see-more truncate-1line" href="/goldbox/?_encoding=UTF8&pd_rd_w=niAuy&content-id=amzn1.sym.26a365d6-3002-449e-bfff-1848c98a3efd&pf_rd_p=26a365d6-3002-449e-bfff-1848c98a3efd&pf_rd_r=0AFEHW28M5QQ959AA9JM&pd_rd_wg=JGVrp&pd_rd_r=32fa10d4-b906-4f10-861a-418346d6e892&ref_=pd_gw_unk" type>See all deals</a>,
<a class="a-link-normal a-text-normal" href="/FOCALLURE-Eyeshadow-Brightener-Highlighter-Waterproof/dp/B0B6FVMXV3" type>$7.95 and under
Ends in 00:51</a>,
<a class="a-link-normal a-text-normal" href="/Muslin-Cloths-Washcloths-Absorbent-Yoofoss/dp/B09VNSY778" type>$19.50 and under
Ends in 05:51</a>,
<a class="a-link-normal a-text-normal" href="/Bare-Home-Sherpa-Fleece-Blanket/dp/B09HDYPRPX" type>Up to -30%
Ends in 05:51</a>,
<a class="a-link-normal a-text-normal" href="/HONEYBULL-Technology-Waterproof-Shatterproof-Accessories/dp/B08F5JW1PK" type>$14.39 and under
Ends in 00:50</a>,
<a class="a-link-normal a-text-normal" href="/PRETTYGARDEN-Pajamas-Sweatshirt-Sleepwear-Pockets/dp/B08C1YPYP9" type>Up to -36%
Ends in 05:50</a>,
<a class="a-link-normal a-text-normal" href="/MEROKEETY-Womens-Sleeve-Ribbed-Sweater/dp/B07VGMH3HJ" type>Up to -49%
Ends in 05:50</a>,
<a class="a-link-normal a-text-normal" href="/Fishat-Standard-Clothing-Organizer-Lockable/dp/B09XGXC18G" type>-15</a>,
<a class="a-link-normal a-text-normal" href="/Sunflower-Alternative-Comforter-Lightweight-Breathble/dp/B09FJRVBQY" type displayed:false></a>,
<a class="a-link-normal a-text-normal" href="/Changing-Ambience-Dimmable-Control-Bedside/dp/B095WW1SHZ" type displayed:false></a>,
<a class="a-link-normal a-text-normal" href="/VNDFLAG-Womens-Waist-Suede-Bodycon/dp/B09F95JCL7" type displayed:false></a>,
<a class="a-link-normal a-text-normal" href="/Aolesy-Running-Athletic-Lightweight-Training/dp/B09WY7C7RP" type displayed:false></a>,
<a class="a-link-normal a-text-normal" href="/POSHDIVAH-Maternity-Leggings-Pregnancy-Stretchy/dp/B08TZTWNZJ" type displayed:false></a>,
<a class="a-link-normal a-text-normal" href="/Womens-Winter-Screen-Elastic-Texting/dp/B08RD83B13" type displayed:false></a>,
<a class="a-link-normal a-text-normal" href="/SHW-Vista-L-Shape-Monitor-Stand/dp/B09156SFG2" type displayed:false></a>,
<a class="a-link-normal a-text-normal" href="/ENIGMA-Leather-Aluminum-Tactical-Blocking/dp/B097SK9LK3" type displayed:false></a>,
<a aria-hidden="true" aria-label="Carousel previous slide" class="a-link-normal feed-carousel-control feed-left feed-control-disabled" href="#" tabindex="-1" type displayed:false></a>,
<a aria-hidden="true" aria-label="Carousel next slide" class="a-link-normal feed-carousel-control feed-right" href="#" tabindex="-1" type displayed:false></a>,
<a class="a-link-normal" href="/CELSIUS-Fitness-Energy-Standard-Variety/dp/B06X6J5266/?_encoding=UTF8&pd_rd_w=OvlPb&content-id=amzn1.sym.64be5821-f651-4b0b-8dd3-4f9b884f10e5&pf_rd_p=64be5821-f651-4b0b-8dd3-4f9b884f10e5&pf_rd_r=0AFEHW28M5QQ959AA9JM&pd_rd_wg=JGVrp&pd_rd_r=32fa10d4-b906-4f10-861a-418346d6e892&ref_=pd_gw_crs_zg_bs_16310101" type></a>,
<a class="a-link-normal" href="/Monster-Energy-Zero-Ultra-Sugar/dp/B00ADYXY7E/?_encoding=UTF8&pd_rd_w=OvlPb&content-id=amzn1.sym.64be5821-f651-4b0b-8dd3-4f9b884f10e5&pf_rd_p=64be5821-f651-4b0b-8dd3-4f9b884f10e5&pf_rd_r=0AFEHW28M5QQ959AA9JM&pd_rd_wg=JGVrp&pd_rd_r=32fa10d4-b906-4f10-861a-418346d6e892&ref_=pd_gw_crs_zg_bs_16310101" type></a>,
<a class="a-link-normal" href="/Starbucks-Medium-Coffee-Keurig-Brewers/dp/B0944QNV4Y/?_encoding=UTF8&pd_rd_w=OvlPb&content-id=amzn1.sym.64be5821-f651-4b0b-8dd3-4f9b884f10e5&pf_rd_p=64be5821-f651-4b0b-8dd3-4f9b884f10e5&pf_rd_r=0AFEHW28M5QQ959AA9JM&pd_rd_wg=JGVrp&pd_rd_r=32fa10d4-b906-4f10-861a-418346d6e892&ref_=pd_gw_crs_zg_bs_16310101" type></a>,
<a class="a-link-normal" href="/Lavazza-Coffee-Medium-Espresso-2-2-Pound/dp/B000SDKDM4/?_encoding=UTF8&pd_rd_w=OvlPb&content-id=amzn1.sym.64be5821-f651-4b0b-8dd3-4f9b884f10e5&pf_rd_p=64be5821-f651-4b0b-8dd3-4f9b884f10e5&pf_rd_r=0AFEHW28M5QQ959AA9JM&pd_rd_wg=JGVrp&pd_rd_r=32fa10d4-b906-4f10-861a-418346d6e892&ref_=pd_gw_crs_zg_bs_16310101" type></a>,
<a class="a-link-normal" href="/Original-Donut-Shop-Single-Serve-Regular/dp/B00I08JAYG/?_encoding=UTF8&pd_rd_w=OvlPb&content-id=amzn1.sym.64be5821-f651-4b0b-8dd3-4f9b884f10e5&pf_rd_p=64be5821-f651-4b0b-8dd3-4f9b884f10e5&pf_rd_r=0AFEHW28M5QQ959AA9JM&pd_rd_wg=JGVrp&pd_rd_r=32fa10d4-b906-4f10-861a-418346d6e892&ref_=pd_gw_crs_zg_bs_16310101" type></a>,
<a class="a-link-normal" href="/Francisco-OneCup-French-Compatible-Brewers/dp/B007TGDXNO/?_encoding=UTF8&pd_rd_w=OvlPb&content-id=amzn1.sym.64be5821-f651-4b0b-8dd3-4f9b884f10e5&pf_rd_p=64be5821-f651-4b0b-8dd3-4f9b884f10e5&pf_rd_r=0AFEHW28M5QQ959AA9JM&pd_rd_wg=JGVrp&pd_rd_r=32fa10d4-b906-4f10-861a-418346d6e892&ref_=pd_gw_crs_zg_bs_16310101" type></a>,
<a class="a-link-normal" href="/MCCAFE-Premium-Roast-Coffee-K-CUP/dp/B00TY15GO6/?_encoding=UTF8&pd_rd_w=OvlPb&content-id=amzn1.sym.64be5821-f651-4b0b-8dd3-4f9b884f10e5&pf_rd_p=64be5821-f651-4b0b-8dd3-4f9b884f10e5&pf_rd_r=0AFEHW28M5QQ959AA9JM&pd_rd_wg=JGVrp&pd_rd_r=32fa10d4-b906-4f10-861a-418346d6e892&ref_=pd_gw_crs_zg_bs_16310101" type displayed:false></a>,
<a class="a-link-normal" href="/2020-Paqui-Chip-Challenge-0-21oz/dp/B0896Y8PLN/?_encoding=UTF8&pd_rd_w=OvlPb&content-id=amzn1.sym.64be5821-f651-4b0b-8dd3-4f9b884f10e5&pf_rd_p=64be5821-f651-4b0b-8dd3-4f9b884f10e5&pf_rd_r=0AFEHW28M5QQ959AA9JM&pd_rd_wg=JGVrp&pd_rd_r=32fa10d4-b906-4f10-861a-418346d6e892&ref_=pd_gw_crs_zg_bs_16310101" type displayed:false></a>,
<a class="a-link-normal" href="/WELCHS-Mixed-Fruit-Snacks-Ounce/dp/B00HFC2E82/?_encoding=UTF8&pd_rd_w=OvlPb&content-id=amzn1.sym.64be5821-f651-4b0b-8dd3-4f9b884f10e5&pf_rd_p=64be5821-f651-4b0b-8dd3-4f9b884f10e5&pf_rd_r=0AFEHW28M5QQ959AA9JM&pd_rd_wg=JGVrp&pd_rd_r=32fa10d4-b906-4f10-861a-418346d6e892&ref_=pd_gw_crs_zg_bs_16310101" type displayed:false></a>,
<a class="a-link-normal" href="/Hint-Fruit-Infused-Variety-Bottles/dp/B01E6WOVX4/?_encoding=UTF8&pd_rd_w=OvlPb&content-id=amzn1.sym.64be5821-f651-4b0b-8dd3-4f9b884f10e5&pf_rd_p=64be5821-f651-4b0b-8dd3-4f9b884f10e5&pf_rd_r=0AFEHW28M5QQ959AA9JM&pd_rd_wg=JGVrp&pd_rd_r=32fa10d4-b906-4f10-861a-418346d6e892&ref_=pd_gw_crs_zg_bs_16310101" type displayed:false></a>,
<a class="a-link-normal" href="/BODYARMOR-Strawberry-Potassium-Packed-Electrolytes-Preservatives/dp/B007Y6P7ZG/?_encoding=UTF8&pd_rd_w=OvlPb&content-id=amzn1.sym.64be5821-f651-4b0b-8dd3-4f9b884f10e5&pf_rd_p=64be5821-f651-4b0b-8dd3-4f9b884f10e5&pf_rd_r=0AFEHW28M5QQ959AA9JM&pd_rd_wg=JGVrp&pd_rd_r=32fa10d4-b906-4f10-861a-418346d6e892&ref_=pd_gw_crs_zg_bs_16310101" type displayed:false></a>,
<a class="a-link-normal" href="/Pepperidge-Farm-Goldfish-Crackers-Multi-pack/dp/B0116WQ62G/?_encoding=UTF8&pd_rd_w=OvlPb&content-id=amzn1.sym.64be5821-f651-4b0b-8dd3-4f9b884f10e5&pf_rd_p=64be5821-f651-4b0b-8dd3-4f9b884f10e5&pf_rd_r=0AFEHW28M5QQ959AA9JM&pd_rd_wg=JGVrp&pd_rd_r=32fa10d4-b906-4f10-861a-418346d6e892&ref_=pd_gw_crs_zg_bs_16310101" type displayed:false></a>,
<a class="a-link-normal" href="/Core-Power-fairlife-Protein-Chocolate/dp/B01DDIRDZA/?_encoding=UTF8&pd_rd_w=OvlPb&content-id=amzn1.sym.64be5821-f651-4b0b-8dd3-4f9b884f10e5&pf_rd_p=64be5821-f651-4b0b-8dd3-4f9b884f10e5&pf_rd_r=0AFEHW28M5QQ959AA9JM&pd_rd_wg=JGVrp&pd_rd_r=32fa10d4-b906-4f10-861a-418346d6e892&ref_=pd_gw_crs_zg_bs_16310101" type displayed:false></a>,
<a class="a-link-normal" href="/FIJI-Natural-Artesian-Water-Bottles/dp/B004CQWWKY/?_encoding=UTF8&pd_rd_w=OvlPb&content-id=amzn1.sym.64be5821-f651-4b0b-8dd3-4f9b884f10e5&pf_rd_p=64be5821-f651-4b0b-8dd3-4f9b884f10e5&pf_rd_r=0AFEHW28M5QQ959AA9JM&pd_rd_wg=JGVrp&pd_rd_r=32fa10d4-b906-4f10-861a-418346d6e892&ref_=pd_gw_crs_zg_bs_16310101" type displayed:false></a>,
<a class="a-link-normal" href="/EXTRA-Spring-Chewing-Travel-Accessory/dp/B002DQ2F9S/?_encoding=UTF8&pd_rd_w=OvlPb&content-id=amzn1.sym.64be5821-f651-4b0b-8dd3-4f9b884f10e5&pf_rd_p=64be5821-f651-4b0b-8dd3-4f9b884f10e5&pf_rd_r=0AFEHW28M5QQ959AA9JM&pd_rd_wg=JGVrp&pd_rd_r=32fa10d4-b906-4f10-861a-418346d6e892&ref_=pd_gw_crs_zg_bs_16310101" type displayed:false></a>,
<a class="a-link-normal" href="/Peets-Coffee-Dickasons-Complex-Layered/dp/B01N2KFHRS/?_encoding=UTF8&pd_rd_w=OvlPb&content-id=amzn1.sym.64be5821-f651-4b0b-8dd3-4f9b884f10e5&pf_rd_p=64be5821-f651-4b0b-8dd3-4f9b884f10e5&pf_rd_r=0AFEHW28M5QQ959AA9JM&pd_rd_wg=JGVrp&pd_rd_r=32fa10d4-b906-4f10-861a-418346d6e892&ref_=pd_gw_crs_zg_bs_16310101" type displayed:false></a>,
<a class="a-link-normal" href="/Green-Mountain-Coffee-Roasters-Single-Serve/dp/B00I5FWZAA/?_encoding=UTF8&pd_rd_w=OvlPb&content-id=amzn1.sym.64be5821-f651-4b0b-8dd3-4f9b884f10e5&pf_rd_p=64be5821-f651-4b0b-8dd3-4f9b884f10e5&pf_rd_r=0AFEHW28M5QQ959AA9JM&pd_rd_wg=JGVrp&pd_rd_r=32fa10d4-b906-4f10-861a-418346d6e892&ref_=pd_gw_crs_zg_bs_16310101" type displayed:false></a>,
<a class="a-link-normal" href="/Energy-Drink-Calories-Sugar-Creatine/dp/B00G70OX00/?_encoding=UTF8&pd_rd_w=OvlPb&content-id=amzn1.sym.64be5821-f651-4b0b-8dd3-4f9b884f10e5&pf_rd_p=64be5821-f651-4b0b-8dd3-4f9b884f10e5&pf_rd_r=0AFEHW28M5QQ959AA9JM&pd_rd_wg=JGVrp&pd_rd_r=32fa10d4-b906-4f10-861a-418346d6e892&ref_=pd_gw_crs_zg_bs_16310101" type displayed:false></a>,
<a class="a-link-normal" href="/Gatorade-Thirst-Quencher-Powder-Glacier/dp/B0776HZ26P/?_encoding=UTF8&pd_rd_w=OvlPb&content-id=amzn1.sym.64be5821-f651-4b0b-8dd3-4f9b884f10e5&pf_rd_p=64be5821-f651-4b0b-8dd3-4f9b884f10e5&pf_rd_r=0AFEHW28M5QQ959AA9JM&pd_rd_wg=JGVrp&pd_rd_r=32fa10d4-b906-4f10-861a-418346d6e892&ref_=pd_gw_crs_zg_bs_16310101" type displayed:false></a>,
<a class="a-link-normal" href="/Twinings-London-English-Breakfast-Black/dp/B001GM60LE/?_encoding=UTF8&pd_rd_w=OvlPb&content-id=amzn1.sym.64be5821-f651-4b0b-8dd3-4f9b884f10e5&pf_rd_p=64be5821-f651-4b0b-8dd3-4f9b884f10e5&pf_rd_r=0AFEHW28M5QQ959AA9JM&pd_rd_wg=JGVrp&pd_rd_r=32fa10d4-b906-4f10-861a-418346d6e892&ref_=pd_gw_crs_zg_bs_16310101" type displayed:false></a>,
<a class="a-link-normal" href="/Maruchan-Ramen-Chicken-3-0-Pack/dp/B07222R3Y5/?_encoding=UTF8&pd_rd_w=OvlPb&content-id=amzn1.sym.64be5821-f651-4b0b-8dd3-4f9b884f10e5&pf_rd_p=64be5821-f651-4b0b-8dd3-4f9b884f10e5&pf_rd_r=0AFEHW28M5QQ959AA9JM&pd_rd_wg=JGVrp&pd_rd_r=32fa10d4-b906-4f10-861a-418346d6e892&ref_=pd_gw_crs_zg_bs_16310101" type displayed:false></a>,
<a aria-hidden="true" aria-label="Carousel previous slide" class="a-link-normal feed-carousel-control feed-left feed-control-disabled" href="#" tabindex="-1" type displayed:false></a>,
<a aria-hidden="true" aria-label="Carousel next slide" class="a-link-normal feed-carousel-control feed-right" href="#" tabindex="-1" type displayed:false></a>,
<a class="a-link-normal center-image aok-block image-window" href="/gcx/Decor/gfhz/events/?canBeEGifted=false&canBeGiftWrapped=false&categoryId=hwn20-decor&isLimitedTimeOffer=false&isPrime=false&subcategoryIds=hwn20-decor%3AIndoor-Decor" type></a>,
<a class="a-link-normal see-more truncate-1line" href="/gcx/Decor/gfhz/events/?canBeEGifted=false&canBeGiftWrapped=false&categoryId=hwn20-decor&isLimitedTimeOffer=false&isPrime=false&subcategoryIds=hwn20-decor%3AIndoor-Decor" type>See more on Amazon Home</a>,
<a class="a-link-normal center-image aok-block image-window" href="/b?node=23490265011&ref_=US_PEAS22_DO_GW_Desk_DashCard_Music-Wondery-3monthsfree_EN" type></a>,
<a class="a-link-normal see-more truncate-1line" href="/b?node=23490265011&ref_=US_PEAS22_DO_GW_Desk_DashCard_Music-Wondery-3monthsfree_EN" type>Join to get 3 months free</a>,
<a aria-label="Televisions" class="a-link-normal image-redirect aok-block image-window" href="/stores/page/FA366544-7A45-4231-9C44-1ED9B8C91C80?channel=Homepage" type>Televisions</a>,
<a aria-label="Speakers" class="a-link-normal image-redirect aok-block image-window" href="/stores/page/7E17CC25-069F-46C2-BDAB-5C74CEB09299?channel=Homepage" type>Speakers</a>,
<a aria-label="Soundbars" class="a-link-normal image-redirect aok-block image-window" href="/stores/page/DAF513ED-6E78-4000-85C8-9A0D6FF660EB?channel=Homepage" type>Soundbars</a>,
<a aria-label="Projectors" class="a-link-normal image-redirect aok-block image-window" href="/stores/page/3331DC06-0AB3-4172-A833-D3542750BB07?channel=Homepage" type>Projectors</a>,
<a class="a-link-normal see-more truncate-1line" href="/stores/page/6505AA9C-B9F9-4FCF-9D64-11667D0926AB?channel=Homepage" type>See more curated products</a>,
<a class="a-spacing-none a-link-normal aok-float-left aok-relative _quad-multi-asin-card-v2_style_quadrant__3xH-V _quad-multi-asin-card-v2_style_topLeftQuadrant__yF7Ht a-text-normal" href="/Top-Gun-Maverick-Tom-Cruise/dp/B09XZD472R/?_encoding=UTF8&pd_rd_w=Ib438&content-id=amzn1.sym.96b87dff-e11d-44c7-972e-b6a4372b808c&pf_rd_p=96b87dff-e11d-44c7-972e-b6a4372b808c&pf_rd_r=0AFEHW28M5QQ959AA9JM&pd_rd_wg=JGVrp&pd_rd_r=32fa10d4-b906-4f10-861a-418346d6e892&ref_=pd_gw_crs_zg_bs_2625373011" type></a>,
<a class="a-spacing-none a-link-normal aok-float-left aok-relative _quad-multi-asin-card-v2_style_quadrant__3xH-V _quad-multi-asin-card-v2_style_topRightQuadrant__2rEJ7 a-text-normal" href="/Thor-Love-Thunder-Feature-UHD/dp/B0B92CF9XQ/?_encoding=UTF8&pd_rd_w=Ib438&content-id=amzn1.sym.96b87dff-e11d-44c7-972e-b6a4372b808c&pf_rd_p=96b87dff-e11d-44c7-972e-b6a4372b808c&pf_rd_r=0AFEHW28M5QQ959AA9JM&pd_rd_wg=JGVrp&pd_rd_r=32fa10d4-b906-4f10-861a-418346d6e892&ref_=pd_gw_crs_zg_bs_2625373011" type></a>,
<a class="a-spacing-none a-link-normal aok-float-left aok-relative _quad-multi-asin-card-v2_style_quadrant__3xH-V _quad-multi-asin-card-v2_style_bottomLeftQuadrant__2r-kp a-text-normal" href="/Top-Gun-Maverick-4K-UHD/dp/B09Y896LW1/?_encoding=UTF8&pd_rd_w=Ib438&content-id=amzn1.sym.96b87dff-e11d-44c7-972e-b6a4372b808c&pf_rd_p=96b87dff-e11d-44c7-972e-b6a4372b808c&pf_rd_r=0AFEHW28M5QQ959AA9JM&pd_rd_wg=JGVrp&pd_rd_r=32fa10d4-b906-4f10-861a-418346d6e892&ref_=pd_gw_crs_zg_bs_2625373011" type></a>,
<a class="a-spacing-none a-link-normal aok-float-left aok-relative _quad-multi-asin-card-v2_style_quadrant__3xH-V _quad-multi-asin-card-v2_style_bottomRightQuadrant__2OYLZ a-text-normal" href="/Star-Trek-Strange-Worlds-Season/dp/B0BBY4CFYY/?_encoding=UTF8&pd_rd_w=Ib438&content-id=amzn1.sym.96b87dff-e11d-44c7-972e-b6a4372b808c&pf_rd_p=96b87dff-e11d-44c7-972e-b6a4372b808c&pf_rd_r=0AFEHW28M5QQ959AA9JM&pd_rd_wg=JGVrp&pd_rd_r=32fa10d4-b906-4f10-861a-418346d6e892&ref_=pd_gw_crs_zg_bs_2625373011" type></a>,
<a class="a-link-normal" href="/PlayStation-5-Console/dp/B09DFCB66S/?_encoding=UTF8&pd_rd_w=IvuUF&content-id=amzn1.sym.96b87dff-e11d-44c7-972e-b6a4372b808c&pf_rd_p=96b87dff-e11d-44c7-972e-b6a4372b808c&pf_rd_r=0AFEHW28M5QQ959AA9JM&pd_rd_wg=JGVrp&pd_rd_r=32fa10d4-b906-4f10-861a-418346d6e892&ref_=pd_gw_crs_zg_bs_468642" type></a>,
<a class="a-link-normal" href="/Splatoon-3-Nintendo-Switch/dp/B09T5SJQGV/?_encoding=UTF8&pd_rd_w=IvuUF&content-id=amzn1.sym.96b87dff-e11d-44c7-972e-b6a4372b808c&pf_rd_p=96b87dff-e11d-44c7-972e-b6a4372b808c&pf_rd_r=0AFEHW28M5QQ959AA9JM&pd_rd_wg=JGVrp&pd_rd_r=32fa10d4-b906-4f10-861a-418346d6e892&ref_=pd_gw_crs_zg_bs_468642" type></a>,
<a class="a-link-normal" href="/Paladone-NES-Lamp-Super-Vintage/dp/B07MSK7GXV/?_encoding=UTF8&pd_rd_w=IvuUF&content-id=amzn1.sym.96b87dff-e11d-44c7-972e-b6a4372b808c&pf_rd_p=96b87dff-e11d-44c7-972e-b6a4372b808c&pf_rd_r=0AFEHW28M5QQ959AA9JM&pd_rd_wg=JGVrp&pd_rd_r=32fa10d4-b906-4f10-861a-418346d6e892&ref_=pd_gw_crs_zg_bs_468642" type></a>,
<a class="a-link-normal" href="/Nintendo-Switch-Neon-Blue-Joy%E2%80%91/dp/B07VGRJDFY/?_encoding=UTF8&pd_rd_w=IvuUF&content-id=amzn1.sym.96b87dff-e11d-44c7-972e-b6a4372b808c&pf_rd_p=96b87dff-e11d-44c7-972e-b6a4372b808c&pf_rd_r=0AFEHW28M5QQ959AA9JM&pd_rd_wg=JGVrp&pd_rd_r=32fa10d4-b906-4f10-861a-418346d6e892&ref_=pd_gw_crs_zg_bs_468642" type></a>,
<a class="a-link-normal" href="/Nintendo-Switch-OLED-Model-White-Joy/dp/B098RKWHHZ/?_encoding=UTF8&pd_rd_w=IvuUF&content-id=amzn1.sym.96b87dff-e11d-44c7-972e-b6a4372b808c&pf_rd_p=96b87dff-e11d-44c7-972e-b6a4372b808c&pf_rd_r=0AFEHW28M5QQ959AA9JM&pd_rd_wg=JGVrp&pd_rd_r=32fa10d4-b906-4f10-861a-418346d6e892&ref_=pd_gw_crs_zg_bs_468642" type></a>,
<a class="a-link-normal" href="/Mario-Kart-8-Deluxe-Nintendo-Switch/dp/B01N1037CV/?_encoding=UTF8&pd_rd_w=IvuUF&content-id=amzn1.sym.96b87dff-e11d-44c7-972e-b6a4372b808c&pf_rd_p=96b87dff-e11d-44c7-972e-b6a4372b808c&pf_rd_r=0AFEHW28M5QQ959AA9JM&pd_rd_wg=JGVrp&pd_rd_r=32fa10d4-b906-4f10-861a-418346d6e892&ref_=pd_gw_crs_zg_bs_468642" type displayed:false></a>,
<a class="a-link-normal" href="/Kirby-Forgotten-Land-Nintendo-Switch/dp/B09H221SH4/?_encoding=UTF8&pd_rd_w=IvuUF&content-id=amzn1.sym.96b87dff-e11d-44c7-972e-b6a4372b808c&pf_rd_p=96b87dff-e11d-44c7-972e-b6a4372b808c&pf_rd_r=0AFEHW28M5QQ959AA9JM&pd_rd_wg=JGVrp&pd_rd_r=32fa10d4-b906-4f10-861a-418346d6e892&ref_=pd_gw_crs_zg_bs_468642" type displayed:false></a>,
<a class="a-link-normal" href="/Sonic-Frontiers-Nintendo-Switch/dp/B0BB13V163/?_encoding=UTF8&pd_rd_w=IvuUF&content-id=amzn1.sym.96b87dff-e11d-44c7-972e-b6a4372b808c&pf_rd_p=96b87dff-e11d-44c7-972e-b6a4372b808c&pf_rd_r=0AFEHW28M5QQ959AA9JM&pd_rd_wg=JGVrp&pd_rd_r=32fa10d4-b906-4f10-861a-418346d6e892&ref_=pd_gw_crs_zg_bs_468642" type displayed:false></a>,
<a class="a-link-normal" href="/Super-Smash-Bros-Ultimate-Nintendo-Switch/dp/B01N5OKGLH/?_encoding=UTF8&pd_rd_w=IvuUF&content-id=amzn1.sym.96b87dff-e11d-44c7-972e-b6a4372b808c&pf_rd_p=96b87dff-e11d-44c7-972e-b6a4372b808c&pf_rd_r=0AFEHW28M5QQ959AA9JM&pd_rd_wg=JGVrp&pd_rd_r=32fa10d4-b906-4f10-861a-418346d6e892&ref_=pd_gw_crs_zg_bs_468642" type displayed:false></a>,
<a class="a-link-normal" href="/Console-Horizon-Forbidden-Bundle-PlayStation-5/dp/B0B16656Z2/?_encoding=UTF8&pd_rd_w=IvuUF&content-id=amzn1.sym.96b87dff-e11d-44c7-972e-b6a4372b808c&pf_rd_p=96b87dff-e11d-44c7-972e-b6a4372b808c&pf_rd_r=0AFEHW28M5QQ959AA9JM&pd_rd_wg=JGVrp&pd_rd_r=32fa10d4-b906-4f10-861a-418346d6e892&ref_=pd_gw_crs_zg_bs_468642" type displayed:false></a>,
<a class="a-link-normal" href="/Nintendo-Switch-Sports/dp/B09KRK6C82/?_encoding=UTF8&pd_rd_w=IvuUF&content-id=amzn1.sym.96b87dff-e11d-44c7-972e-b6a4372b808c&pf_rd_p=96b87dff-e11d-44c7-972e-b6a4372b808c&pf_rd_r=0AFEHW28M5QQ959AA9JM&pd_rd_wg=JGVrp&pd_rd_r=32fa10d4-b906-4f10-861a-418346d6e892&ref_=pd_gw_crs_zg_bs_468642" type displayed:false></a>,
<a class="a-link-normal" href="/Pokemon-Legends-Arceus-Nintendo-Switch/dp/B0914YGQSH/?_encoding=UTF8&pd_rd_w=IvuUF&content-id=amzn1.sym.96b87dff-e11d-44c7-972e-b6a4372b808c&pf_rd_p=96b87dff-e11d-44c7-972e-b6a4372b808c&pf_rd_r=0AFEHW28M5QQ959AA9JM&pd_rd_wg=JGVrp&pd_rd_r=32fa10d4-b906-4f10-861a-418346d6e892&ref_=pd_gw_crs_zg_bs_468642" type displayed:false></a>,
<a class="a-link-normal" href="/Robux-Roblox-Online-Game-Code/dp/B07RX6FBFR/?_encoding=UTF8&pd_rd_w=IvuUF&content-id=amzn1.sym.96b87dff-e11d-44c7-972e-b6a4372b808c&pf_rd_p=96b87dff-e11d-44c7-972e-b6a4372b808c&pf_rd_r=0AFEHW28M5QQ959AA9JM&pd_rd_wg=JGVrp&pd_rd_r=32fa10d4-b906-4f10-861a-418346d6e892&ref_=pd_gw_crs_zg_bs_468642" type displayed:false></a>,
<a class="a-link-normal" href="/Nintendo-eShop-Gift-Card/dp/B07ZJ6RY1W/?_encoding=UTF8&pd_rd_w=IvuUF&content-id=amzn1.sym.96b87dff-e11d-44c7-972e-b6a4372b808c&pf_rd_p=96b87dff-e11d-44c7-972e-b6a4372b808c&pf_rd_r=0AFEHW28M5QQ959AA9JM&pd_rd_wg=JGVrp&pd_rd_r=32fa10d4-b906-4f10-861a-418346d6e892&ref_=pd_gw_crs_zg_bs_468642" type displayed:false></a>,
<a class="a-link-normal" href="/Minecraft-Nintendo-Switch/dp/B07D13QGXM/?_encoding=UTF8&pd_rd_w=IvuUF&content-id=amzn1.sym.96b87dff-e11d-44c7-972e-b6a4372b808c&pf_rd_p=96b87dff-e11d-44c7-972e-b6a4372b808c&pf_rd_r=0AFEHW28M5QQ959AA9JM&pd_rd_wg=JGVrp&pd_rd_r=32fa10d4-b906-4f10-861a-418346d6e892&ref_=pd_gw_crs_zg_bs_468642" type displayed:false></a>,
<a class="a-link-normal" href="/Hogwarts-Legacy-Deluxe-Nintendo-Switch/dp/B0BBWMHT83/?_encoding=UTF8&pd_rd_w=IvuUF&content-id=amzn1.sym.96b87dff-e11d-44c7-972e-b6a4372b808c&pf_rd_p=96b87dff-e11d-44c7-972e-b6a4372b808c&pf_rd_r=0AFEHW28M5QQ959AA9JM&pd_rd_wg=JGVrp&pd_rd_r=32fa10d4-b906-4f10-861a-418346d6e892&ref_=pd_gw_crs_zg_bs_468642" type displayed:false></a>,
<a class="a-link-normal" href="/GeekShare-Silicone-Joystick-Compatible-Nintendo/dp/B09YM1RR2H/?_encoding=UTF8&pd_rd_w=IvuUF&content-id=amzn1.sym.96b87dff-e11d-44c7-972e-b6a4372b808c&pf_rd_p=96b87dff-e11d-44c7-972e-b6a4372b808c&pf_rd_r=0AFEHW28M5QQ959AA9JM&pd_rd_wg=JGVrp&pd_rd_r=32fa10d4-b906-4f10-861a-418346d6e892&ref_=pd_gw_crs_zg_bs_468642" type displayed:false></a>,
<a class="a-link-normal" href="/Typewriter-Mechanical-Bluetooth-Connection-Classical/dp/B08T9BHCJK/?_encoding=UTF8&pd_rd_w=IvuUF&content-id=amzn1.sym.96b87dff-e11d-44c7-972e-b6a4372b808c&pf_rd_p=96b87dff-e11d-44c7-972e-b6a4372b808c&pf_rd_r=0AFEHW28M5QQ959AA9JM&pd_rd_wg=JGVrp&pd_rd_r=32fa10d4-b906-4f10-861a-418346d6e892&ref_=pd_gw_crs_zg_bs_468642" type displayed:false></a>,
<a class="a-link-normal" href="/Animal-Crossing-New-Horizons-Nintendo-Switch/dp/B07SL6ZXBL/?_encoding=UTF8&pd_rd_w=IvuUF&content-id=amzn1.sym.96b87dff-e11d-44c7-972e-b6a4372b808c&pf_rd_p=96b87dff-e11d-44c7-972e-b6a4372b808c&pf_rd_r=0AFEHW28M5QQ959AA9JM&pd_rd_wg=JGVrp&pd_rd_r=32fa10d4-b906-4f10-861a-418346d6e892&ref_=pd_gw_crs_zg_bs_468642" type displayed:false></a>,
<a class="a-link-normal" href="/Octopath-Traveler-II-Nintendo-Switch/dp/B0BF66G8F9/?_encoding=UTF8&pd_rd_w=IvuUF&content-id=amzn1.sym.96b87dff-e11d-44c7-972e-b6a4372b808c&pf_rd_p=96b87dff-e11d-44c7-972e-b6a4372b808c&pf_rd_r=0AFEHW28M5QQ959AA9JM&pd_rd_wg=JGVrp&pd_rd_r=32fa10d4-b906-4f10-861a-418346d6e892&ref_=pd_gw_crs_zg_bs_468642" type displayed:false></a>,
<a class="a-link-normal" href="/PlayStation-Store-Gift-Variation-Parent/dp/B09H3W6SRV/?_encoding=UTF8&pd_rd_w=IvuUF&content-id=amzn1.sym.96b87dff-e11d-44c7-972e-b6a4372b808c&pf_rd_p=96b87dff-e11d-44c7-972e-b6a4372b808c&pf_rd_r=0AFEHW28M5QQ959AA9JM&pd_rd_wg=JGVrp&pd_rd_r=32fa10d4-b906-4f10-861a-418346d6e892&ref_=pd_gw_crs_zg_bs_468642" type displayed:false></a>,
<a class="a-link-normal" href="/Nintendo-Switch-Pro-Controller/dp/B01NAWKYZ0/?_encoding=UTF8&pd_rd_w=IvuUF&content-id=amzn1.sym.96b87dff-e11d-44c7-972e-b6a4372b808c&pf_rd_p=96b87dff-e11d-44c7-972e-b6a4372b808c&pf_rd_r=0AFEHW28M5QQ959AA9JM&pd_rd_wg=JGVrp&pd_rd_r=32fa10d4-b906-4f10-861a-418346d6e892&ref_=pd_gw_crs_zg_bs_468642" type displayed:false></a>,
<a class="a-link-normal" href="/Harvestella-Nintendo-Switch/dp/B0BB42DV8P/?_encoding=UTF8&pd_rd_w=IvuUF&content-id=amzn1.sym.96b87dff-e11d-44c7-972e-b6a4372b808c&pf_rd_p=96b87dff-e11d-44c7-972e-b6a4372b808c&pf_rd_r=0AFEHW28M5QQ959AA9JM&pd_rd_wg=JGVrp&pd_rd_r=32fa10d4-b906-4f10-861a-418346d6e892&ref_=pd_gw_crs_zg_bs_468642" type displayed:false></a>,
<a class="a-link-normal" href="/Robux-Roblox-Online-Game-Code/dp/B07RZ74VLR/?_encoding=UTF8&pd_rd_w=IvuUF&content-id=amzn1.sym.96b87dff-e11d-44c7-972e-b6a4372b808c&pf_rd_p=96b87dff-e11d-44c7-972e-b6a4372b808c&pf_rd_r=0AFEHW28M5QQ959AA9JM&pd_rd_wg=JGVrp&pd_rd_r=32fa10d4-b906-4f10-861a-418346d6e892&ref_=pd_gw_crs_zg_bs_468642" type displayed:false></a>,
<a class="a-link-normal" href="/Mario-Party-Superstars-Nintendo-Switch/dp/B097B2HQ5R/?_encoding=UTF8&pd_rd_w=IvuUF&content-id=amzn1.sym.96b87dff-e11d-44c7-972e-b6a4372b808c&pf_rd_p=96b87dff-e11d-44c7-972e-b6a4372b808c&pf_rd_r=0AFEHW28M5QQ959AA9JM&pd_rd_wg=JGVrp&pd_rd_r=32fa10d4-b906-4f10-861a-418346d6e892&ref_=pd_gw_crs_zg_bs_468642" type displayed:false></a>,
<a class="a-link-normal" href="/Teenage-Turtles-Cowabunga-Collection-Nintendo-Switch/dp/B09W39YNQV/?_encoding=UTF8&pd_rd_w=IvuUF&content-id=amzn1.sym.96b87dff-e11d-44c7-972e-b6a4372b808c&pf_rd_p=96b87dff-e11d-44c7-972e-b6a4372b808c&pf_rd_r=0AFEHW28M5QQ959AA9JM&pd_rd_wg=JGVrp&pd_rd_r=32fa10d4-b906-4f10-861a-418346d6e892&ref_=pd_gw_crs_zg_bs_468642" type displayed:false></a>,
<a class="a-link-normal" href="/Luigis-Mansion-3-Nintendo-Switch/dp/B07SK4W1VJ/?_encoding=UTF8&pd_rd_w=IvuUF&content-id=amzn1.sym.96b87dff-e11d-44c7-972e-b6a4372b808c&pf_rd_p=96b87dff-e11d-44c7-972e-b6a4372b808c&pf_rd_r=0AFEHW28M5QQ959AA9JM&pd_rd_wg=JGVrp&pd_rd_r=32fa10d4-b906-4f10-861a-418346d6e892&ref_=pd_gw_crs_zg_bs_468642" type displayed:false></a>,
<a aria-hidden="true" aria-label="Carousel previous slide" class="a-link-normal feed-carousel-control feed-left feed-control-disabled" href="#" tabindex="-1" type displayed:false></a>,
<a aria-hidden="true" aria-label="Carousel next slide" class="a-link-normal feed-carousel-control feed-right" href="#" tabindex="-1" type displayed:false></a>,
<a class="a-declarative" data-a-modal="{"url":"/af/feedback-form?pl=%7B%22adPlacementMetaData%22%3A%7B%22pageUrl%22%3A%22aHR0cHM6Ly93d3cuYW1hem9uLmNvbS8%2F%22%2C%22adElementId%22%3A%22ape_Gateway_right-7_desktop_placement%22%2C%22pageType%22%3A%22Gateway%22%2C%22slotName%22%3A%22right-7%22%7D%2C%22adCreativeMetaData%22%3A%7B%22adProgramId%22%3A1001%2C%22adCreativeId%22%3A17170625401%2C%22adNetwork%22%3A%22cs%22%2C%22adImpressionId%22%3A%22https%3A%2F%2Faax-us-iad.amazon.com%2Fe%2Fxsp%2Fimp%3Fb%3DRLW4oW5Pm4Z_B9Kp8kcRtCEAAAGDnIx8OAEAAAH0AQBOL0EgICAgICAgICAgICBOL0EgICAgICAgICAgICBu2AKv%22%2C%22adCreativeTemplateName%22%3A%22Image%22%2C%22adId%22%3A588458562152201700%7D%7D&daFlg=false&ie=UTF-8",     "name":"shared-placement-feedback-modal-right-7","header":"Leave feedback","width":"460"}" data-action="a-modal" tabindex="0" type>Sponsored</a>,
<a href="/gp/history" type displayed:false></a>,
<a aria-label="Back to top" href="#nav-top" id="navBackToTop" type>Back to top</a>,
<a class="nav_a" href="https://www.amazon.jobs" type>Careers</a>,
<a class="nav_a" href="https://email.aboutamazon.com/l/637851/2020-10-29/pd87g?Traffic_Source=Blog&Module=hat" type>Amazon Newsletter</a>,
<a class="nav_a" href="https://www.aboutamazon.com/?utm_source=gateway&utm_medium=footer&token=about" type>About Amazon</a>,
<a class="nav_a" href="https://sustainability.aboutamazon.com/?utm_source=gateway&utm_medium=footer&ref_=susty_footer" type>Sustainability</a>,
<a class="nav_a" href="https://www.amazon.com/pr" type>Press Center</a>,
<a class="nav_a" href="https://www.amazon.com/ir" type>Investor Relations</a>,
<a class="nav_a" href="/gp/browse.html?node=2102313011&ref_=footer_devices" type>Amazon Devices</a>,
<a class="nav_a" href="https://www.amazon.science" type>Amazon Science</a>,
<a class="nav_a" href="https://sell.amazon.com/?ld=AZFSSOA&ref_=footer_soa" type>Sell products on Amazon</a>,
<a class="nav_a" href="https://developer.amazon.com" type>Sell apps on Amazon</a>,
<a class="nav_a" href="https://supply.amazon.com" type>Supply to Amazon</a>,
<a class="nav_a" href="https://affiliate-program.amazon.com/" type>Become an Affiliate</a>,
<a class="nav_a" href="https://www.fountain.com/jobs/amazon-delivery-service-partner?utm_source=amazon.com&utm_medium=footer" type>Become a Delivery Driver</a>,
<a class="nav_a" href="https://logistics.amazon.com/marketing?utm_source=amzn&utm_medium=footer&utm_campaign=home" type>Start a package delivery business</a>,
<a class="nav_a" href="https://advertising.amazon.com/?ref=ext_amzn_ftr" type>Advertise Your Products</a>,
<a class="nav_a" href="/gp/seller-account/mm-summary-page.html?ld=AZFooterSelfPublish&topic=200260520&ref_=footer_publishing" type>Self-Publish with Us</a>,
<a class="nav_a" href="https://www.amazon.com/b/?node=13853235011" type>Host an Amazon Hub</a>,
<a class="nav_a" href="/b/?node=18190131011&ld=AZUSSOA-seemore&ref_=footer_seemore" type>See More Ways to Make Money</a>,
<a class="nav_a" href="/iss/credit/rewardscardmember?plattr=CBFOOT&ref_=footer_cbcc" type>Amazon Rewards Visa Signature Cards</a>,
<a class="nav_a" href="/credit/storecard/member?plattr=PLCCFOOT&ref_=footer_plcc" type>Amazon Store Card</a>,
<a class="nav_a" href="/gp/product/B084KP3NG6?plattr=SCFOOT&ref_=footer_ACB" type>Amazon Secured Card</a>,
<a class="nav_a" href="/dp/B07984JN3L?plattr=ACOMFO&ie=UTF-8" type>Amazon Business Card</a>,
<a class="nav_a" href="/gp/browse.html?node=16218619011&ref_=footer_swp" type>Shop with Points</a>,
<a class="nav_a" href="/gp/browse.html?node=3561432011&ref_=footer_ccmp" type>Credit Card Marketplace</a>,
<a class="nav_a" href="/gp/browse.html?node=10232440011&ref_=footer_reload_us" type>Reload Your Balance</a>,
<a class="nav_a" href="/gp/browse.html?node=388305011&ref_=footer_tfx" type>Amazon Currency Converter</a>,
<a class="nav_a" href="/gp/help/customer/display.html?nodeId=GDFU3JS5AL6SYHRD&ref_=footer_covid" type>Amazon and COVID-19</a>,
<a class="nav_a" href="https://www.amazon.com/gp/css/homepage.html?ref_=footer_ya" type>Your Account</a>,
<a class="nav_a" href="https://www.amazon.com/gp/css/order-history?ref_=footer_yo" type>Your Orders</a>,
<a class="nav_a" href="/gp/help/customer/display.html?nodeId=468520&ref_=footer_shiprates" type>Shipping Rates & Policies</a>,
<a class="nav_a" href="/gp/prime?ref_=footer_prime" type>Amazon Prime</a>,
<a class="nav_a" href="/gp/css/returns/homepage.html?ref_=footer_hy_f_4" type>Returns & Replacements</a>,
<a class="nav_a" href="/hz/mycd/myx?ref_=footer_myk" type>Manage Your Content and Devices</a>,
<a class="nav_a" href="https://www.amazon.com/your-product-safety-alerts?ref_=footer_bsx_ypsa" type>Your Recalls and Product Safety Alerts</a>,
<a class="nav_a" href="/gp/BIT/ref=footer_bit_v2_us_A0029?bitCampaignCode=A0029" type>Amazon Assistant</a>,
<a class="nav_a" href="/gp/help/customer/display.html?nodeId=508510&ref_=footer_gw_m_b_he" type>Help</a>,
<a href="/?ref_=footer_logo" type></a>,
<a class="icp-button" href="/customer-preferences/edit?ie=UTF8&preferencesReturnUrl=%2F&ref_=footer_lang" id="icp-touch-link-language" type>English</a>,
<a class="icp-button" href="/customer-preferences/country?ie=UTF8&preferencesReturnUrl=%2F&ref_=footer_icp_cp" id="icp-touch-link-country" type>United States</a>,
<a class="nav_a" href="https://music.amazon.com?ref=dm_aff_amz_com" type>Amazon Music
Stream millions
of songs</a>,
<a class="nav_a" href="https://advertising.amazon.com/?ref=footer_advtsing_amzn_com" type>Amazon Advertising
Find, attract, and
engage customers</a>,
<a class="nav_a" href="/gp/browse.html?node=15547130011&ref_=_us_footer_drive" type>Amazon Drive
Cloud storage
from Amazon</a>,
<a class="nav_a" href="https://www.6pm.com" type>6pm
Score deals
on fashion brands</a>,
<a class="nav_a" href="https://www.abebooks.com" type>AbeBooks
Books, art
& collectibles</a>,
<a class="nav_a" href="https://www.acx.com/" type>ACX
Audiobook Publishing
Made Easy</a>,
<a class="nav_a" href="https://www.alexa.com" type>Alexa
Actionable Analytics
for the Web</a>,
<a class="nav_a" href="https://sell.amazon.com/?ld=AZUSSOA-footer-aff&ref_=footer_sell" type>Sell on Amazon
Start a Selling Account</a>,
<a class="nav_a" href="/business?ref_=footer_retail_b2b" type>Amazon Business
Everything For
Your Business</a>,
<a class="nav_a" href="/alm/storefront?almBrandId=QW1hem9uIEZyZXNo&ref_=footer_aff_fresh" type>Amazon Fresh
Groceries & More
Right To Your Door</a>,
<a class="nav_a" href="/gp/browse.html?node=230659011&ref_=footer_amazonglobal" type>AmazonGlobal
Ship Orders
Internationally</a>,
<a class="nav_a" href="/services?ref_=footer_services" type>Home Services
Experienced Pros
Happiness Guarantee</a>,
<a class="nav_a" href="https://ignite.amazon.com/?ref=amazon_footer_ignite" type>Amazon Ignite
Sell your original
Digital Educational
Resources</a>,
<a class="nav_a" href="https://aws.amazon.com/what-is-cloud-computing/?sc_channel=EL&sc_campaign=amazonfooter" type>Amazon Web Services
Scalable Cloud
Computing Services</a>,
<a class="nav_a" href="https://www.audible.com" type>Audible
Listen to Books & Original
Audio Performances</a>,
<a class="nav_a" href="https://www.bookdepository.com" type>Book Depository
Books With Free
Delivery Worldwide</a>,
<a class="nav_a" href="https://www.boxofficemojo.com/?ref_=amzn_nav_ftr" type>Box Office Mojo
Find Movie
Box Office Data</a>,
<a class="nav_a" href="https://www.comixology.com" type>ComiXology
Thousands of
Digital Comics</a>,
<a class="nav_a" href="https://www.dpreview.com" type>DPReview
Digital
Photography</a>,
<a class="nav_a" href="https://www.fabric.com" type>Fabric
Sewing, Quilting
& Knitting</a>,
<a class="nav_a" href="https://www.goodreads.com" type>Goodreads
Book reviews
& recommendations</a>,
<a class="nav_a" href="https://www.imdb.com" type>IMDb
Movies, TV
& Celebrities</a>,
<a class="nav_a" href="https://pro.imdb.com?ref_=amzn_nav_ftr" type>IMDbPro
Get Info Entertainment
Professionals Need</a>,
<a class="nav_a" href="https://kdp.amazon.com" type>Kindle Direct Publishing
Indie Digital & Print Publishing
Made Easy</a>,
<a class="nav_a" href="/gp/browse.html?node=13234696011&ref_=_gno_p_foot" type>Amazon Photos
Unlimited Photo Storage
Free With Prime</a>,
<a class="nav_a" href="https://videodirect.amazon.com/home/landing" type>Prime Video Direct
Video Distribution
Made Easy</a>,
<a class="nav_a" href="https://www.shopbop.com/welcome" type>Shopbop
Designer
Fashion Brands</a>,
<a class="nav_a" href="/gp/browse.html?node=10158976011&ref_=footer_wrhsdls" type>Amazon Warehouse
Great Deals on
Quality Used Products</a>,
<a class="nav_a" href="https://www.wholefoodsmarket.com" type>Whole Foods Market
America’s Healthiest
Grocery Store</a>,
<a class="nav_a" href="https://www.woot.com/" type>Woot!
Deals and
Shenanigans</a>,
<a class="nav_a" href="https://www.zappos.com" type>Zappos
Shoes &
Clothing</a>,
<a class="nav_a" href="https://ring.com" type>Ring
Smart Home
Security Systems</a>,
<a class="nav_a" href="https://eero.com/" type>eero WiFi
Stream 4K Video
in Every Room</a>,
<a class="nav_a" href="https://blinkforhome.com/?ref=nav_footer" type>Blink
Smart Security
for Every Home</a>,
<a class="nav_a" href="https://shop.ring.com/pages/neighbors-app" type>Neighbors App
Real-Time Crime
& Safety Alerts</a>,
<a class="nav_a" href="/gp/browse.html?node=14498690011&ref_=amzn_nav_ftr_swa" type>Amazon Subscription Boxes
Top subscription boxes – right to your door</a>,
<a class="nav_a" href="https://www.pillpack.com" type>PillPack
Pharmacy Simplified</a>,
<a class="nav_a" href="/gp/browse.html?node=12653393011&ref_=footer_usrenew" type>Amazon Renewed
Like-new products
you can trust</a>,
<a class="nav_a" href="/gp/help/customer/display.html?nodeId=508088&ref_=footer_cou" type>Conditions of Use</a>,
<a class="nav_a" href="/gp/help/customer/display.html?nodeId=468496&ref_=footer_privacy" type>Privacy Notice</a>,
<a class="nav_a" href="/interestbasedads/ref=footer_iba" type>Interest-Based Ads</a>
]
Screenshot: file:/E:/march%20automation/selenium/ews%202022%20sep/SelenideSession/build/reports/tests/1664778881210.0.png
Page source: file:/E:/march%20automation/selenium/ews%202022%20sep/SelenideSession/build/reports/tests/1664778881210.0.html
Timeout: 4 s.
at com.codeborne.selenide.collections.SizeLessThan.fail(SizeLessThan.java:30)
at com.codeborne.selenide.ElementsCollection.waitUntil(ElementsCollection.java:221)
at com.codeborne.selenide.ElementsCollection.should(ElementsCollection.java:166)
at com.codeborne.selenide.ElementsCollection.shouldHave(ElementsCollection.java:128)
at org.tests.FindElementsConcept.elementsTest(FindElementsConcept.java:31)
at java.base/jdk.internal.reflect.NativeMethodAccessorImpl.invoke0(Native Method)
at java.base/jdk.internal.reflect.NativeMethodAccessorImpl.invoke(NativeMethodAccessorImpl.java:64)
at java.base/jdk.internal.reflect.DelegatingMethodAccessorImpl.invoke(DelegatingMethodAccessorImpl.java:43)
at java.base/java.lang.reflect.Method.invoke(Method.java:564)
at org.testng.internal.MethodInvocationHelper.invokeMethod(MethodInvocationHelper.java:124)
at org.testng.internal.Invoker.invokeMethod(Invoker.java:583)
at org.testng.internal.Invoker.invokeTestMethod(Invoker.java:719)
at org.testng.internal.Invoker.invokeTestMethods(Invoker.java:989)
at org.testng.internal.TestMethodWorker.invokeTestMethods(TestMethodWorker.java:125)
at org.testng.internal.TestMethodWorker.run(TestMethodWorker.java:109)
at org.testng.TestRunner.privateRun(TestRunner.java:648)
at org.testng.TestRunner.run(TestRunner.java:505)
at org.testng.SuiteRunner.runTest(SuiteRunner.java:455)
at org.testng.SuiteRunner.runSequentially(SuiteRunner.java:450)
at org.testng.SuiteRunner.privateRun(SuiteRunner.java:415)
at org.testng.SuiteRunner.run(SuiteRunner.java:364)
at org.testng.SuiteRunnerWorker.runSuite(SuiteRunnerWorker.java:52)
at org.testng.SuiteRunnerWorker.run(SuiteRunnerWorker.java:84)
at org.testng.TestNG.runSuitesSequentially(TestNG.java:1208)
at org.testng.TestNG.runSuitesLocally(TestNG.java:1137)
at org.testng.TestNG.runSuites(TestNG.java:1049)
at org.testng.TestNG.run(TestNG.java:1017)
at org.testng.remote.AbstractRemoteTestNG.run(AbstractRemoteTestNG.java:114)
at org.testng.remote.RemoteTestNG.initAndRun(RemoteTestNG.java:251)
at org.testng.remote.RemoteTestNG.main(RemoteTestNG.java:77)
]]>
    </failure>
  </testcase> <!-- elementsTest -->
</testsuite> <!-- org.tests.FindElementsConcept -->
