<?xml version="1.0" encoding="UTF-8"?>
<!-- Generated by org.testng.reporters.JUnitReportReporter -->
<testsuite hostname="PREM-OPTIMUS" failures="0" tests="1" name="org.tests.HandleFrame" time="17.329" errors="0" timestamp="03 Oct 2022 03:10:38 GMT" skipped="0">
  <testcase classname="org.tests.HandleFrame" name="frameTest" time="17.329"/>
</testsuite> <!-- org.tests.HandleFrame -->
