<?xml version="1.0" encoding="UTF-8"?>
<!-- Generated by org.testng.reporters.JUnitReportReporter -->
<testsuite hostname="PREM-OPTIMUS" failures="0" tests="1" name="org.tests.UserActions" time="6.207" errors="0" timestamp="03 Oct 2022 08:39:28 GMT" skipped="0">
  <testcase classname="org.tests.UserActions" name="rightClickTest" time="6.207"/>
</testsuite> <!-- org.tests.UserActions -->
