<?xml version="1.0" encoding="UTF-8"?>
<!-- Generated by org.testng.reporters.JUnitReportReporter -->
<testsuite hostname="PREM-OPTIMUS" failures="0" tests="1" name="org.tests.WebDriverRunnerTest" time="13.722" errors="0" timestamp="02 Oct 2022 14:29:46 GMT" skipped="0">
  <testcase classname="org.tests.WebDriverRunnerTest" name="myTest" time="13.722"/>
</testsuite> <!-- org.tests.WebDriverRunnerTest -->
